{"C:\\Users\\micmicha\\Documents\\FlashcardsProject\\FlashcardsFrontend\\i18n.ts": {"path":"C:\\Users\\micmicha\\Documents\\FlashcardsProject\\FlashcardsFrontend\\i18n.ts","all":true,"statementMap":{"0":{"start":{"line":1,"column":0},"end":{"line":1,"column":27}},"1":{"start":{"line":2,"column":0},"end":{"line":2,"column":49}},"3":{"start":{"line":4,"column":0},"end":{"line":4,"column":41}},"4":{"start":{"line":5,"column":0},"end":{"line":5,"column":41}},"5":{"start":{"line":6,"column":0},"end":{"line":6,"column":41}},"7":{"start":{"line":8,"column":0},"end":{"line":8,"column":18}},"8":{"start":{"line":9,"column":0},"end":{"line":9,"column":1}},"9":{"start":{"line":10,"column":0},"end":{"line":10,"column":6}},"10":{"start":{"line":11,"column":0},"end":{"line":11,"column":3}},"11":{"start":{"line":12,"column":0},"end":{"line":12,"column":19}},"12":{"start":{"line":13,"column":0},"end":{"line":13,"column":4}},"13":{"start":{"line":14,"column":0},"end":{"line":14,"column":6}},"14":{"start":{"line":15,"column":0},"end":{"line":15,"column":3}},"15":{"start":{"line":16,"column":0},"end":{"line":16,"column":19}},"16":{"start":{"line":17,"column":0},"end":{"line":17,"column":8}},"17":{"start":{"line":18,"column":0},"end":{"line":18,"column":6}},"18":{"start":{"line":19,"column":0},"end":{"line":19,"column":3}},"19":{"start":{"line":20,"column":0},"end":{"line":20,"column":19}},"20":{"start":{"line":21,"column":0},"end":{"line":21,"column":3}},"21":{"start":{"line":22,"column":0},"end":{"line":22,"column":2}},"23":{"start":{"line":24,"column":0},"end":{"line":24,"column":4}},"24":{"start":{"line":25,"column":0},"end":{"line":25,"column":24}},"25":{"start":{"line":26,"column":0},"end":{"line":26,"column":9}},"26":{"start":{"line":27,"column":0},"end":{"line":27,"column":14}},"27":{"start":{"line":28,"column":0},"end":{"line":28,"column":58}},"28":{"start":{"line":29,"column":0},"end":{"line":29,"column":22}},"29":{"start":{"line":30,"column":0},"end":{"line":30,"column":19}},"30":{"start":{"line":31,"column":0},"end":{"line":31,"column":5}},"31":{"start":{"line":32,"column":0},"end":{"line":32,"column":24}},"32":{"start":{"line":33,"column":0},"end":{"line":33,"column":5}},"33":{"start":{"line":34,"column":0},"end":{"line":34,"column":5}},"35":{"start":{"line":36,"column":0},"end":{"line":36,"column":20}}},"s":{"0":0,"1":0,"3":0,"4":0,"5":0,"7":0,"8":0,"9":0,"10":0,"11":0,"12":0,"13":0,"14":0,"15":0,"16":0,"17":0,"18":0,"19":0,"20":0,"21":0,"23":0,"24":0,"25":0,"26":0,"27":0,"28":0,"29":0,"30":0,"31":0,"32":0,"33":0,"35":0},"branchMap":{"0":{"type":"branch","line":1,"loc":{"start":{"line":1,"column":598},"end":{"line":36,"column":20}},"locations":[{"start":{"line":1,"column":598},"end":{"line":36,"column":20}}]}},"b":{"0":[0]},"fnMap":{"0":{"name":"(empty-report)","decl":{"start":{"line":1,"column":598},"end":{"line":36,"column":20}},"loc":{"start":{"line":1,"column":598},"end":{"line":36,"column":20}},"line":1}},"f":{"0":0}}
,"C:\\Users\\micmicha\\Documents\\FlashcardsProject\\FlashcardsFrontend\\src\\App.tsx": {"path":"C:\\Users\\micmicha\\Documents\\FlashcardsProject\\FlashcardsFrontend\\src\\App.tsx","all":true,"statementMap":{"1":{"start":{"line":2,"column":0},"end":{"line":2,"column":72}},"3":{"start":{"line":4,"column":0},"end":{"line":4,"column":62}},"4":{"start":{"line":5,"column":0},"end":{"line":5,"column":67}},"5":{"start":{"line":6,"column":0},"end":{"line":6,"column":61}},"6":{"start":{"line":7,"column":0},"end":{"line":7,"column":53}},"7":{"start":{"line":8,"column":0},"end":{"line":8,"column":64}},"8":{"start":{"line":9,"column":0},"end":{"line":9,"column":51}},"9":{"start":{"line":10,"column":0},"end":{"line":10,"column":67}},"11":{"start":{"line":12,"column":0},"end":{"line":12,"column":29}},"12":{"start":{"line":13,"column":0},"end":{"line":13,"column":1}},"13":{"start":{"line":14,"column":0},"end":{"line":14,"column":12}},"14":{"start":{"line":15,"column":0},"end":{"line":15,"column":23}},"15":{"start":{"line":16,"column":0},"end":{"line":16,"column":20}},"17":{"start":{"line":18,"column":0},"end":{"line":18,"column":82}},"18":{"start":{"line":19,"column":0},"end":{"line":19,"column":59}},"19":{"start":{"line":20,"column":0},"end":{"line":20,"column":65}},"22":{"start":{"line":23,"column":0},"end":{"line":23,"column":67}},"23":{"start":{"line":24,"column":0},"end":{"line":24,"column":69}},"24":{"start":{"line":25,"column":0},"end":{"line":25,"column":69}},"25":{"start":{"line":26,"column":0},"end":{"line":26,"column":67}},"26":{"start":{"line":27,"column":0},"end":{"line":27,"column":87}},"27":{"start":{"line":28,"column":0},"end":{"line":28,"column":21}},"28":{"start":{"line":29,"column":0},"end":{"line":29,"column":24}},"30":{"start":{"line":31,"column":0},"end":{"line":31,"column":1}}},"s":{"1":0,"3":0,"4":0,"5":0,"6":0,"7":0,"8":0,"9":0,"11":0,"12":0,"13":0,"14":0,"15":0,"17":0,"18":0,"19":0,"22":0,"23":0,"24":0,"25":0,"26":0,"27":0,"28":0,"30":0},"branchMap":{"0":{"type":"branch","line":1,"loc":{"start":{"line":1,"column":1372},"end":{"line":31,"column":1}},"locations":[{"start":{"line":1,"column":1372},"end":{"line":31,"column":1}}]}},"b":{"0":[1]},"fnMap":{"0":{"name":"(empty-report)","decl":{"start":{"line":1,"column":1372},"end":{"line":31,"column":1}},"loc":{"start":{"line":1,"column":1372},"end":{"line":31,"column":1}},"line":1}},"f":{"0":1}}
,"C:\\Users\\micmicha\\Documents\\FlashcardsProject\\FlashcardsFrontend\\src\\main.tsx": {"path":"C:\\Users\\micmicha\\Documents\\FlashcardsProject\\FlashcardsFrontend\\src\\main.tsx","all":true,"statementMap":{"0":{"start":{"line":1,"column":0},"end":{"line":1,"column":34}},"1":{"start":{"line":2,"column":0},"end":{"line":2,"column":45}},"2":{"start":{"line":3,"column":0},"end":{"line":3,"column":20}},"3":{"start":{"line":4,"column":0},"end":{"line":4,"column":27}},"4":{"start":{"line":5,"column":0},"end":{"line":5,"column":19}},"6":{"start":{"line":7,"column":0},"end":{"line":7,"column":52}},"7":{"start":{"line":8,"column":0},"end":{"line":8,"column":14}},"8":{"start":{"line":9,"column":0},"end":{"line":9,"column":11}},"9":{"start":{"line":10,"column":0},"end":{"line":10,"column":16}},"10":{"start":{"line":11,"column":0},"end":{"line":11,"column":1}}},"s":{"0":0,"1":0,"2":0,"3":0,"4":0,"6":0,"7":0,"8":0,"9":0,"10":0},"branchMap":{"0":{"type":"branch","line":1,"loc":{"start":{"line":1,"column":231},"end":{"line":11,"column":-177}},"locations":[{"start":{"line":1,"column":231},"end":{"line":11,"column":-177}}]}},"b":{"0":[0]},"fnMap":{"0":{"name":"(empty-report)","decl":{"start":{"line":1,"column":231},"end":{"line":11,"column":-177}},"loc":{"start":{"line":1,"column":231},"end":{"line":11,"column":-177}},"line":1}},"f":{"0":0}}
,"C:\\Users\\micmicha\\Documents\\FlashcardsProject\\FlashcardsFrontend\\src\\components\\FlashcardLearning.tsx": {"path":"C:\\Users\\micmicha\\Documents\\FlashcardsProject\\FlashcardsFrontend\\src\\components\\FlashcardLearning.tsx","all":false,"statementMap":{"0":{"start":{"line":1,"column":0},"end":{"line":1,"column":30}},"1":{"start":{"line":2,"column":0},"end":{"line":2,"column":59}},"2":{"start":{"line":3,"column":0},"end":{"line":3,"column":51}},"3":{"start":{"line":4,"column":0},"end":{"line":4,"column":70}},"4":{"start":{"line":5,"column":0},"end":{"line":5,"column":75}},"6":{"start":{"line":7,"column":0},"end":{"line":7,"column":47}},"8":{"start":{"line":9,"column":0},"end":{"line":9,"column":43}},"9":{"start":{"line":10,"column":0},"end":{"line":10,"column":1}},"10":{"start":{"line":11,"column":0},"end":{"line":11,"column":35}},"12":{"start":{"line":13,"column":0},"end":{"line":13,"column":66}},"13":{"start":{"line":14,"column":0},"end":{"line":14,"column":82}},"14":{"start":{"line":15,"column":0},"end":{"line":15,"column":81}},"15":{"start":{"line":16,"column":0},"end":{"line":16,"column":53}},"16":{"start":{"line":17,"column":0},"end":{"line":17,"column":45}},"17":{"start":{"line":18,"column":0},"end":{"line":18,"column":35}},"19":{"start":{"line":20,"column":0},"end":{"line":20,"column":40}},"20":{"start":{"line":21,"column":0},"end":{"line":21,"column":56}},"22":{"start":{"line":23,"column":0},"end":{"line":23,"column":46}},"23":{"start":{"line":24,"column":0},"end":{"line":24,"column":50}},"24":{"start":{"line":25,"column":0},"end":{"line":25,"column":49}},"27":{"start":{"line":28,"column":0},"end":{"line":28,"column":20}},"28":{"start":{"line":29,"column":0},"end":{"line":29,"column":5}},"29":{"start":{"line":30,"column":0},"end":{"line":30,"column":52}},"30":{"start":{"line":31,"column":0},"end":{"line":31,"column":20}},"31":{"start":{"line":32,"column":0},"end":{"line":32,"column":9}},"32":{"start":{"line":33,"column":0},"end":{"line":33,"column":50}},"33":{"start":{"line":34,"column":0},"end":{"line":34,"column":19}},"34":{"start":{"line":35,"column":0},"end":{"line":35,"column":9}},"35":{"start":{"line":36,"column":0},"end":{"line":36,"column":19}},"38":{"start":{"line":39,"column":0},"end":{"line":39,"column":20}},"39":{"start":{"line":40,"column":0},"end":{"line":40,"column":5}},"40":{"start":{"line":41,"column":0},"end":{"line":41,"column":27}},"41":{"start":{"line":42,"column":0},"end":{"line":42,"column":9}},"42":{"start":{"line":43,"column":0},"end":{"line":43,"column":29}},"43":{"start":{"line":44,"column":0},"end":{"line":44,"column":56}},"45":{"start":{"line":46,"column":0},"end":{"line":46,"column":59}},"46":{"start":{"line":47,"column":0},"end":{"line":47,"column":13}},"47":{"start":{"line":48,"column":0},"end":{"line":48,"column":25}},"48":{"start":{"line":49,"column":0},"end":{"line":49,"column":17}},"49":{"start":{"line":50,"column":0},"end":{"line":50,"column":52}},"50":{"start":{"line":51,"column":0},"end":{"line":51,"column":17}},"51":{"start":{"line":52,"column":0},"end":{"line":52,"column":14}},"52":{"start":{"line":53,"column":0},"end":{"line":53,"column":29}},"53":{"start":{"line":54,"column":0},"end":{"line":54,"column":17}},"54":{"start":{"line":55,"column":0},"end":{"line":55,"column":33}},"55":{"start":{"line":56,"column":0},"end":{"line":56,"column":21}},"56":{"start":{"line":57,"column":0},"end":{"line":57,"column":77}},"57":{"start":{"line":58,"column":0},"end":{"line":58,"column":21}},"58":{"start":{"line":59,"column":0},"end":{"line":59,"column":38}},"59":{"start":{"line":60,"column":0},"end":{"line":60,"column":18}},"60":{"start":{"line":61,"column":0},"end":{"line":61,"column":30}},"61":{"start":{"line":62,"column":0},"end":{"line":62,"column":17}},"62":{"start":{"line":63,"column":0},"end":{"line":63,"column":46}},"63":{"start":{"line":64,"column":0},"end":{"line":64,"column":38}},"64":{"start":{"line":65,"column":0},"end":{"line":65,"column":18}},"65":{"start":{"line":66,"column":0},"end":{"line":66,"column":32}},"66":{"start":{"line":67,"column":0},"end":{"line":67,"column":17}},"67":{"start":{"line":68,"column":0},"end":{"line":68,"column":57}},"68":{"start":{"line":69,"column":0},"end":{"line":69,"column":38}},"69":{"start":{"line":70,"column":0},"end":{"line":70,"column":38}},"70":{"start":{"line":71,"column":0},"end":{"line":71,"column":19}},"71":{"start":{"line":72,"column":0},"end":{"line":72,"column":16}},"72":{"start":{"line":73,"column":0},"end":{"line":73,"column":30}},"73":{"start":{"line":74,"column":0},"end":{"line":74,"column":9}},"74":{"start":{"line":75,"column":0},"end":{"line":75,"column":24}},"77":{"start":{"line":78,"column":0},"end":{"line":78,"column":20}},"78":{"start":{"line":79,"column":0},"end":{"line":79,"column":5}},"79":{"start":{"line":80,"column":0},"end":{"line":80,"column":35}},"80":{"start":{"line":81,"column":0},"end":{"line":81,"column":9}},"81":{"start":{"line":82,"column":0},"end":{"line":82,"column":27}},"82":{"start":{"line":83,"column":0},"end":{"line":83,"column":41}},"83":{"start":{"line":84,"column":0},"end":{"line":84,"column":13}},"85":{"start":{"line":86,"column":0},"end":{"line":86,"column":68}},"86":{"start":{"line":87,"column":0},"end":{"line":87,"column":20}},"88":{"start":{"line":89,"column":0},"end":{"line":89,"column":40}},"89":{"start":{"line":90,"column":0},"end":{"line":90,"column":13}},"92":{"start":{"line":93,"column":0},"end":{"line":93,"column":59}},"94":{"start":{"line":95,"column":0},"end":{"line":95,"column":49}},"95":{"start":{"line":96,"column":0},"end":{"line":96,"column":49}},"96":{"start":{"line":97,"column":0},"end":{"line":97,"column":26}},"97":{"start":{"line":98,"column":0},"end":{"line":98,"column":30}},"98":{"start":{"line":99,"column":0},"end":{"line":99,"column":9}},"99":{"start":{"line":100,"column":0},"end":{"line":100,"column":39}},"102":{"start":{"line":103,"column":0},"end":{"line":103,"column":75}},"103":{"start":{"line":104,"column":0},"end":{"line":104,"column":5}},"104":{"start":{"line":105,"column":0},"end":{"line":105,"column":29}},"105":{"start":{"line":106,"column":0},"end":{"line":106,"column":50}},"106":{"start":{"line":107,"column":0},"end":{"line":107,"column":52}},"107":{"start":{"line":108,"column":0},"end":{"line":108,"column":6}},"110":{"start":{"line":111,"column":0},"end":{"line":111,"column":50}},"111":{"start":{"line":112,"column":0},"end":{"line":112,"column":5}},"112":{"start":{"line":113,"column":0},"end":{"line":113,"column":55}},"113":{"start":{"line":114,"column":0},"end":{"line":114,"column":9}},"115":{"start":{"line":116,"column":0},"end":{"line":116,"column":40}},"116":{"start":{"line":117,"column":0},"end":{"line":117,"column":41}},"117":{"start":{"line":118,"column":0},"end":{"line":118,"column":40}},"118":{"start":{"line":119,"column":0},"end":{"line":119,"column":40}},"119":{"start":{"line":120,"column":0},"end":{"line":120,"column":10}},"120":{"start":{"line":121,"column":0},"end":{"line":121,"column":49}},"121":{"start":{"line":122,"column":0},"end":{"line":122,"column":6}},"124":{"start":{"line":125,"column":0},"end":{"line":125,"column":50}},"125":{"start":{"line":126,"column":0},"end":{"line":126,"column":5}},"126":{"start":{"line":127,"column":0},"end":{"line":127,"column":36}},"127":{"start":{"line":128,"column":0},"end":{"line":128,"column":54}},"128":{"start":{"line":129,"column":0},"end":{"line":129,"column":9}},"129":{"start":{"line":130,"column":0},"end":{"line":130,"column":58}},"130":{"start":{"line":131,"column":0},"end":{"line":131,"column":68}},"131":{"start":{"line":132,"column":0},"end":{"line":132,"column":9}},"132":{"start":{"line":133,"column":0},"end":{"line":133,"column":24}},"133":{"start":{"line":134,"column":0},"end":{"line":134,"column":6}},"136":{"start":{"line":137,"column":0},"end":{"line":137,"column":55}},"137":{"start":{"line":138,"column":0},"end":{"line":138,"column":5}},"138":{"start":{"line":139,"column":0},"end":{"line":139,"column":28}},"139":{"start":{"line":140,"column":0},"end":{"line":140,"column":51}},"141":{"start":{"line":142,"column":0},"end":{"line":142,"column":55}},"142":{"start":{"line":143,"column":0},"end":{"line":143,"column":62}},"143":{"start":{"line":144,"column":0},"end":{"line":144,"column":51}},"145":{"start":{"line":146,"column":0},"end":{"line":146,"column":52}},"147":{"start":{"line":148,"column":0},"end":{"line":148,"column":79}},"148":{"start":{"line":149,"column":0},"end":{"line":149,"column":9}},"149":{"start":{"line":150,"column":0},"end":{"line":150,"column":28}},"150":{"start":{"line":151,"column":0},"end":{"line":151,"column":21}},"151":{"start":{"line":152,"column":0},"end":{"line":152,"column":14}},"152":{"start":{"line":153,"column":0},"end":{"line":153,"column":51}},"153":{"start":{"line":154,"column":0},"end":{"line":154,"column":49}},"154":{"start":{"line":155,"column":0},"end":{"line":155,"column":14}},"155":{"start":{"line":156,"column":0},"end":{"line":156,"column":60}},"156":{"start":{"line":157,"column":0},"end":{"line":157,"column":10}},"157":{"start":{"line":158,"column":0},"end":{"line":158,"column":21}},"158":{"start":{"line":159,"column":0},"end":{"line":159,"column":9}},"159":{"start":{"line":160,"column":0},"end":{"line":160,"column":25}},"160":{"start":{"line":161,"column":0},"end":{"line":161,"column":13}},"161":{"start":{"line":162,"column":0},"end":{"line":162,"column":69}},"162":{"start":{"line":163,"column":0},"end":{"line":163,"column":13}},"163":{"start":{"line":164,"column":0},"end":{"line":164,"column":30}},"164":{"start":{"line":165,"column":0},"end":{"line":165,"column":10}},"165":{"start":{"line":166,"column":0},"end":{"line":166,"column":29}},"166":{"start":{"line":167,"column":0},"end":{"line":167,"column":9}},"168":{"start":{"line":169,"column":0},"end":{"line":169,"column":54}},"169":{"start":{"line":170,"column":0},"end":{"line":170,"column":99}},"170":{"start":{"line":171,"column":0},"end":{"line":171,"column":38}},"171":{"start":{"line":172,"column":0},"end":{"line":172,"column":13}},"172":{"start":{"line":173,"column":0},"end":{"line":173,"column":64}},"173":{"start":{"line":174,"column":0},"end":{"line":174,"column":49}},"174":{"start":{"line":175,"column":0},"end":{"line":175,"column":13}},"177":{"start":{"line":178,"column":0},"end":{"line":178,"column":63}},"178":{"start":{"line":179,"column":0},"end":{"line":179,"column":55}},"179":{"start":{"line":180,"column":0},"end":{"line":180,"column":54}},"182":{"start":{"line":183,"column":0},"end":{"line":183,"column":60}},"183":{"start":{"line":184,"column":0},"end":{"line":184,"column":51}},"184":{"start":{"line":185,"column":0},"end":{"line":185,"column":51}},"185":{"start":{"line":186,"column":0},"end":{"line":186,"column":10}},"186":{"start":{"line":187,"column":0},"end":{"line":187,"column":24}},"187":{"start":{"line":188,"column":0},"end":{"line":188,"column":9}},"188":{"start":{"line":189,"column":0},"end":{"line":189,"column":65}},"189":{"start":{"line":190,"column":0},"end":{"line":190,"column":70}},"190":{"start":{"line":191,"column":0},"end":{"line":191,"column":11}},"191":{"start":{"line":192,"column":0},"end":{"line":192,"column":6}},"194":{"start":{"line":195,"column":0},"end":{"line":195,"column":58}},"195":{"start":{"line":196,"column":0},"end":{"line":196,"column":5}},"196":{"start":{"line":197,"column":0},"end":{"line":197,"column":56}},"198":{"start":{"line":199,"column":0},"end":{"line":199,"column":55}},"199":{"start":{"line":200,"column":0},"end":{"line":200,"column":89}},"200":{"start":{"line":201,"column":0},"end":{"line":201,"column":95}},"202":{"start":{"line":203,"column":0},"end":{"line":203,"column":16}},"203":{"start":{"line":204,"column":0},"end":{"line":204,"column":14}},"204":{"start":{"line":205,"column":0},"end":{"line":205,"column":56}},"205":{"start":{"line":206,"column":0},"end":{"line":206,"column":41}},"207":{"start":{"line":208,"column":0},"end":{"line":208,"column":104}},"209":{"start":{"line":210,"column":0},"end":{"line":210,"column":105}},"211":{"start":{"line":212,"column":0},"end":{"line":212,"column":22}},"212":{"start":{"line":213,"column":0},"end":{"line":213,"column":85}},"213":{"start":{"line":214,"column":0},"end":{"line":214,"column":67}},"214":{"start":{"line":215,"column":0},"end":{"line":215,"column":56}},"215":{"start":{"line":216,"column":0},"end":{"line":216,"column":22}},"216":{"start":{"line":217,"column":0},"end":{"line":217,"column":15}},"218":{"start":{"line":219,"column":0},"end":{"line":219,"column":6}},"221":{"start":{"line":222,"column":0},"end":{"line":222,"column":32}},"222":{"start":{"line":223,"column":0},"end":{"line":223,"column":5}},"223":{"start":{"line":224,"column":0},"end":{"line":224,"column":56}},"225":{"start":{"line":226,"column":0},"end":{"line":226,"column":55}},"226":{"start":{"line":227,"column":0},"end":{"line":227,"column":51}},"228":{"start":{"line":229,"column":0},"end":{"line":229,"column":16}},"229":{"start":{"line":230,"column":0},"end":{"line":230,"column":54}},"230":{"start":{"line":231,"column":0},"end":{"line":231,"column":24}},"231":{"start":{"line":232,"column":0},"end":{"line":232,"column":89}},"232":{"start":{"line":233,"column":0},"end":{"line":233,"column":47}},"233":{"start":{"line":234,"column":0},"end":{"line":234,"column":78}},"235":{"start":{"line":236,"column":0},"end":{"line":236,"column":77}},"236":{"start":{"line":237,"column":0},"end":{"line":237,"column":25}},"237":{"start":{"line":238,"column":0},"end":{"line":238,"column":18}},"239":{"start":{"line":240,"column":0},"end":{"line":240,"column":6}},"241":{"start":{"line":242,"column":0},"end":{"line":242,"column":17}},"242":{"start":{"line":243,"column":0},"end":{"line":243,"column":5}},"243":{"start":{"line":244,"column":0},"end":{"line":244,"column":16}},"244":{"start":{"line":245,"column":0},"end":{"line":245,"column":14}},"245":{"start":{"line":246,"column":0},"end":{"line":246,"column":26}},"246":{"start":{"line":247,"column":0},"end":{"line":247,"column":87}},"247":{"start":{"line":248,"column":0},"end":{"line":248,"column":62}},"248":{"start":{"line":249,"column":0},"end":{"line":249,"column":22}},"249":{"start":{"line":250,"column":0},"end":{"line":250,"column":15}},"251":{"start":{"line":252,"column":0},"end":{"line":252,"column":5}},"253":{"start":{"line":254,"column":0},"end":{"line":254,"column":52}},"254":{"start":{"line":255,"column":0},"end":{"line":255,"column":5}},"255":{"start":{"line":256,"column":0},"end":{"line":256,"column":48}},"256":{"start":{"line":257,"column":0},"end":{"line":257,"column":116}},"257":{"start":{"line":258,"column":0},"end":{"line":258,"column":114}},"259":{"start":{"line":260,"column":0},"end":{"line":260,"column":16}},"260":{"start":{"line":261,"column":0},"end":{"line":261,"column":14}},"261":{"start":{"line":262,"column":0},"end":{"line":262,"column":26}},"262":{"start":{"line":263,"column":0},"end":{"line":263,"column":50}},"263":{"start":{"line":264,"column":0},"end":{"line":264,"column":135}},"264":{"start":{"line":265,"column":0},"end":{"line":265,"column":106}},"265":{"start":{"line":266,"column":0},"end":{"line":266,"column":29}},"266":{"start":{"line":267,"column":0},"end":{"line":267,"column":22}},"267":{"start":{"line":268,"column":0},"end":{"line":268,"column":15}},"269":{"start":{"line":270,"column":0},"end":{"line":270,"column":5}},"271":{"start":{"line":272,"column":0},"end":{"line":272,"column":12}},"272":{"start":{"line":273,"column":0},"end":{"line":273,"column":10}},"273":{"start":{"line":274,"column":0},"end":{"line":274,"column":22}},"274":{"start":{"line":275,"column":0},"end":{"line":275,"column":46}},"275":{"start":{"line":276,"column":0},"end":{"line":276,"column":33}},"276":{"start":{"line":277,"column":0},"end":{"line":277,"column":37}},"277":{"start":{"line":278,"column":0},"end":{"line":278,"column":52}},"278":{"start":{"line":279,"column":0},"end":{"line":279,"column":37}},"279":{"start":{"line":280,"column":0},"end":{"line":280,"column":68}},"280":{"start":{"line":281,"column":0},"end":{"line":281,"column":43}},"281":{"start":{"line":282,"column":0},"end":{"line":282,"column":43}},"282":{"start":{"line":283,"column":0},"end":{"line":283,"column":57}},"283":{"start":{"line":284,"column":0},"end":{"line":284,"column":49}},"284":{"start":{"line":285,"column":0},"end":{"line":285,"column":18}},"285":{"start":{"line":286,"column":0},"end":{"line":286,"column":18}},"286":{"start":{"line":287,"column":0},"end":{"line":287,"column":87}},"287":{"start":{"line":288,"column":0},"end":{"line":288,"column":167}},"288":{"start":{"line":289,"column":0},"end":{"line":289,"column":18}},"289":{"start":{"line":290,"column":0},"end":{"line":290,"column":11}},"291":{"start":{"line":292,"column":0},"end":{"line":292,"column":1}}},"s":{"0":1,"1":1,"2":1,"3":1,"4":1,"6":1,"8":119,"9":119,"10":119,"12":119,"13":119,"14":119,"15":119,"16":119,"17":119,"19":119,"20":119,"22":119,"23":119,"24":119,"27":119,"28":44,"29":44,"30":44,"31":44,"32":1,"33":1,"34":1,"35":119,"38":119,"39":44,"40":44,"41":44,"42":43,"43":43,"45":43,"46":43,"47":43,"48":43,"49":43,"50":43,"51":43,"52":43,"53":40,"54":40,"55":40,"56":1,"57":1,"58":39,"59":43,"60":43,"61":39,"62":39,"63":39,"64":43,"65":43,"66":2,"67":2,"68":2,"69":2,"70":43,"71":44,"72":1,"73":1,"74":119,"77":119,"78":75,"79":75,"80":75,"81":31,"82":31,"83":31,"85":2,"86":31,"88":29,"89":29,"92":31,"94":31,"95":31,"96":31,"97":31,"98":31,"99":119,"102":119,"103":34,"104":34,"105":34,"106":2,"107":34,"110":119,"111":34,"112":34,"113":34,"115":34,"116":34,"117":34,"118":34,"119":34,"120":34,"121":34,"124":119,"125":31,"126":31,"127":31,"128":31,"129":33,"130":33,"131":33,"132":31,"133":31,"136":119,"137":4,"138":4,"139":4,"141":4,"142":4,"143":4,"145":4,"147":4,"148":4,"149":4,"150":4,"151":4,"152":4,"153":4,"154":4,"155":4,"156":4,"157":4,"158":3,"159":3,"160":3,"161":1,"162":1,"163":2,"164":4,"165":4,"166":2,"168":2,"169":2,"170":2,"171":2,"172":1,"173":1,"174":1,"177":2,"178":2,"179":2,"182":2,"183":2,"184":2,"185":4,"186":4,"187":2,"188":2,"189":2,"190":4,"191":4,"194":119,"195":34,"196":34,"198":34,"199":34,"200":34,"202":34,"203":34,"204":34,"205":34,"207":8,"209":26,"211":34,"212":34,"213":34,"214":34,"215":34,"216":34,"218":34,"221":119,"222":34,"223":34,"225":34,"226":34,"228":34,"229":34,"230":34,"231":34,"232":34,"233":34,"235":34,"236":34,"237":34,"239":34,"241":119,"242":119,"243":44,"244":44,"245":44,"246":44,"247":44,"248":44,"249":44,"251":44,"253":119,"254":119,"255":41,"256":3,"257":38,"259":41,"260":41,"261":41,"262":41,"263":41,"264":41,"265":41,"266":41,"267":41,"269":41,"271":34,"272":34,"273":34,"274":34,"275":34,"276":34,"277":34,"278":34,"279":34,"280":34,"281":34,"282":34,"283":34,"284":34,"285":34,"286":34,"287":119,"288":119,"289":119,"291":119},"branchMap":{"0":{"type":"branch","line":9,"loc":{"start":{"line":9,"column":0},"end":{"line":292,"column":1}},"locations":[{"start":{"line":9,"column":0},"end":{"line":292,"column":1}}]},"1":{"type":"branch","line":20,"loc":{"start":{"line":20,"column":26},"end":{"line":20,"column":40}},"locations":[{"start":{"line":20,"column":26},"end":{"line":20,"column":40}}]},"2":{"type":"branch","line":21,"loc":{"start":{"line":21,"column":45},"end":{"line":21,"column":56}},"locations":[{"start":{"line":21,"column":45},"end":{"line":21,"column":56}}]},"3":{"type":"branch","line":243,"loc":{"start":{"line":243,"column":4},"end":{"line":252,"column":5}},"locations":[{"start":{"line":243,"column":4},"end":{"line":252,"column":5}}]},"4":{"type":"branch","line":252,"loc":{"start":{"line":252,"column":4},"end":{"line":254,"column":42}},"locations":[{"start":{"line":252,"column":4},"end":{"line":254,"column":42}}]},"5":{"type":"branch","line":254,"loc":{"start":{"line":254,"column":37},"end":{"line":254,"column":52}},"locations":[{"start":{"line":254,"column":37},"end":{"line":254,"column":52}}]},"6":{"type":"branch","line":255,"loc":{"start":{"line":255,"column":4},"end":{"line":270,"column":5}},"locations":[{"start":{"line":255,"column":4},"end":{"line":270,"column":5}}]},"7":{"type":"branch","line":256,"loc":{"start":{"line":256,"column":38},"end":{"line":257,"column":116}},"locations":[{"start":{"line":256,"column":38},"end":{"line":257,"column":116}}]},"8":{"type":"branch","line":257,"loc":{"start":{"line":257,"column":111},"end":{"line":258,"column":114}},"locations":[{"start":{"line":257,"column":111},"end":{"line":258,"column":114}}]},"9":{"type":"branch","line":270,"loc":{"start":{"line":270,"column":4},"end":{"line":288,"column":82}},"locations":[{"start":{"line":270,"column":4},"end":{"line":288,"column":82}}]},"10":{"type":"branch","line":288,"loc":{"start":{"line":288,"column":74},"end":{"line":288,"column":121}},"locations":[{"start":{"line":288,"column":74},"end":{"line":288,"column":121}}]},"11":{"type":"branch","line":288,"loc":{"start":{"line":288,"column":117},"end":{"line":288,"column":162}},"locations":[{"start":{"line":288,"column":117},"end":{"line":288,"column":162}}]},"12":{"type":"branch","line":28,"loc":{"start":{"line":28,"column":14},"end":{"line":36,"column":7}},"locations":[{"start":{"line":28,"column":14},"end":{"line":36,"column":7}}]},"13":{"type":"branch","line":32,"loc":{"start":{"line":32,"column":8},"end":{"line":35,"column":9}},"locations":[{"start":{"line":32,"column":8},"end":{"line":35,"column":9}}]},"14":{"type":"branch","line":39,"loc":{"start":{"line":39,"column":14},"end":{"line":75,"column":7}},"locations":[{"start":{"line":39,"column":14},"end":{"line":75,"column":7}}]},"15":{"type":"branch","line":42,"loc":{"start":{"line":42,"column":8},"end":{"line":72,"column":15}},"locations":[{"start":{"line":42,"column":8},"end":{"line":72,"column":15}}]},"16":{"type":"branch","line":72,"loc":{"start":{"line":72,"column":8},"end":{"line":74,"column":9}},"locations":[{"start":{"line":72,"column":8},"end":{"line":74,"column":9}}]},"17":{"type":"branch","line":53,"loc":{"start":{"line":53,"column":22},"end":{"line":60,"column":17}},"locations":[{"start":{"line":53,"column":22},"end":{"line":60,"column":17}}]},"18":{"type":"branch","line":56,"loc":{"start":{"line":56,"column":20},"end":{"line":58,"column":21}},"locations":[{"start":{"line":56,"column":20},"end":{"line":58,"column":21}}]},"19":{"type":"branch","line":58,"loc":{"start":{"line":58,"column":20},"end":{"line":59,"column":38}},"locations":[{"start":{"line":58,"column":20},"end":{"line":59,"column":38}}]},"20":{"type":"branch","line":61,"loc":{"start":{"line":61,"column":22},"end":{"line":65,"column":17}},"locations":[{"start":{"line":61,"column":22},"end":{"line":65,"column":17}}]},"21":{"type":"branch","line":63,"loc":{"start":{"line":63,"column":34},"end":{"line":63,"column":44}},"locations":[{"start":{"line":63,"column":34},"end":{"line":63,"column":44}}]},"22":{"type":"branch","line":66,"loc":{"start":{"line":66,"column":23},"end":{"line":71,"column":17}},"locations":[{"start":{"line":66,"column":23},"end":{"line":71,"column":17}}]},"23":{"type":"branch","line":78,"loc":{"start":{"line":78,"column":14},"end":{"line":100,"column":7}},"locations":[{"start":{"line":78,"column":14},"end":{"line":100,"column":7}}]},"24":{"type":"branch","line":81,"loc":{"start":{"line":81,"column":8},"end":{"line":99,"column":9}},"locations":[{"start":{"line":81,"column":8},"end":{"line":99,"column":9}}]},"25":{"type":"branch","line":84,"loc":{"start":{"line":84,"column":12},"end":{"line":87,"column":19}},"locations":[{"start":{"line":84,"column":12},"end":{"line":87,"column":19}}]},"26":{"type":"branch","line":87,"loc":{"start":{"line":87,"column":12},"end":{"line":90,"column":13}},"locations":[{"start":{"line":87,"column":12},"end":{"line":90,"column":13}}]},"27":{"type":"branch","line":86,"loc":{"start":{"line":86,"column":47},"end":{"line":86,"column":66}},"locations":[{"start":{"line":86,"column":47},"end":{"line":86,"column":66}}]},"28":{"type":"branch","line":103,"loc":{"start":{"line":103,"column":34},"end":{"line":108,"column":6}},"locations":[{"start":{"line":103,"column":34},"end":{"line":108,"column":6}}]},"29":{"type":"branch","line":105,"loc":{"start":{"line":105,"column":19},"end":{"line":105,"column":29}},"locations":[{"start":{"line":105,"column":19},"end":{"line":105,"column":29}}]},"30":{"type":"branch","line":105,"loc":{"start":{"line":105,"column":26},"end":{"line":106,"column":45}},"locations":[{"start":{"line":105,"column":26},"end":{"line":106,"column":45}}]},"31":{"type":"branch","line":106,"loc":{"start":{"line":106,"column":38},"end":{"line":106,"column":50}},"locations":[{"start":{"line":106,"column":38},"end":{"line":106,"column":50}}]},"32":{"type":"branch","line":106,"loc":{"start":{"line":106,"column":45},"end":{"line":107,"column":52}},"locations":[{"start":{"line":106,"column":45},"end":{"line":107,"column":52}}]},"33":{"type":"branch","line":111,"loc":{"start":{"line":111,"column":28},"end":{"line":122,"column":6}},"locations":[{"start":{"line":111,"column":28},"end":{"line":122,"column":6}}]},"34":{"type":"branch","line":121,"loc":{"start":{"line":121,"column":35},"end":{"line":121,"column":49}},"locations":[{"start":{"line":121,"column":35},"end":{"line":121,"column":49}}]},"35":{"type":"branch","line":125,"loc":{"start":{"line":125,"column":25},"end":{"line":134,"column":6}},"locations":[{"start":{"line":125,"column":25},"end":{"line":134,"column":6}}]},"36":{"type":"branch","line":129,"loc":{"start":{"line":129,"column":8},"end":{"line":132,"column":9}},"locations":[{"start":{"line":129,"column":8},"end":{"line":132,"column":9}}]},"37":{"type":"branch","line":137,"loc":{"start":{"line":137,"column":30},"end":{"line":192,"column":6}},"locations":[{"start":{"line":137,"column":30},"end":{"line":192,"column":6}}]},"38":{"type":"branch","line":140,"loc":{"start":{"line":140,"column":44},"end":{"line":140,"column":51}},"locations":[{"start":{"line":140,"column":44},"end":{"line":140,"column":51}}]},"39":{"type":"branch","line":158,"loc":{"start":{"line":158,"column":14},"end":{"line":165,"column":9}},"locations":[{"start":{"line":158,"column":14},"end":{"line":165,"column":9}}]},"40":{"type":"branch","line":161,"loc":{"start":{"line":161,"column":12},"end":{"line":163,"column":13}},"locations":[{"start":{"line":161,"column":12},"end":{"line":163,"column":13}}]},"41":{"type":"branch","line":163,"loc":{"start":{"line":163,"column":12},"end":{"line":164,"column":30}},"locations":[{"start":{"line":163,"column":12},"end":{"line":164,"column":30}}]},"42":{"type":"branch","line":166,"loc":{"start":{"line":166,"column":14},"end":{"line":186,"column":9}},"locations":[{"start":{"line":166,"column":14},"end":{"line":186,"column":9}}]},"43":{"type":"branch","line":172,"loc":{"start":{"line":172,"column":12},"end":{"line":175,"column":13}},"locations":[{"start":{"line":172,"column":12},"end":{"line":175,"column":13}}]},"44":{"type":"branch","line":170,"loc":{"start":{"line":170,"column":63},"end":{"line":170,"column":97}},"locations":[{"start":{"line":170,"column":63},"end":{"line":170,"column":97}}]},"45":{"type":"branch","line":187,"loc":{"start":{"line":187,"column":15},"end":{"line":191,"column":9}},"locations":[{"start":{"line":187,"column":15},"end":{"line":191,"column":9}}]},"46":{"type":"branch","line":195,"loc":{"start":{"line":195,"column":30},"end":{"line":219,"column":6}},"locations":[{"start":{"line":195,"column":30},"end":{"line":219,"column":6}}]},"47":{"type":"branch","line":197,"loc":{"start":{"line":197,"column":44},"end":{"line":197,"column":56}},"locations":[{"start":{"line":197,"column":44},"end":{"line":197,"column":56}}]},"48":{"type":"branch","line":200,"loc":{"start":{"line":200,"column":33},"end":{"line":200,"column":65}},"locations":[{"start":{"line":200,"column":33},"end":{"line":200,"column":65}}]},"49":{"type":"branch","line":200,"loc":{"start":{"line":200,"column":55},"end":{"line":200,"column":89}},"locations":[{"start":{"line":200,"column":55},"end":{"line":200,"column":89}}]},"50":{"type":"branch","line":201,"loc":{"start":{"line":201,"column":34},"end":{"line":201,"column":67}},"locations":[{"start":{"line":201,"column":34},"end":{"line":201,"column":67}}]},"51":{"type":"branch","line":201,"loc":{"start":{"line":201,"column":56},"end":{"line":201,"column":95}},"locations":[{"start":{"line":201,"column":56},"end":{"line":201,"column":95}}]},"52":{"type":"branch","line":206,"loc":{"start":{"line":206,"column":33},"end":{"line":208,"column":104}},"locations":[{"start":{"line":206,"column":33},"end":{"line":208,"column":104}}]},"53":{"type":"branch","line":208,"loc":{"start":{"line":208,"column":97},"end":{"line":210,"column":105}},"locations":[{"start":{"line":208,"column":97},"end":{"line":210,"column":105}}]},"54":{"type":"branch","line":222,"loc":{"start":{"line":222,"column":26},"end":{"line":240,"column":6}},"locations":[{"start":{"line":222,"column":26},"end":{"line":240,"column":6}}]},"55":{"type":"branch","line":224,"loc":{"start":{"line":224,"column":44},"end":{"line":224,"column":56}},"locations":[{"start":{"line":224,"column":44},"end":{"line":224,"column":56}}]},"56":{"type":"branch","line":227,"loc":{"start":{"line":227,"column":36},"end":{"line":227,"column":51}},"locations":[{"start":{"line":227,"column":36},"end":{"line":227,"column":51}}]},"57":{"type":"branch","line":232,"loc":{"start":{"line":232,"column":57},"end":{"line":232,"column":77}},"locations":[{"start":{"line":232,"column":57},"end":{"line":232,"column":77}}]},"58":{"type":"branch","line":232,"loc":{"start":{"line":232,"column":67},"end":{"line":232,"column":86}},"locations":[{"start":{"line":232,"column":67},"end":{"line":232,"column":86}}]},"59":{"type":"branch","line":234,"loc":{"start":{"line":234,"column":32},"end":{"line":234,"column":62}},"locations":[{"start":{"line":234,"column":32},"end":{"line":234,"column":62}}]},"60":{"type":"branch","line":234,"loc":{"start":{"line":234,"column":42},"end":{"line":234,"column":78}},"locations":[{"start":{"line":234,"column":42},"end":{"line":234,"column":78}}]},"61":{"type":"branch","line":236,"loc":{"start":{"line":236,"column":21},"end":{"line":236,"column":55}},"locations":[{"start":{"line":236,"column":21},"end":{"line":236,"column":55}}]},"62":{"type":"branch","line":236,"loc":{"start":{"line":236,"column":50},"end":{"line":236,"column":77}},"locations":[{"start":{"line":236,"column":50},"end":{"line":236,"column":77}}]},"63":{"type":"branch","line":264,"loc":{"start":{"line":264,"column":75},"end":{"line":264,"column":105}},"locations":[{"start":{"line":264,"column":75},"end":{"line":264,"column":105}}]}},"b":{"0":[119],"1":[2],"2":[110],"3":[44],"4":[75],"5":[41],"6":[41],"7":[3],"8":[38],"9":[34],"10":[33],"11":[1],"12":[44],"13":[1],"14":[44],"15":[43],"16":[1],"17":[40],"18":[1],"19":[39],"20":[39],"21":[2],"22":[2],"23":[75],"24":[31],"25":[2],"26":[29],"27":[6],"28":[34],"29":[5],"30":[29],"31":[27],"32":[2],"33":[34],"34":[3],"35":[31],"36":[33],"37":[4],"38":[0],"39":[3],"40":[1],"41":[2],"42":[2],"43":[1],"44":[4],"45":[2],"46":[34],"47":[0],"48":[33],"49":[1],"50":[33],"51":[1],"52":[8],"53":[26],"54":[34],"55":[0],"56":[26],"57":[8],"58":[26],"59":[8],"60":[26],"61":[8],"62":[26],"63":[1]},"fnMap":{"0":{"name":"FlashcardLearning","decl":{"start":{"line":9,"column":0},"end":{"line":292,"column":1}},"loc":{"start":{"line":9,"column":0},"end":{"line":292,"column":1}},"line":9},"1":{"name":"truncateFlashcardText","decl":{"start":{"line":103,"column":34},"end":{"line":108,"column":6}},"loc":{"start":{"line":103,"column":34},"end":{"line":108,"column":6}},"line":103},"2":{"name":"getLanguageName","decl":{"start":{"line":111,"column":28},"end":{"line":122,"column":6}},"loc":{"start":{"line":111,"column":28},"end":{"line":122,"column":6}},"line":111},"3":{"name":"shuffleArray","decl":{"start":{"line":125,"column":25},"end":{"line":134,"column":6}},"loc":{"start":{"line":125,"column":25},"end":{"line":134,"column":6}},"line":125},"4":{"name":"handleToggleKnown","decl":{"start":{"line":137,"column":30},"end":{"line":192,"column":6}},"loc":{"start":{"line":137,"column":30},"end":{"line":192,"column":6}},"line":137},"5":{"name":"renderCardContent","decl":{"start":{"line":195,"column":30},"end":{"line":219,"column":6}},"loc":{"start":{"line":195,"column":30},"end":{"line":219,"column":6}},"line":195},"6":{"name":"renderActions","decl":{"start":{"line":222,"column":26},"end":{"line":240,"column":6}},"loc":{"start":{"line":222,"column":26},"end":{"line":240,"column":6}},"line":222},"7":{"name":"onClick","decl":{"start":{"line":264,"column":75},"end":{"line":264,"column":105}},"loc":{"start":{"line":264,"column":75},"end":{"line":264,"column":105}},"line":264}},"f":{"0":119,"1":34,"2":34,"3":31,"4":4,"5":34,"6":34,"7":1}}
,"C:\\Users\\micmicha\\Documents\\FlashcardsProject\\FlashcardsFrontend\\src\\components\\LearnForm.tsx": {"path":"C:\\Users\\micmicha\\Documents\\FlashcardsProject\\FlashcardsFrontend\\src\\components\\LearnForm.tsx","all":false,"statementMap":{"0":{"start":{"line":1,"column":0},"end":{"line":1,"column":51}},"1":{"start":{"line":2,"column":0},"end":{"line":2,"column":47}},"2":{"start":{"line":3,"column":0},"end":{"line":3,"column":30}},"4":{"start":{"line":5,"column":0},"end":{"line":5,"column":47}},"6":{"start":{"line":7,"column":0},"end":{"line":7,"column":35}},"7":{"start":{"line":8,"column":0},"end":{"line":8,"column":1}},"8":{"start":{"line":9,"column":0},"end":{"line":9,"column":35}},"10":{"start":{"line":11,"column":0},"end":{"line":11,"column":35}},"11":{"start":{"line":12,"column":0},"end":{"line":12,"column":52}},"12":{"start":{"line":13,"column":0},"end":{"line":13,"column":59}},"13":{"start":{"line":14,"column":0},"end":{"line":14,"column":54}},"14":{"start":{"line":15,"column":0},"end":{"line":15,"column":49}},"17":{"start":{"line":18,"column":0},"end":{"line":18,"column":20}},"18":{"start":{"line":19,"column":0},"end":{"line":19,"column":5}},"19":{"start":{"line":20,"column":0},"end":{"line":20,"column":52}},"20":{"start":{"line":21,"column":0},"end":{"line":21,"column":18}},"21":{"start":{"line":22,"column":0},"end":{"line":22,"column":9}},"22":{"start":{"line":23,"column":0},"end":{"line":23,"column":50}},"23":{"start":{"line":24,"column":0},"end":{"line":24,"column":19}},"24":{"start":{"line":25,"column":0},"end":{"line":25,"column":9}},"26":{"start":{"line":27,"column":0},"end":{"line":27,"column":34}},"27":{"start":{"line":28,"column":0},"end":{"line":28,"column":9}},"28":{"start":{"line":29,"column":0},"end":{"line":29,"column":15}},"29":{"start":{"line":30,"column":0},"end":{"line":30,"column":13}},"30":{"start":{"line":31,"column":0},"end":{"line":31,"column":52}},"31":{"start":{"line":32,"column":0},"end":{"line":32,"column":21}},"32":{"start":{"line":33,"column":0},"end":{"line":33,"column":33}},"33":{"start":{"line":34,"column":0},"end":{"line":34,"column":25}},"34":{"start":{"line":35,"column":0},"end":{"line":35,"column":60}},"35":{"start":{"line":36,"column":0},"end":{"line":36,"column":25}},"36":{"start":{"line":37,"column":0},"end":{"line":37,"column":21}},"37":{"start":{"line":38,"column":0},"end":{"line":38,"column":18}},"39":{"start":{"line":40,"column":0},"end":{"line":40,"column":27}},"40":{"start":{"line":41,"column":0},"end":{"line":41,"column":17}},"41":{"start":{"line":42,"column":0},"end":{"line":42,"column":73}},"42":{"start":{"line":43,"column":0},"end":{"line":43,"column":17}},"44":{"start":{"line":45,"column":0},"end":{"line":45,"column":46}},"46":{"start":{"line":47,"column":0},"end":{"line":47,"column":58}},"47":{"start":{"line":48,"column":0},"end":{"line":48,"column":67}},"48":{"start":{"line":49,"column":0},"end":{"line":49,"column":34}},"49":{"start":{"line":50,"column":0},"end":{"line":50,"column":29}},"50":{"start":{"line":51,"column":0},"end":{"line":51,"column":61}},"51":{"start":{"line":52,"column":0},"end":{"line":52,"column":28}},"52":{"start":{"line":53,"column":0},"end":{"line":53,"column":34}},"53":{"start":{"line":54,"column":0},"end":{"line":54,"column":13}},"54":{"start":{"line":55,"column":0},"end":{"line":55,"column":9}},"55":{"start":{"line":56,"column":0},"end":{"line":56,"column":20}},"56":{"start":{"line":57,"column":0},"end":{"line":57,"column":19}},"59":{"start":{"line":60,"column":0},"end":{"line":60,"column":48}},"60":{"start":{"line":61,"column":0},"end":{"line":61,"column":5}},"61":{"start":{"line":62,"column":0},"end":{"line":62,"column":27}},"63":{"start":{"line":64,"column":0},"end":{"line":64,"column":33}},"64":{"start":{"line":65,"column":0},"end":{"line":65,"column":9}},"65":{"start":{"line":66,"column":0},"end":{"line":66,"column":49}},"66":{"start":{"line":67,"column":0},"end":{"line":67,"column":19}},"67":{"start":{"line":68,"column":0},"end":{"line":68,"column":9}},"70":{"start":{"line":71,"column":0},"end":{"line":71,"column":43}},"71":{"start":{"line":72,"column":0},"end":{"line":72,"column":13}},"72":{"start":{"line":73,"column":0},"end":{"line":73,"column":31}},"73":{"start":{"line":74,"column":0},"end":{"line":74,"column":13}},"74":{"start":{"line":75,"column":0},"end":{"line":75,"column":10}},"76":{"start":{"line":77,"column":0},"end":{"line":77,"column":74}},"77":{"start":{"line":78,"column":0},"end":{"line":78,"column":5}},"79":{"start":{"line":80,"column":0},"end":{"line":80,"column":15}},"80":{"start":{"line":81,"column":0},"end":{"line":81,"column":5}},"81":{"start":{"line":82,"column":0},"end":{"line":82,"column":15}},"82":{"start":{"line":83,"column":0},"end":{"line":83,"column":14}},"83":{"start":{"line":84,"column":0},"end":{"line":84,"column":26}},"84":{"start":{"line":85,"column":0},"end":{"line":85,"column":106}},"85":{"start":{"line":86,"column":0},"end":{"line":86,"column":15}},"87":{"start":{"line":88,"column":0},"end":{"line":88,"column":5}},"89":{"start":{"line":90,"column":0},"end":{"line":90,"column":11}},"90":{"start":{"line":91,"column":0},"end":{"line":91,"column":10}},"91":{"start":{"line":92,"column":0},"end":{"line":92,"column":22}},"92":{"start":{"line":93,"column":0},"end":{"line":93,"column":48}},"93":{"start":{"line":94,"column":0},"end":{"line":94,"column":133}},"94":{"start":{"line":95,"column":0},"end":{"line":95,"column":81}},"95":{"start":{"line":96,"column":0},"end":{"line":96,"column":55}},"97":{"start":{"line":98,"column":0},"end":{"line":98,"column":31}},"98":{"start":{"line":99,"column":0},"end":{"line":99,"column":54}},"99":{"start":{"line":100,"column":0},"end":{"line":100,"column":35}},"100":{"start":{"line":101,"column":0},"end":{"line":101,"column":51}},"101":{"start":{"line":102,"column":0},"end":{"line":102,"column":80}},"102":{"start":{"line":103,"column":0},"end":{"line":103,"column":60}},"103":{"start":{"line":104,"column":0},"end":{"line":104,"column":36}},"105":{"start":{"line":106,"column":0},"end":{"line":106,"column":108}},"106":{"start":{"line":107,"column":0},"end":{"line":107,"column":137}},"107":{"start":{"line":108,"column":0},"end":{"line":108,"column":37}},"108":{"start":{"line":109,"column":0},"end":{"line":109,"column":32}},"110":{"start":{"line":111,"column":0},"end":{"line":111,"column":31}},"111":{"start":{"line":112,"column":0},"end":{"line":112,"column":57}},"112":{"start":{"line":113,"column":0},"end":{"line":113,"column":35}},"113":{"start":{"line":114,"column":0},"end":{"line":114,"column":47}},"114":{"start":{"line":115,"column":0},"end":{"line":115,"column":76}},"115":{"start":{"line":116,"column":0},"end":{"line":116,"column":60}},"116":{"start":{"line":117,"column":0},"end":{"line":117,"column":36}},"118":{"start":{"line":119,"column":0},"end":{"line":119,"column":91}},"119":{"start":{"line":120,"column":0},"end":{"line":120,"column":99}},"120":{"start":{"line":121,"column":0},"end":{"line":121,"column":37}},"121":{"start":{"line":122,"column":0},"end":{"line":122,"column":32}},"123":{"start":{"line":124,"column":0},"end":{"line":124,"column":184}},"125":{"start":{"line":126,"column":0},"end":{"line":126,"column":108}},"126":{"start":{"line":127,"column":0},"end":{"line":127,"column":154}},"127":{"start":{"line":128,"column":0},"end":{"line":128,"column":62}},"128":{"start":{"line":129,"column":0},"end":{"line":129,"column":37}},"129":{"start":{"line":130,"column":0},"end":{"line":130,"column":30}},"130":{"start":{"line":131,"column":0},"end":{"line":131,"column":27}},"131":{"start":{"line":132,"column":0},"end":{"line":132,"column":22}},"132":{"start":{"line":133,"column":0},"end":{"line":133,"column":18}},"133":{"start":{"line":134,"column":0},"end":{"line":134,"column":11}},"135":{"start":{"line":136,"column":0},"end":{"line":136,"column":1}}},"s":{"0":1,"1":1,"2":1,"4":1,"6":35,"7":35,"8":35,"10":35,"11":35,"12":35,"13":35,"14":35,"17":35,"18":16,"19":16,"20":16,"21":16,"22":1,"23":1,"24":1,"26":15,"27":15,"28":15,"29":15,"30":15,"31":15,"32":15,"33":15,"34":15,"35":15,"36":15,"37":15,"39":14,"40":15,"41":1,"42":1,"44":13,"46":15,"47":15,"48":15,"49":15,"50":2,"51":2,"52":2,"53":2,"54":15,"55":15,"56":35,"59":35,"60":4,"61":4,"63":4,"64":4,"65":2,"66":2,"67":2,"70":2,"71":2,"72":2,"73":2,"74":2,"76":2,"77":4,"79":35,"80":35,"81":16,"82":16,"83":16,"84":16,"85":16,"87":16,"89":19,"90":19,"91":19,"92":19,"93":19,"94":19,"95":19,"97":19,"98":19,"99":19,"100":19,"101":19,"102":19,"103":19,"105":19,"106":19,"107":35,"108":35,"110":35,"111":35,"112":35,"113":35,"114":35,"115":35,"116":35,"118":35,"119":35,"120":35,"121":35,"123":35,"125":35,"126":35,"127":35,"128":35,"129":35,"130":35,"131":35,"132":35,"133":35,"135":35},"branchMap":{"0":{"type":"branch","line":7,"loc":{"start":{"line":7,"column":0},"end":{"line":136,"column":1}},"locations":[{"start":{"line":7,"column":0},"end":{"line":136,"column":1}}]},"1":{"type":"branch","line":81,"loc":{"start":{"line":81,"column":4},"end":{"line":88,"column":5}},"locations":[{"start":{"line":81,"column":4},"end":{"line":88,"column":5}}]},"2":{"type":"branch","line":88,"loc":{"start":{"line":88,"column":4},"end":{"line":107,"column":137}},"locations":[{"start":{"line":88,"column":4},"end":{"line":107,"column":137}}]},"3":{"type":"branch","line":124,"loc":{"start":{"line":124,"column":41},"end":{"line":124,"column":184}},"locations":[{"start":{"line":124,"column":41},"end":{"line":124,"column":184}}]},"4":{"type":"branch","line":18,"loc":{"start":{"line":18,"column":14},"end":{"line":57,"column":7}},"locations":[{"start":{"line":18,"column":14},"end":{"line":57,"column":7}}]},"5":{"type":"branch","line":22,"loc":{"start":{"line":22,"column":8},"end":{"line":25,"column":9}},"locations":[{"start":{"line":22,"column":8},"end":{"line":25,"column":9}}]},"6":{"type":"branch","line":25,"loc":{"start":{"line":25,"column":8},"end":{"line":56,"column":20}},"locations":[{"start":{"line":25,"column":8},"end":{"line":56,"column":20}}]},"7":{"type":"branch","line":27,"loc":{"start":{"line":27,"column":8},"end":{"line":55,"column":9}},"locations":[{"start":{"line":27,"column":8},"end":{"line":55,"column":9}}]},"8":{"type":"branch","line":38,"loc":{"start":{"line":38,"column":16},"end":{"line":40,"column":27}},"locations":[{"start":{"line":38,"column":16},"end":{"line":40,"column":27}}]},"9":{"type":"branch","line":41,"loc":{"start":{"line":41,"column":16},"end":{"line":43,"column":17}},"locations":[{"start":{"line":41,"column":16},"end":{"line":43,"column":17}}]},"10":{"type":"branch","line":43,"loc":{"start":{"line":43,"column":16},"end":{"line":47,"column":47}},"locations":[{"start":{"line":43,"column":16},"end":{"line":47,"column":47}}]},"11":{"type":"branch","line":47,"loc":{"start":{"line":47,"column":39},"end":{"line":47,"column":55}},"locations":[{"start":{"line":47,"column":39},"end":{"line":47,"column":55}}]},"12":{"type":"branch","line":47,"loc":{"start":{"line":47,"column":47},"end":{"line":47,"column":58}},"locations":[{"start":{"line":47,"column":47},"end":{"line":47,"column":58}}]},"13":{"type":"branch","line":48,"loc":{"start":{"line":48,"column":47},"end":{"line":48,"column":63}},"locations":[{"start":{"line":48,"column":47},"end":{"line":48,"column":63}}]},"14":{"type":"branch","line":48,"loc":{"start":{"line":48,"column":51},"end":{"line":48,"column":65}},"locations":[{"start":{"line":48,"column":51},"end":{"line":48,"column":65}}]},"15":{"type":"branch","line":50,"loc":{"start":{"line":50,"column":12},"end":{"line":54,"column":13}},"locations":[{"start":{"line":50,"column":12},"end":{"line":54,"column":13}}]},"16":{"type":"branch","line":60,"loc":{"start":{"line":60,"column":25},"end":{"line":78,"column":5}},"locations":[{"start":{"line":60,"column":25},"end":{"line":78,"column":5}}]},"17":{"type":"branch","line":65,"loc":{"start":{"line":65,"column":8},"end":{"line":77,"column":74}},"locations":[{"start":{"line":65,"column":8},"end":{"line":77,"column":74}}]},"18":{"type":"branch","line":102,"loc":{"start":{"line":102,"column":40},"end":{"line":102,"column":80}},"locations":[{"start":{"line":102,"column":40},"end":{"line":102,"column":80}}]},"19":{"type":"branch","line":107,"loc":{"start":{"line":107,"column":65},"end":{"line":107,"column":135}},"locations":[{"start":{"line":107,"column":65},"end":{"line":107,"column":135}}]},"20":{"type":"branch","line":115,"loc":{"start":{"line":115,"column":40},"end":{"line":115,"column":76}},"locations":[{"start":{"line":115,"column":40},"end":{"line":115,"column":76}}]}},"b":{"0":[35],"1":[16],"2":[19],"3":[4],"4":[16],"5":[1],"6":[15],"7":[15],"8":[14],"9":[1],"10":[13],"11":[12],"12":[0],"13":[12],"14":[1],"15":[2],"16":[4],"17":[2],"18":[3],"19":[28],"20":[1]},"fnMap":{"0":{"name":"LearnForm","decl":{"start":{"line":7,"column":0},"end":{"line":136,"column":1}},"loc":{"start":{"line":7,"column":0},"end":{"line":136,"column":1}},"line":7},"1":{"name":"fetchSets","decl":{"start":{"line":27,"column":8},"end":{"line":55,"column":9}},"loc":{"start":{"line":27,"column":8},"end":{"line":55,"column":9}},"line":27},"2":{"name":"handleSubmit","decl":{"start":{"line":60,"column":25},"end":{"line":78,"column":5}},"loc":{"start":{"line":60,"column":25},"end":{"line":78,"column":5}},"line":60},"3":{"name":"onChange","decl":{"start":{"line":102,"column":40},"end":{"line":102,"column":80}},"loc":{"start":{"line":102,"column":40},"end":{"line":102,"column":80}},"line":102},"4":{"name":"onChange","decl":{"start":{"line":115,"column":40},"end":{"line":115,"column":76}},"loc":{"start":{"line":115,"column":40},"end":{"line":115,"column":76}},"line":115}},"f":{"0":35,"1":15,"2":4,"3":3,"4":1}}
,"C:\\Users\\micmicha\\Documents\\FlashcardsProject\\FlashcardsFrontend\\src\\components\\Navbar.tsx": {"path":"C:\\Users\\micmicha\\Documents\\FlashcardsProject\\FlashcardsFrontend\\src\\components\\Navbar.tsx","all":false,"statementMap":{"0":{"start":{"line":1,"column":0},"end":{"line":1,"column":47}},"1":{"start":{"line":2,"column":0},"end":{"line":2,"column":52}},"2":{"start":{"line":3,"column":0},"end":{"line":3,"column":47}},"3":{"start":{"line":4,"column":0},"end":{"line":4,"column":58}},"5":{"start":{"line":6,"column":0},"end":{"line":6,"column":33}},"6":{"start":{"line":7,"column":0},"end":{"line":7,"column":1}},"7":{"start":{"line":8,"column":0},"end":{"line":8,"column":35}},"8":{"start":{"line":9,"column":0},"end":{"line":9,"column":41}},"9":{"start":{"line":10,"column":0},"end":{"line":10,"column":76}},"10":{"start":{"line":11,"column":0},"end":{"line":11,"column":53}},"12":{"start":{"line":13,"column":0},"end":{"line":13,"column":23}},"13":{"start":{"line":14,"column":0},"end":{"line":14,"column":45}},"14":{"start":{"line":15,"column":0},"end":{"line":15,"column":45}},"15":{"start":{"line":16,"column":0},"end":{"line":16,"column":44}},"16":{"start":{"line":17,"column":0},"end":{"line":17,"column":6}},"18":{"start":{"line":19,"column":0},"end":{"line":19,"column":96}},"21":{"start":{"line":22,"column":0},"end":{"line":22,"column":28}},"22":{"start":{"line":23,"column":0},"end":{"line":23,"column":5}},"23":{"start":{"line":24,"column":0},"end":{"line":24,"column":41}},"24":{"start":{"line":25,"column":0},"end":{"line":25,"column":27}},"25":{"start":{"line":26,"column":0},"end":{"line":26,"column":5}},"28":{"start":{"line":29,"column":0},"end":{"line":29,"column":59}},"29":{"start":{"line":30,"column":0},"end":{"line":30,"column":5}},"30":{"start":{"line":31,"column":0},"end":{"line":31,"column":42}},"31":{"start":{"line":32,"column":0},"end":{"line":32,"column":63}},"32":{"start":{"line":33,"column":0},"end":{"line":33,"column":39}},"33":{"start":{"line":34,"column":0},"end":{"line":34,"column":5}},"36":{"start":{"line":37,"column":0},"end":{"line":37,"column":20}},"37":{"start":{"line":38,"column":0},"end":{"line":38,"column":5}},"38":{"start":{"line":39,"column":0},"end":{"line":39,"column":54}},"39":{"start":{"line":40,"column":0},"end":{"line":40,"column":9}},"40":{"start":{"line":41,"column":0},"end":{"line":41,"column":92}},"41":{"start":{"line":42,"column":0},"end":{"line":42,"column":13}},"42":{"start":{"line":43,"column":0},"end":{"line":43,"column":47}},"43":{"start":{"line":44,"column":0},"end":{"line":44,"column":13}},"44":{"start":{"line":45,"column":0},"end":{"line":45,"column":9}},"46":{"start":{"line":47,"column":0},"end":{"line":47,"column":67}},"47":{"start":{"line":48,"column":0},"end":{"line":48,"column":22}},"48":{"start":{"line":49,"column":0},"end":{"line":49,"column":74}},"49":{"start":{"line":50,"column":0},"end":{"line":50,"column":10}},"50":{"start":{"line":51,"column":0},"end":{"line":51,"column":11}},"52":{"start":{"line":53,"column":0},"end":{"line":53,"column":12}},"53":{"start":{"line":54,"column":0},"end":{"line":54,"column":41}},"54":{"start":{"line":55,"column":0},"end":{"line":55,"column":40}},"55":{"start":{"line":56,"column":0},"end":{"line":56,"column":21}},"56":{"start":{"line":57,"column":0},"end":{"line":57,"column":45}},"57":{"start":{"line":58,"column":0},"end":{"line":58,"column":49}},"58":{"start":{"line":59,"column":0},"end":{"line":59,"column":35}},"59":{"start":{"line":60,"column":0},"end":{"line":60,"column":21}},"60":{"start":{"line":61,"column":0},"end":{"line":61,"column":71}},"61":{"start":{"line":62,"column":0},"end":{"line":62,"column":25}},"62":{"start":{"line":63,"column":0},"end":{"line":63,"column":53}},"63":{"start":{"line":64,"column":0},"end":{"line":64,"column":32}},"64":{"start":{"line":65,"column":0},"end":{"line":65,"column":51}},"65":{"start":{"line":66,"column":0},"end":{"line":66,"column":25}},"66":{"start":{"line":67,"column":0},"end":{"line":67,"column":22}},"68":{"start":{"line":69,"column":0},"end":{"line":69,"column":41}},"69":{"start":{"line":70,"column":0},"end":{"line":70,"column":23}},"70":{"start":{"line":71,"column":0},"end":{"line":71,"column":18}},"71":{"start":{"line":72,"column":0},"end":{"line":72,"column":41}},"72":{"start":{"line":73,"column":0},"end":{"line":73,"column":85}},"73":{"start":{"line":74,"column":0},"end":{"line":74,"column":39}},"74":{"start":{"line":75,"column":0},"end":{"line":75,"column":25}},"75":{"start":{"line":76,"column":0},"end":{"line":76,"column":86}},"76":{"start":{"line":77,"column":0},"end":{"line":77,"column":44}},"77":{"start":{"line":78,"column":0},"end":{"line":78,"column":25}},"80":{"start":{"line":81,"column":0},"end":{"line":81,"column":68}},"81":{"start":{"line":82,"column":0},"end":{"line":82,"column":28}},"82":{"start":{"line":83,"column":0},"end":{"line":83,"column":60}},"83":{"start":{"line":84,"column":0},"end":{"line":84,"column":74}},"84":{"start":{"line":85,"column":0},"end":{"line":85,"column":86}},"86":{"start":{"line":87,"column":0},"end":{"line":87,"column":69}},"87":{"start":{"line":88,"column":0},"end":{"line":88,"column":84}},"88":{"start":{"line":89,"column":0},"end":{"line":89,"column":29}},"90":{"start":{"line":91,"column":0},"end":{"line":91,"column":46}},"91":{"start":{"line":92,"column":0},"end":{"line":92,"column":29}},"92":{"start":{"line":93,"column":0},"end":{"line":93,"column":56}},"93":{"start":{"line":94,"column":0},"end":{"line":94,"column":79}},"95":{"start":{"line":96,"column":0},"end":{"line":96,"column":58}},"96":{"start":{"line":97,"column":0},"end":{"line":97,"column":39}},"97":{"start":{"line":98,"column":0},"end":{"line":98,"column":55}},"98":{"start":{"line":99,"column":0},"end":{"line":99,"column":115}},"99":{"start":{"line":100,"column":0},"end":{"line":100,"column":87}},"101":{"start":{"line":102,"column":0},"end":{"line":102,"column":74}},"102":{"start":{"line":103,"column":0},"end":{"line":103,"column":64}},"103":{"start":{"line":104,"column":0},"end":{"line":104,"column":41}},"104":{"start":{"line":105,"column":0},"end":{"line":105,"column":31}},"105":{"start":{"line":106,"column":0},"end":{"line":106,"column":30}},"107":{"start":{"line":108,"column":0},"end":{"line":108,"column":22}},"109":{"start":{"line":110,"column":0},"end":{"line":110,"column":69}},"110":{"start":{"line":111,"column":0},"end":{"line":111,"column":40}},"111":{"start":{"line":112,"column":0},"end":{"line":112,"column":25}},"112":{"start":{"line":113,"column":0},"end":{"line":113,"column":18}},"113":{"start":{"line":114,"column":0},"end":{"line":114,"column":14}},"115":{"start":{"line":116,"column":0},"end":{"line":116,"column":1}}},"s":{"0":1,"1":1,"2":1,"3":1,"5":130,"6":130,"7":130,"8":130,"9":130,"10":130,"12":130,"13":130,"14":130,"15":130,"16":130,"18":130,"21":130,"22":2,"23":2,"24":2,"25":2,"28":130,"29":2,"30":2,"31":2,"32":2,"33":2,"36":130,"37":68,"38":68,"39":1,"40":1,"41":1,"42":1,"43":1,"44":1,"46":68,"47":68,"48":68,"49":68,"50":130,"52":130,"53":130,"54":130,"55":130,"56":130,"57":130,"58":130,"59":2,"60":2,"61":2,"62":1,"63":1,"64":1,"65":1,"66":2,"68":130,"69":130,"70":130,"71":130,"72":130,"73":130,"74":130,"75":130,"76":130,"77":130,"80":130,"81":130,"82":130,"83":130,"84":130,"86":130,"87":130,"88":130,"90":130,"91":14,"92":14,"93":14,"95":14,"96":42,"97":42,"98":42,"99":42,"101":42,"102":42,"103":42,"104":14,"105":14,"107":130,"109":130,"110":130,"111":130,"112":130,"113":130,"115":130},"branchMap":{"0":{"type":"branch","line":6,"loc":{"start":{"line":6,"column":0},"end":{"line":116,"column":1}},"locations":[{"start":{"line":6,"column":0},"end":{"line":116,"column":1}}]},"1":{"type":"branch","line":19,"loc":{"start":{"line":19,"column":78},"end":{"line":19,"column":96}},"locations":[{"start":{"line":19,"column":78},"end":{"line":19,"column":96}}]},"2":{"type":"branch","line":91,"loc":{"start":{"line":91,"column":21},"end":{"line":106,"column":30}},"locations":[{"start":{"line":91,"column":21},"end":{"line":106,"column":30}}]},"3":{"type":"branch","line":19,"loc":{"start":{"line":19,"column":43},"end":{"line":19,"column":78}},"locations":[{"start":{"line":19,"column":43},"end":{"line":19,"column":78}}]},"4":{"type":"branch","line":22,"loc":{"start":{"line":22,"column":4},"end":{"line":26,"column":5}},"locations":[{"start":{"line":22,"column":4},"end":{"line":26,"column":5}}]},"5":{"type":"branch","line":29,"loc":{"start":{"line":29,"column":33},"end":{"line":34,"column":5}},"locations":[{"start":{"line":29,"column":33},"end":{"line":34,"column":5}}]},"6":{"type":"branch","line":37,"loc":{"start":{"line":37,"column":14},"end":{"line":51,"column":7}},"locations":[{"start":{"line":37,"column":14},"end":{"line":51,"column":7}}]},"7":{"type":"branch","line":39,"loc":{"start":{"line":39,"column":8},"end":{"line":45,"column":9}},"locations":[{"start":{"line":39,"column":8},"end":{"line":45,"column":9}}]},"8":{"type":"branch","line":48,"loc":{"start":{"line":48,"column":15},"end":{"line":50,"column":10}},"locations":[{"start":{"line":48,"column":15},"end":{"line":50,"column":10}}]},"9":{"type":"branch","line":59,"loc":{"start":{"line":59,"column":29},"end":{"line":67,"column":22}},"locations":[{"start":{"line":59,"column":29},"end":{"line":67,"column":22}}]},"10":{"type":"branch","line":62,"loc":{"start":{"line":62,"column":24},"end":{"line":66,"column":25}},"locations":[{"start":{"line":62,"column":24},"end":{"line":66,"column":25}}]},"11":{"type":"branch","line":73,"loc":{"start":{"line":73,"column":55},"end":{"line":73,"column":85}},"locations":[{"start":{"line":73,"column":55},"end":{"line":73,"column":85}}]},"12":{"type":"branch","line":76,"loc":{"start":{"line":76,"column":55},"end":{"line":76,"column":86}},"locations":[{"start":{"line":76,"column":55},"end":{"line":76,"column":86}}]},"13":{"type":"branch","line":84,"loc":{"start":{"line":84,"column":38},"end":{"line":84,"column":74}},"locations":[{"start":{"line":84,"column":38},"end":{"line":84,"column":74}}]},"14":{"type":"branch","line":85,"loc":{"start":{"line":85,"column":33},"end":{"line":85,"column":86}},"locations":[{"start":{"line":85,"column":33},"end":{"line":85,"column":86}}]},"15":{"type":"branch","line":94,"loc":{"start":{"line":94,"column":42},"end":{"line":94,"column":79}},"locations":[{"start":{"line":94,"column":42},"end":{"line":94,"column":79}}]},"16":{"type":"branch","line":96,"loc":{"start":{"line":96,"column":43},"end":{"line":104,"column":41}},"locations":[{"start":{"line":96,"column":43},"end":{"line":104,"column":41}}]},"17":{"type":"branch","line":99,"loc":{"start":{"line":99,"column":88},"end":{"line":99,"column":110}},"locations":[{"start":{"line":99,"column":88},"end":{"line":99,"column":110}}]},"18":{"type":"branch","line":99,"loc":{"start":{"line":99,"column":99},"end":{"line":99,"column":112}},"locations":[{"start":{"line":99,"column":99},"end":{"line":99,"column":112}}]},"19":{"type":"branch","line":100,"loc":{"start":{"line":100,"column":45},"end":{"line":100,"column":87}},"locations":[{"start":{"line":100,"column":45},"end":{"line":100,"column":87}}]}},"b":{"0":[130],"1":[1],"2":[14],"3":[135],"4":[2],"5":[2],"6":[68],"7":[1],"8":[68],"9":[2],"10":[1],"11":[1],"12":[1],"13":[5],"14":[3],"15":[1],"16":[42],"17":[14],"18":[28],"19":[2]},"fnMap":{"0":{"name":"Navbar","decl":{"start":{"line":6,"column":0},"end":{"line":116,"column":1}},"loc":{"start":{"line":6,"column":0},"end":{"line":116,"column":1}},"line":6},"1":{"name":"handleLogout","decl":{"start":{"line":22,"column":4},"end":{"line":26,"column":5}},"loc":{"start":{"line":22,"column":4},"end":{"line":26,"column":5}},"line":22},"2":{"name":"handleLanguageChange","decl":{"start":{"line":29,"column":33},"end":{"line":34,"column":5}},"loc":{"start":{"line":29,"column":33},"end":{"line":34,"column":5}},"line":29},"3":{"name":"handleClickOutside","decl":{"start":{"line":39,"column":8},"end":{"line":45,"column":9}},"loc":{"start":{"line":39,"column":8},"end":{"line":45,"column":9}},"line":39},"4":{"name":"onClick","decl":{"start":{"line":59,"column":29},"end":{"line":67,"column":22}},"loc":{"start":{"line":59,"column":29},"end":{"line":67,"column":22}},"line":59},"5":{"name":"onClick","decl":{"start":{"line":73,"column":55},"end":{"line":73,"column":85}},"loc":{"start":{"line":73,"column":55},"end":{"line":73,"column":85}},"line":73},"6":{"name":"onClick","decl":{"start":{"line":76,"column":55},"end":{"line":76,"column":86}},"loc":{"start":{"line":76,"column":55},"end":{"line":76,"column":86}},"line":76},"7":{"name":"onMouseEnter","decl":{"start":{"line":84,"column":38},"end":{"line":84,"column":74}},"loc":{"start":{"line":84,"column":38},"end":{"line":84,"column":74}},"line":84},"8":{"name":"onClick","decl":{"start":{"line":85,"column":33},"end":{"line":85,"column":86}},"loc":{"start":{"line":85,"column":33},"end":{"line":85,"column":86}},"line":85},"9":{"name":"onMouseLeave","decl":{"start":{"line":94,"column":42},"end":{"line":94,"column":79}},"loc":{"start":{"line":94,"column":42},"end":{"line":94,"column":79}},"line":94},"10":{"name":"onClick","decl":{"start":{"line":100,"column":45},"end":{"line":100,"column":87}},"loc":{"start":{"line":100,"column":45},"end":{"line":100,"column":87}},"line":100}},"f":{"0":130,"1":2,"2":2,"3":1,"4":2,"5":1,"6":1,"7":5,"8":3,"9":1,"10":2}}
,"C:\\Users\\micmicha\\Documents\\FlashcardsProject\\FlashcardsFrontend\\src\\components\\Statistics.tsx": {"path":"C:\\Users\\micmicha\\Documents\\FlashcardsProject\\FlashcardsFrontend\\src\\components\\Statistics.tsx","all":false,"statementMap":{"0":{"start":{"line":1,"column":0},"end":{"line":1,"column":30}},"1":{"start":{"line":2,"column":0},"end":{"line":2,"column":44}},"2":{"start":{"line":3,"column":0},"end":{"line":3,"column":47}},"5":{"start":{"line":6,"column":0},"end":{"line":6,"column":36}},"6":{"start":{"line":7,"column":0},"end":{"line":7,"column":1}},"7":{"start":{"line":8,"column":0},"end":{"line":8,"column":35}},"9":{"start":{"line":10,"column":0},"end":{"line":10,"column":74}},"10":{"start":{"line":11,"column":0},"end":{"line":11,"column":49}},"12":{"start":{"line":13,"column":0},"end":{"line":13,"column":20}},"13":{"start":{"line":14,"column":0},"end":{"line":14,"column":5}},"14":{"start":{"line":15,"column":0},"end":{"line":15,"column":52}},"16":{"start":{"line":17,"column":0},"end":{"line":17,"column":33}},"17":{"start":{"line":18,"column":0},"end":{"line":18,"column":9}},"18":{"start":{"line":19,"column":0},"end":{"line":19,"column":21}},"19":{"start":{"line":20,"column":0},"end":{"line":20,"column":13}},"20":{"start":{"line":21,"column":0},"end":{"line":21,"column":48}},"21":{"start":{"line":22,"column":0},"end":{"line":22,"column":13}},"22":{"start":{"line":23,"column":0},"end":{"line":23,"column":10}},"23":{"start":{"line":24,"column":0},"end":{"line":24,"column":21}},"24":{"start":{"line":25,"column":0},"end":{"line":25,"column":9}},"25":{"start":{"line":26,"column":0},"end":{"line":26,"column":25}},"26":{"start":{"line":27,"column":0},"end":{"line":27,"column":13}},"27":{"start":{"line":28,"column":0},"end":{"line":28,"column":69}},"28":{"start":{"line":29,"column":0},"end":{"line":29,"column":13}},"29":{"start":{"line":30,"column":0},"end":{"line":30,"column":30}},"30":{"start":{"line":31,"column":0},"end":{"line":31,"column":10}},"31":{"start":{"line":32,"column":0},"end":{"line":32,"column":22}},"32":{"start":{"line":33,"column":0},"end":{"line":33,"column":9}},"33":{"start":{"line":34,"column":0},"end":{"line":34,"column":32}},"34":{"start":{"line":35,"column":0},"end":{"line":35,"column":30}},"35":{"start":{"line":36,"column":0},"end":{"line":36,"column":10}},"36":{"start":{"line":37,"column":0},"end":{"line":37,"column":24}},"37":{"start":{"line":38,"column":0},"end":{"line":38,"column":9}},"38":{"start":{"line":39,"column":0},"end":{"line":39,"column":63}},"39":{"start":{"line":40,"column":0},"end":{"line":40,"column":30}},"40":{"start":{"line":41,"column":0},"end":{"line":41,"column":11}},"41":{"start":{"line":42,"column":0},"end":{"line":42,"column":11}},"43":{"start":{"line":44,"column":0},"end":{"line":44,"column":17}},"44":{"start":{"line":45,"column":0},"end":{"line":45,"column":5}},"45":{"start":{"line":46,"column":0},"end":{"line":46,"column":16}},"46":{"start":{"line":47,"column":0},"end":{"line":47,"column":14}},"47":{"start":{"line":48,"column":0},"end":{"line":48,"column":26}},"48":{"start":{"line":49,"column":0},"end":{"line":49,"column":87}},"49":{"start":{"line":50,"column":0},"end":{"line":50,"column":55}},"50":{"start":{"line":51,"column":0},"end":{"line":51,"column":22}},"51":{"start":{"line":52,"column":0},"end":{"line":52,"column":15}},"53":{"start":{"line":54,"column":0},"end":{"line":54,"column":5}},"55":{"start":{"line":56,"column":0},"end":{"line":56,"column":21}},"56":{"start":{"line":57,"column":0},"end":{"line":57,"column":9}},"57":{"start":{"line":58,"column":0},"end":{"line":58,"column":16}},"58":{"start":{"line":59,"column":0},"end":{"line":59,"column":14}},"59":{"start":{"line":60,"column":0},"end":{"line":60,"column":26}},"60":{"start":{"line":61,"column":0},"end":{"line":61,"column":87}},"61":{"start":{"line":62,"column":0},"end":{"line":62,"column":60}},"62":{"start":{"line":63,"column":0},"end":{"line":63,"column":22}},"63":{"start":{"line":64,"column":0},"end":{"line":64,"column":15}},"65":{"start":{"line":66,"column":0},"end":{"line":66,"column":5}},"67":{"start":{"line":68,"column":0},"end":{"line":68,"column":12}},"68":{"start":{"line":69,"column":0},"end":{"line":69,"column":10}},"69":{"start":{"line":70,"column":0},"end":{"line":70,"column":22}},"70":{"start":{"line":71,"column":0},"end":{"line":71,"column":50}},"71":{"start":{"line":72,"column":0},"end":{"line":72,"column":77}},"73":{"start":{"line":74,"column":0},"end":{"line":74,"column":53}},"74":{"start":{"line":75,"column":0},"end":{"line":75,"column":47}},"75":{"start":{"line":76,"column":0},"end":{"line":76,"column":60}},"76":{"start":{"line":77,"column":0},"end":{"line":77,"column":81}},"77":{"start":{"line":78,"column":0},"end":{"line":78,"column":26}},"79":{"start":{"line":80,"column":0},"end":{"line":80,"column":47}},"80":{"start":{"line":81,"column":0},"end":{"line":81,"column":66}},"81":{"start":{"line":82,"column":0},"end":{"line":82,"column":87}},"82":{"start":{"line":83,"column":0},"end":{"line":83,"column":26}},"84":{"start":{"line":85,"column":0},"end":{"line":85,"column":53}},"85":{"start":{"line":86,"column":0},"end":{"line":86,"column":61}},"86":{"start":{"line":87,"column":0},"end":{"line":87,"column":87}},"87":{"start":{"line":88,"column":0},"end":{"line":88,"column":26}},"89":{"start":{"line":90,"column":0},"end":{"line":90,"column":55}},"90":{"start":{"line":91,"column":0},"end":{"line":91,"column":62}},"91":{"start":{"line":92,"column":0},"end":{"line":92,"column":89}},"92":{"start":{"line":93,"column":0},"end":{"line":93,"column":26}},"93":{"start":{"line":94,"column":0},"end":{"line":94,"column":22}},"95":{"start":{"line":96,"column":0},"end":{"line":96,"column":51}},"96":{"start":{"line":97,"column":0},"end":{"line":97,"column":63}},"97":{"start":{"line":98,"column":0},"end":{"line":98,"column":50}},"98":{"start":{"line":99,"column":0},"end":{"line":99,"column":29}},"99":{"start":{"line":100,"column":0},"end":{"line":100,"column":54}},"100":{"start":{"line":101,"column":0},"end":{"line":101,"column":155}},"101":{"start":{"line":102,"column":0},"end":{"line":102,"column":31}},"102":{"start":{"line":103,"column":0},"end":{"line":103,"column":26}},"103":{"start":{"line":104,"column":0},"end":{"line":104,"column":51}},"105":{"start":{"line":106,"column":0},"end":{"line":106,"column":59}},"106":{"start":{"line":107,"column":0},"end":{"line":107,"column":143}},"107":{"start":{"line":108,"column":0},"end":{"line":108,"column":65}},"109":{"start":{"line":110,"column":0},"end":{"line":110,"column":26}},"110":{"start":{"line":111,"column":0},"end":{"line":111,"column":22}},"112":{"start":{"line":113,"column":0},"end":{"line":113,"column":48}},"113":{"start":{"line":114,"column":0},"end":{"line":114,"column":62}},"114":{"start":{"line":115,"column":0},"end":{"line":115,"column":61}},"116":{"start":{"line":117,"column":0},"end":{"line":117,"column":62}},"118":{"start":{"line":119,"column":0},"end":{"line":119,"column":51}},"119":{"start":{"line":120,"column":0},"end":{"line":120,"column":72}},"121":{"start":{"line":122,"column":0},"end":{"line":122,"column":84}},"122":{"start":{"line":123,"column":0},"end":{"line":123,"column":63}},"123":{"start":{"line":124,"column":0},"end":{"line":124,"column":63}},"124":{"start":{"line":125,"column":0},"end":{"line":125,"column":70}},"125":{"start":{"line":126,"column":0},"end":{"line":126,"column":90}},"126":{"start":{"line":127,"column":0},"end":{"line":127,"column":47}},"127":{"start":{"line":128,"column":0},"end":{"line":128,"column":70}},"128":{"start":{"line":129,"column":0},"end":{"line":129,"column":90}},"129":{"start":{"line":130,"column":0},"end":{"line":130,"column":47}},"130":{"start":{"line":131,"column":0},"end":{"line":131,"column":72}},"131":{"start":{"line":132,"column":0},"end":{"line":132,"column":94}},"132":{"start":{"line":133,"column":0},"end":{"line":133,"column":47}},"133":{"start":{"line":134,"column":0},"end":{"line":134,"column":42}},"134":{"start":{"line":135,"column":0},"end":{"line":135,"column":70}},"135":{"start":{"line":136,"column":0},"end":{"line":136,"column":45}},"136":{"start":{"line":137,"column":0},"end":{"line":137,"column":74}},"137":{"start":{"line":138,"column":0},"end":{"line":138,"column":51}},"138":{"start":{"line":139,"column":0},"end":{"line":139,"column":46}},"139":{"start":{"line":140,"column":0},"end":{"line":140,"column":141}},"140":{"start":{"line":141,"column":0},"end":{"line":141,"column":46}},"141":{"start":{"line":142,"column":0},"end":{"line":142,"column":47}},"142":{"start":{"line":143,"column":0},"end":{"line":143,"column":42}},"143":{"start":{"line":144,"column":0},"end":{"line":144,"column":71}},"145":{"start":{"line":146,"column":0},"end":{"line":146,"column":68}},"146":{"start":{"line":147,"column":0},"end":{"line":147,"column":145}},"147":{"start":{"line":148,"column":0},"end":{"line":148,"column":78}},"149":{"start":{"line":150,"column":0},"end":{"line":150,"column":42}},"150":{"start":{"line":151,"column":0},"end":{"line":151,"column":38}},"151":{"start":{"line":152,"column":0},"end":{"line":152,"column":31}},"152":{"start":{"line":153,"column":0},"end":{"line":153,"column":30}},"154":{"start":{"line":155,"column":0},"end":{"line":155,"column":22}},"155":{"start":{"line":156,"column":0},"end":{"line":156,"column":18}},"156":{"start":{"line":157,"column":0},"end":{"line":157,"column":11}},"158":{"start":{"line":159,"column":0},"end":{"line":159,"column":1}}},"s":{"0":1,"1":1,"2":1,"5":23,"6":23,"7":23,"9":23,"10":23,"12":23,"13":12,"14":12,"16":12,"17":12,"18":12,"19":12,"20":12,"21":12,"22":12,"23":12,"24":11,"25":11,"26":11,"27":2,"28":2,"29":9,"30":12,"31":12,"32":9,"33":9,"34":9,"35":12,"36":12,"37":3,"38":3,"39":3,"40":12,"41":23,"43":23,"44":23,"45":12,"46":12,"47":12,"48":12,"49":12,"50":12,"51":12,"53":12,"55":11,"56":23,"57":3,"58":3,"59":3,"60":3,"61":3,"62":3,"63":3,"65":3,"67":8,"68":8,"69":8,"70":8,"71":8,"73":8,"74":8,"75":8,"76":8,"77":8,"79":8,"80":8,"81":8,"82":8,"84":8,"85":8,"86":8,"87":8,"89":8,"90":8,"91":8,"92":8,"93":8,"95":8,"96":8,"97":8,"98":8,"99":8,"100":23,"101":23,"102":23,"103":23,"105":23,"106":5,"107":3,"109":23,"110":23,"112":23,"113":23,"114":23,"116":2,"118":6,"119":6,"121":8,"122":8,"123":8,"124":8,"125":8,"126":8,"127":8,"128":8,"129":8,"130":8,"131":8,"132":8,"133":8,"134":8,"135":8,"136":8,"137":8,"138":8,"139":8,"140":8,"141":8,"142":8,"143":8,"145":8,"146":7,"147":1,"149":8,"150":8,"151":6,"152":6,"154":23,"155":23,"156":23,"158":23},"branchMap":{"0":{"type":"branch","line":6,"loc":{"start":{"line":6,"column":0},"end":{"line":159,"column":1}},"locations":[{"start":{"line":6,"column":0},"end":{"line":159,"column":1}}]},"1":{"type":"branch","line":45,"loc":{"start":{"line":45,"column":4},"end":{"line":54,"column":5}},"locations":[{"start":{"line":45,"column":4},"end":{"line":54,"column":5}}]},"2":{"type":"branch","line":54,"loc":{"start":{"line":54,"column":4},"end":{"line":56,"column":21}},"locations":[{"start":{"line":54,"column":4},"end":{"line":56,"column":21}}]},"3":{"type":"branch","line":57,"loc":{"start":{"line":57,"column":8},"end":{"line":66,"column":5}},"locations":[{"start":{"line":57,"column":8},"end":{"line":66,"column":5}}]},"4":{"type":"branch","line":66,"loc":{"start":{"line":66,"column":4},"end":{"line":101,"column":82}},"locations":[{"start":{"line":66,"column":4},"end":{"line":101,"column":82}}]},"5":{"type":"branch","line":101,"loc":{"start":{"line":101,"column":77},"end":{"line":101,"column":147}},"locations":[{"start":{"line":101,"column":77},"end":{"line":101,"column":147}}]},"6":{"type":"branch","line":101,"loc":{"start":{"line":101,"column":141},"end":{"line":101,"column":148}},"locations":[{"start":{"line":101,"column":141},"end":{"line":101,"column":148}}]},"7":{"type":"branch","line":106,"loc":{"start":{"line":106,"column":57},"end":{"line":107,"column":143}},"locations":[{"start":{"line":106,"column":57},"end":{"line":107,"column":143}}]},"8":{"type":"branch","line":107,"loc":{"start":{"line":107,"column":141},"end":{"line":108,"column":65}},"locations":[{"start":{"line":107,"column":141},"end":{"line":108,"column":65}}]},"9":{"type":"branch","line":115,"loc":{"start":{"line":115,"column":57},"end":{"line":117,"column":62}},"locations":[{"start":{"line":115,"column":57},"end":{"line":117,"column":62}}]},"10":{"type":"branch","line":117,"loc":{"start":{"line":117,"column":58},"end":{"line":153,"column":30}},"locations":[{"start":{"line":117,"column":58},"end":{"line":153,"column":30}}]},"11":{"type":"branch","line":13,"loc":{"start":{"line":13,"column":14},"end":{"line":42,"column":7}},"locations":[{"start":{"line":13,"column":14},"end":{"line":42,"column":7}}]},"12":{"type":"branch","line":24,"loc":{"start":{"line":24,"column":14},"end":{"line":31,"column":9}},"locations":[{"start":{"line":24,"column":14},"end":{"line":31,"column":9}}]},"13":{"type":"branch","line":27,"loc":{"start":{"line":27,"column":12},"end":{"line":29,"column":13}},"locations":[{"start":{"line":27,"column":12},"end":{"line":29,"column":13}}]},"14":{"type":"branch","line":29,"loc":{"start":{"line":29,"column":12},"end":{"line":30,"column":30}},"locations":[{"start":{"line":29,"column":12},"end":{"line":30,"column":30}}]},"15":{"type":"branch","line":32,"loc":{"start":{"line":32,"column":14},"end":{"line":36,"column":9}},"locations":[{"start":{"line":32,"column":14},"end":{"line":36,"column":9}}]},"16":{"type":"branch","line":37,"loc":{"start":{"line":37,"column":15},"end":{"line":41,"column":9
[...]
":12,"column":0},"end":{"line":12,"column":52}},"12":{"start":{"line":13,"column":0},"end":{"line":13,"column":20}},"13":{"start":{"line":14,"column":0},"end":{"line":14,"column":9}},"14":{"start":{"line":15,"column":0},"end":{"line":15,"column":50}},"15":{"start":{"line":16,"column":0},"end":{"line":16,"column":19}},"16":{"start":{"line":17,"column":0},"end":{"line":17,"column":9}},"18":{"start":{"line":19,"column":0},"end":{"line":19,"column":35}},"19":{"start":{"line":20,"column":0},"end":{"line":20,"column":9}},"20":{"start":{"line":21,"column":0},"end":{"line":21,"column":16}},"21":{"start":{"line":22,"column":0},"end":{"line":22,"column":13}},"22":{"start":{"line":23,"column":0},"end":{"line":23,"column":53}},"23":{"start":{"line":24,"column":0},"end":{"line":24,"column":17}},"24":{"start":{"line":25,"column":0},"end":{"line":25,"column":65}},"25":{"start":{"line":26,"column":0},"end":{"line":26,"column":19}},"27":{"start":{"line":28,"column":0},"end":{"line":28,"column":62}},"28":{"start":{"line":29,"column":0},"end":{"line":29,"column":17}},"29":{"start":{"line":30,"column":0},"end":{"line":30,"column":53}},"30":{"start":{"line":31,"column":0},"end":{"line":31,"column":58}},"31":{"start":{"line":32,"column":0},"end":{"line":32,"column":27}},"32":{"start":{"line":33,"column":0},"end":{"line":33,"column":17}},"34":{"start":{"line":35,"column":0},"end":{"line":35,"column":29}},"35":{"start":{"line":36,"column":0},"end":{"line":36,"column":17}},"36":{"start":{"line":37,"column":0},"end":{"line":37,"column":50}},"37":{"start":{"line":38,"column":0},"end":{"line":38,"column":27}},"38":{"start":{"line":39,"column":0},"end":{"line":39,"column":17}},"40":{"start":{"line":41,"column":0},"end":{"line":41,"column":46}},"41":{"start":{"line":42,"column":0},"end":{"line":42,"column":41}},"42":{"start":{"line":43,"column":0},"end":{"line":43,"column":27}},"43":{"start":{"line":44,"column":0},"end":{"line":44,"column":46}},"44":{"start":{"line":45,"column":0},"end":{"line":45,"column":13}},"45":{"start":{"line":46,"column":0},"end":{"line":46,"column":9}},"47":{"start":{"line":48,"column":0},"end":{"line":48,"column":20}},"48":{"start":{"line":49,"column":0},"end":{"line":49,"column":19}},"51":{"start":{"line":52,"column":0},"end":{"line":52,"column":24}},"52":{"start":{"line":53,"column":0},"end":{"line":53,"column":5}},"53":{"start":{"line":54,"column":0},"end":{"line":54,"column":69}},"54":{"start":{"line":55,"column":0},"end":{"line":55,"column":122}},"55":{"start":{"line":56,"column":0},"end":{"line":56,"column":86}},"56":{"start":{"line":57,"column":0},"end":{"line":57,"column":6}},"58":{"start":{"line":59,"column":0},"end":{"line":59,"column":12}},"59":{"start":{"line":60,"column":0},"end":{"line":60,"column":13}},"60":{"start":{"line":61,"column":0},"end":{"line":61,"column":19}},"61":{"start":{"line":62,"column":0},"end":{"line":62,"column":6}},"62":{"start":{"line":63,"column":0},"end":{"line":63,"column":1}}},"s":{"0":0,"1":0,"4":0,"5":0,"6":0,"9":0,"10":0,"11":0,"12":0,"13":0,"14":0,"15":0,"16":0,"18":0,"19":0,"20":0,"21":0,"22":0,"23":0,"24":0,"25":0,"27":0,"28":0,"29":0,"30":0,"31":0,"32":0,"34":0,"35":0,"36":0,"37":0,"38":0,"40":0,"41":0,"42":0,"43":0,"44":0,"45":0,"47":0,"48":0,"51":0,"52":0,"53":0,"54":0,"55":0,"56":0,"58":0,"59":0,"60":0,"61":0,"62":0},"branchMap":{"0":{"type":"branch","line":1,"loc":{"start":{"line":1,"column":1869},"end":{"line":63,"column":1}},"locations":[{"start":{"line":1,"column":1869},"end":{"line":63,"column":1}}]}},"b":{"0":[0]},"fnMap":{"0":{"name":"(empty-report)","decl":{"start":{"line":1,"column":1869},"end":{"line":63,"column":1}},"loc":{"start":{"line":1,"column":1869},"end":{"line":63,"column":1}},"line":1}},"f":{"0":0}}
,"C:\\Users\\micmicha\\Documents\\FlashcardsProject\\FlashcardsFrontend\\src\\types and interfaces\\interfaces.ts": {"path":"C:\\Users\\micmicha\\Documents\\FlashcardsProject\\FlashcardsFrontend\\src\\types and interfaces\\interfaces.ts","all":true,"statementMap":{"0":{"start":{"line":1,"column":0},"end":{"line":1,"column":64}},"1":{"start":{"line":2,"column":0},"end":{"line":2,"column":66}},"2":{"start":{"line":3,"column":0},"end":{"line":3,"column":0}},"3":{"start":{"line":4,"column":0},"end":{"line":4,"column":38}},"4":{"start":{"line":5,"column":0},"end":{"line":5,"column":1}},"5":{"start":{"line":6,"column":0},"end":{"line":6,"column":47}},"6":{"start":{"line":7,"column":0},"end":{"line":7,"column":1}},"7":{"start":{"line":8,"column":0},"end":{"line":8,"column":0}},"8":{"start":{"line":9,"column":0},"end":{"line":9,"column":36}},"9":{"start":{"line":10,"column":0},"end":{"line":10,"column":1}},"10":{"start":{"line":11,"column":0},"end":{"line":11,"column":34}},"11":{"start":{"line":12,"column":0},"end":{"line":12,"column":1}},"12":{"start":{"line":13,"column":0},"end":{"line":13,"column":0}},"13":{"start":{"line":14,"column":0},"end":{"line":14,"column":41}},"14":{"start":{"line":15,"column":0},"end":{"line":15,"column":1}},"15":{"start":{"line":16,"column":0},"end":{"line":16,"column":44}},"16":{"start":{"line":17,"column":0},"end":{"line":17,"column":30}},"17":{"start":{"line":18,"column":0},"end":{"line":18,"column":1}},"18":{"start":{"line":19,"column":0},"end":{"line":19,"column":0}},"19":{"start":{"line":20,"column":0},"end":{"line":20,"column":39}},"20":{"start":{"line":21,"column":0},"end":{"line":21,"column":1}},"21":{"start":{"line":22,"column":0},"end":{"line":22,"column":34}},"22":{"start":{"line":23,"column":0},"end":{"line":23,"column":1}},"23":{"start":{"line":24,"column":0},"end":{"line":24,"column":0}},"24":{"start":{"line":25,"column":0},"end":{"line":25,"column":43}},"25":{"start":{"line":26,"column":0},"end":{"line":26,"column":1}},"26":{"start":{"line":27,"column":0},"end":{"line":27,"column":28}},"27":{"start":{"line":28,"column":0},"end":{"line":28,"column":27}},"28":{"start":{"line":29,"column":0},"end":{"line":29,"column":71}},"29":{"start":{"line":30,"column":0},"end":{"line":30,"column":32}},"30":{"start":{"line":31,"column":0},"end":{"line":31,"column":31}},"31":{"start":{"line":32,"column":0},"end":{"line":32,"column":1}},"32":{"start":{"line":33,"column":0},"end":{"line":33,"column":0}},"33":{"start":{"line":34,"column":0},"end":{"line":34,"column":40}},"34":{"start":{"line":35,"column":0},"end":{"line":35,"column":1}},"35":{"start":{"line":36,"column":0},"end":{"line":36,"column":25}},"36":{"start":{"line":37,"column":0},"end":{"line":37,"column":86}},"37":{"start":{"line":38,"column":0},"end":{"line":38,"column":44}},"38":{"start":{"line":39,"column":0},"end":{"line":39,"column":28}},"39":{"start":{"line":40,"column":0},"end":{"line":40,"column":1}},"40":{"start":{"line":41,"column":0},"end":{"line":41,"column":0}},"41":{"start":{"line":42,"column":0},"end":{"line":42,"column":41}},"42":{"start":{"line":43,"column":0},"end":{"line":43,"column":1}},"43":{"start":{"line":44,"column":0},"end":{"line":44,"column":33}},"44":{"start":{"line":45,"column":0},"end":{"line":45,"column":24}},"45":{"start":{"line":46,"column":0},"end":{"line":46,"column":28}},"46":{"start":{"line":47,"column":0},"end":{"line":47,"column":69}},"47":{"start":{"line":48,"column":0},"end":{"line":48,"column":61}},"48":{"start":{"line":49,"column":0},"end":{"line":49,"column":62}},"49":{"start":{"line":50,"column":0},"end":{"line":50,"column":1}},"50":{"start":{"line":51,"column":0},"end":{"line":51,"column":0}},"51":{"start":{"line":52,"column":0},"end":{"line":52,"column":38}},"52":{"start":{"line":53,"column":0},"end":{"line":53,"column":1}},"53":{"start":{"line":54,"column":0},"end":{"line":54,"column":20}},"54":{"start":{"line":55,"column":0},"end":{"line":55,"column":18}},"55":{"start":{"line":56,"column":0},"end":{"line":56,"column":21}},"56":{"start":{"line":57,"column":0},"end":{"line":57,"column":23}},"57":{"start":{"line":58,"column":0},"end":{"line":58,"column":61}},"58":{"start":{"line":59,"column":0},"end":{"line":59,"column":62}},"59":{"start":{"line":60,"column":0},"end":{"line":60,"column":67}},"60":{"start":{"line":61,"column":0},"end":{"line":61,"column":41}},"61":{"start":{"line":62,"column":0},"end":{"line":62,"column":1}},"62":{"start":{"line":63,"column":0},"end":{"line":63,"column":0}},"63":{"start":{"line":64,"column":0},"end":{"line":64,"column":38}},"64":{"start":{"line":65,"column":0},"end":{"line":65,"column":1}},"65":{"start":{"line":66,"column":0},"end":{"line":66,"column":20}},"66":{"start":{"line":67,"column":0},"end":{"line":67,"column":1}},"67":{"start":{"line":68,"column":0},"end":{"line":68,"column":0}},"68":{"start":{"line":69,"column":0},"end":{"line":69,"column":36}},"69":{"start":{"line":70,"column":0},"end":{"line":70,"column":1}},"70":{"start":{"line":71,"column":0},"end":{"line":71,"column":47}},"71":{"start":{"line":72,"column":0},"end":{"line":72,"column":1}},"72":{"start":{"line":73,"column":0},"end":{"line":73,"column":0}},"73":{"start":{"line":74,"column":0},"end":{"line":74,"column":42}},"74":{"start":{"line":75,"column":0},"end":{"line":75,"column":1}},"75":{"start":{"line":76,"column":0},"end":{"line":76,"column":17}},"76":{"start":{"line":77,"column":0},"end":{"line":77,"column":21}},"77":{"start":{"line":78,"column":0},"end":{"line":78,"column":64}},"78":{"start":{"line":79,"column":0},"end":{"line":79,"column":50}},"79":{"start":{"line":80,"column":0},"end":{"line":80,"column":1}},"80":{"start":{"line":81,"column":0},"end":{"line":81,"column":0}},"81":{"start":{"line":82,"column":0},"end":{"line":82,"column":40}},"82":{"start":{"line":83,"column":0},"end":{"line":83,"column":1}},"83":{"start":{"line":84,"column":0},"end":{"line":84,"column":30}},"84":{"start":{"line":85,"column":0},"end":{"line":85,"column":23}},"85":{"start":{"line":86,"column":0},"end":{"line":86,"column":1}},"86":{"start":{"line":87,"column":0},"end":{"line":87,"column":0}},"87":{"start":{"line":88,"column":0},"end":{"line":88,"column":44}},"88":{"start":{"line":89,"column":0},"end":{"line":89,"column":1}},"89":{"start":{"line":90,"column":0},"end":{"line":90,"column":17}},"90":{"start":{"line":91,"column":0},"end":{"line":91,"column":21}},"91":{"start":{"line":92,"column":0},"end":{"line":92,"column":45}},"92":{"start":{"line":93,"column":0},"end":{"line":93,"column":1}},"93":{"start":{"line":94,"column":0},"end":{"line":94,"column":0}},"94":{"start":{"line":95,"column":0},"end":{"line":95,"column":42}},"95":{"start":{"line":96,"column":0},"end":{"line":96,"column":1}},"96":{"start":{"line":97,"column":0},"end":{"line":97,"column":32}},"97":{"start":{"line":98,"column":0},"end":{"line":98,"column":1}},"98":{"start":{"line":99,"column":0},"end":{"line":99,"column":0}},"99":{"start":{"line":100,"column":0},"end":{"line":100,"column":40}},"100":{"start":{"line":101,"column":0},"end":{"line":101,"column":1}},"101":{"start":{"line":102,"column":0},"end":{"line":102,"column":17}},"102":{"start":{"line":103,"column":0},"end":{"line":103,"column":21}},"103":{"start":{"line":104,"column":0},"end":{"line":104,"column":64}},"104":{"start":{"line":105,"column":0},"end":{"line":105,"column":45}},"105":{"start":{"line":106,"column":0},"end":{"line":106,"column":43}},"106":{"start":{"line":107,"column":0},"end":{"line":107,"column":50}},"107":{"start":{"line":108,"column":0},"end":{"line":108,"column":62}},"108":{"start":{"line":109,"column":0},"end":{"line":109,"column":1}},"109":{"start":{"line":110,"column":0},"end":{"line":110,"column":0}},"110":{"start":{"line":111,"column":0},"end":{"line":111,"column":38}},"111":{"start":{"line":112,"column":0},"end":{"line":112,"column":1}},"112":{"start":{"line":113,"column":0},"end":{"line":113,"column":37}},"113":{"start":{"line":114,"column":0},"end":{"line":114,"column":1}},"114":{"start":{"line":115,"column":0},"end":{"line":115,"column":0}},"115":{"start":{"line":116,"column":0},"end":{"line":116,"column":43}},"116":{"start":{"line":117,"column":0},"end":{"line":117,"column":1}},"117":{"start":{"line":118,"column":0},"end":{"line":118,"column":25}},"118":{"start":{"line":119,"column":0},"end":{"line":119,"column":33}},"119":{"start":{"line":120,"column":0},"end":{"line":120,"column":58}},"120":{"start":{"line":121,"column":0},"end":{"line":121,"column":86}},"121":{"start":{"line":122,"column":0},"end":{"line":122,"column":1}},"122":{"start":{"line":123,"column":0},"end":{"line":123,"column":0}},"123":{"start":{"line":124,"column":0},"end":{"line":124,"column":41}},"124":{"start":{"line":125,"column":0},"end":{"line":125,"column":1}},"125":{"start":{"line":126,"column":0},"end":{"line":126,"column":43}},"126":{"start":{"line":127,"column":0},"end":{"line":127,"column":1}},"127":{"start":{"line":128,"column":0},"end":{"line":128,"column":0}},"128":{"start":{"line":129,"column":0},"end":{"line":129,"column":41}},"129":{"start":{"line":130,"column":0},"end":{"line":130,"column":1}},"130":{"start":{"line":131,"column":0},"end":{"line":131,"column":25}},"131":{"start":{"line":132,"column":0},"end":{"line":132,"column":33}},"132":{"start":{"line":133,"column":0},"end":{"line":133,"column":32}},"133":{"start":{"line":134,"column":0},"end":{"line":134,"column":29}},"134":{"start":{"line":135,"column":0},"end":{"line":135,"column":1}},"135":{"start":{"line":136,"column":0},"end":{"line":136,"column":0}},"136":{"start":{"line":137,"column":0},"end":{"line":137,"column":39}},"137":{"start":{"line":138,"column":0},"end":{"line":138,"column":1}},"138":{"start":{"line":139,"column":0},"end":{"line":139,"column":43}},"139":{"start":{"line":140,"column":0},"end":{"line":140,"column":1}}},"s":{"0":0,"1":0,"2":0,"3":0,"4":0,"5":0,"6":0,"7":0,"8":0,"9":0,"10":0,"11":0,"12":0,"13":0,"14":0,"15":0,"16":0,"17":0,"18":0,"19":0,"20":0,"21":0,"22":0,"23":0,"24":0,"25":0,"26":0,"27":0,"28":0,"29":0,"30":0,"31":0,"32":0,"33":0,"34":0,"35":0,"36":0,"37":0,"38":0,"39":0,"40":0,"41":0,"42":0,"43":0,"44":0,"45":0,"46":0,"47":0,"48":0,"49":0,"50":0,"51":0,"52":0,"53":0,"54":0,"55":0,"56":0,"57":0,"58":0,"59":0,"60":0,"61":0,"62":0,"63":0,"64":0,"65":0,"66":0,"67":0,"68":0,"69":0,"70":0,"71":0,"72":0,"73":0,"74":0,"75":0,"76":0,"77":0,"78":0,"79":0,"80":0,"81":0,"82":0,"83":0,"84":0,"85":0,"86":0,"87":0,"88":0,"89":0,"90":0,"91":0,"92":0,"93":0,"94":0,"95":0,"96":0,"97":0,"98":0,"99":0,"100":0,"101":0,"102":0,"103":0,"104":0,"105":0,"106":0,"107":0,"108":0,"109":0,"110":0,"111":0,"112":0,"113":0,"114":0,"115":0,"116":0,"117":0,"118":0,"119":0,"120":0,"121":0,"122":0,"123":0,"124":0,"125":0,"126":0,"127":0,"128":0,"129":0,"130":0,"131":0,"132":0,"133":0,"134":0,"135":0,"136":0,"137":0,"138":0,"139":0},"branchMap":{"0":{"type":"branch","line":1,"loc":{"start":{"line":1,"column":0},"end":{"line":140,"column":1}},"locations":[{"start":{"line":1,"column":0},"end":{"line":140,"column":1}}]}},"b":{"0":[0]},"fnMap":{"0":{"name":"(empty-report)","decl":{"start":{"line":1,"column":0},"end":{"line":140,"column":1}},"loc":{"start":{"line":1,"column":0},"end":{"line":140,"column":1}},"line":1}},"f":{"0":0}}
,"C:\\Users\\micmicha\\Documents\\FlashcardsProject\\FlashcardsFrontend\\src\\types and interfaces\\types.ts": {"path":"C:\\Users\\micmicha\\Documents\\FlashcardsProject\\FlashcardsFrontend\\src\\types and interfaces\\types.ts","all":true,"statementMap":{"0":{"start":{"line":1,"column":0},"end":{"line":1,"column":39}},"1":{"start":{"line":2,"column":0},"end":{"line":2,"column":0}},"2":{"start":{"line":3,"column":0},"end":{"line":3,"column":24}},"3":{"start":{"line":4,"column":0},"end":{"line":4,"column":1}},"4":{"start":{"line":5,"column":0},"end":{"line":5,"column":15}},"5":{"start":{"line":6,"column":0},"end":{"line":6,"column":18}},"6":{"start":{"line":7,"column":0},"end":{"line":7,"column":21}},"7":{"start":{"line":8,"column":0},"end":{"line":8,"column":20}},"8":{"start":{"line":9,"column":0},"end":{"line":9,"column":24}},"9":{"start":{"line":10,"column":0},"end":{"line":10,"column":28}},"10":{"start":{"line":11,"column":0},"end":{"line":11,"column":18}},"11":{"start":{"line":12,"column":0},"end":{"line":12,"column":20}},"12":{"start":{"line":13,"column":0},"end":{"line":13,"column":1}},"13":{"start":{"line":14,"column":0},"end":{"line":14,"column":0}},"14":{"start":{"line":15,"column":0},"end":{"line":15,"column":22}},"15":{"start":{"line":16,"column":0},"end":{"line":16,"column":1}},"16":{"start":{"line":17,"column":0},"end":{"line":17,"column":15}},"17":{"start":{"line":18,"column":0},"end":{"line":18,"column":17}},"18":{"start":{"line":19,"column":0},"end":{"line":19,"column":24}},"19":{"start":{"line":20,"column":0},"end":{"line":20,"column":28}},"20":{"start":{"line":21,"column":0},"end":{"line":21,"column":32}},"21":{"start":{"line":22,"column":0},"end":{"line":22,"column":18}},"22":{"start":{"line":23,"column":0},"end":{"line":23,"column":1}},"23":{"start":{"line":24,"column":0},"end":{"line":24,"column":0}},"24":{"start":{"line":25,"column":0},"end":{"line":25,"column":31}},"25":{"start":{"line":26,"column":0},"end":{"line":26,"column":1}},"26":{"start":{"line":27,"column":0},"end":{"line":27,"column":13}},"27":{"start":{"line":28,"column":0},"end":{"line":28,"column":14}},"28":{"start":{"line":29,"column":0},"end":{"line":29,"column":13}},"29":{"start":{"line":30,"column":0},"end":{"line":30,"column":14}},"30":{"start":{"line":31,"column":0},"end":{"line":31,"column":2}},"31":{"start":{"line":32,"column":0},"end":{"line":32,"column":0}},"32":{"start":{"line":33,"column":0},"end":{"line":33,"column":21}},"33":{"start":{"line":34,"column":0},"end":{"line":34,"column":1}},"34":{"start":{"line":35,"column":0},"end":{"line":35,"column":18}},"35":{"start":{"line":36,"column":0},"end":{"line":36,"column":20}},"36":{"start":{"line":37,"column":0},"end":{"line":37,"column":23}},"37":{"start":{"line":38,"column":0},"end":{"line":38,"column":23}},"38":{"start":{"line":39,"column":0},"end":{"line":39,"column":25}},"39":{"start":{"line":40,"column":0},"end":{"line":40,"column":2}},"40":{"start":{"line":41,"column":0},"end":{"line":41,"column":0}},"41":{"start":{"line":42,"column":0},"end":{"line":42,"column":25}},"42":{"start":{"line":43,"column":0},"end":{"line":43,"column":1}},"43":{"start":{"line":44,"column":0},"end":{"line":44,"column":22}},"44":{"start":{"line":45,"column":0},"end":{"line":45,"column":28}},"45":{"start":{"line":46,"column":0},"end":{"line":46,"column":28}},"46":{"start":{"line":47,"column":0},"end":{"line":47,"column":30}},"47":{"start":{"line":48,"column":0},"end":{"line":48,"column":35}},"48":{"start":{"line":49,"column":0},"end":{"line":49,"column":2}},"49":{"start":{"line":50,"column":0},"end":{"line":50,"column":0}},"50":{"start":{"line":51,"column":0},"end":{"line":51,"column":26}},"51":{"start":{"line":52,"column":0},"end":{"line":52,"column":1}},"52":{"start":{"line":53,"column":0},"end":{"line":53,"column":11}},"53":{"start":{"line":54,"column":0},"end":{"line":54,"column":5}},"54":{"start":{"line":55,"column":0},"end":{"line":55,"column":20}},"55":{"start":{"line":56,"column":0},"end":{"line":56,"column":20}},"56":{"start":{"line":57,"column":0},"end":{"line":57,"column":6}},"57":{"start":{"line":58,"column":0},"end":{"line":58,"column":24}},"58":{"start":{"line":59,"column":0},"end":{"line":59,"column":2}}},"s":{"0":0,"1":0,"2":0,"3":0,"4":0,"5":0,"6":0,"7":0,"8":0,"9":0,"10":0,"11":0,"12":0,"13":0,"14":0,"15":0,"16":0,"17":0,"18":0,"19":0,"20":0,"21":0,"22":0,"23":0,"24":0,"25":0,"26":0,"27":0,"28":0,"29":0,"30":0,"31":0,"32":0,"33":0,"34":0,"35":0,"36":0,"37":0,"38":0,"39":0,"40":0,"41":0,"42":0,"43":0,"44":0,"45":0,"46":0,"47":0,"48":0,"49":0,"50":0,"51":0,"52":0,"53":0,"54":0,"55":0,"56":0,"57":0,"58":0},"branchMap":{"0":{"type":"branch","line":1,"loc":{"start":{"line":1,"column":0},"end":{"line":59,"column":2}},"locations":[{"start":{"line":1,"column":0},"end":{"line":59,"column":2}}]}},"b":{"0":[0]},"fnMap":{"0":{"name":"(empty-report)","decl":{"start":{"line":1,"column":0},"end":{"line":59,"column":2}},"loc":{"start":{"line":1,"column":0},"end":{"line":59,"column":2}},"line":1}},"f":{"0":0}}
}
