{"C:\\Users\\micmicha\\Documents\\FlashcardsProject\\FlashcardsFrontend\\i18n.ts": {"path":"C:\\Users\\micmicha\\Documents\\FlashcardsProject\\FlashcardsFrontend\\i18n.ts","all":true,"statementMap":{"0":{"start":{"line":1,"column":0},"end":{"line":1,"column":27}},"1":{"start":{"line":2,"column":0},"end":{"line":2,"column":49}},"3":{"start":{"line":4,"column":0},"end":{"line":4,"column":41}},"4":{"start":{"line":5,"column":0},"end":{"line":5,"column":41}},"5":{"start":{"line":6,"column":0},"end":{"line":6,"column":41}},"7":{"start":{"line":8,"column":0},"end":{"line":8,"column":18}},"8":{"start":{"line":9,"column":0},"end":{"line":9,"column":1}},"9":{"start":{"line":10,"column":0},"end":{"line":10,"column":6}},"10":{"start":{"line":11,"column":0},"end":{"line":11,"column":3}},"11":{"start":{"line":12,"column":0},"end":{"line":12,"column":19}},"12":{"start":{"line":13,"column":0},"end":{"line":13,"column":4}},"13":{"start":{"line":14,"column":0},"end":{"line":14,"column":6}},"14":{"start":{"line":15,"column":0},"end":{"line":15,"column":3}},"15":{"start":{"line":16,"column":0},"end":{"line":16,"column":19}},"16":{"start":{"line":17,"column":0},"end":{"line":17,"column":8}},"17":{"start":{"line":18,"column":0},"end":{"line":18,"column":6}},"18":{"start":{"line":19,"column":0},"end":{"line":19,"column":3}},"19":{"start":{"line":20,"column":0},"end":{"line":20,"column":19}},"20":{"start":{"line":21,"column":0},"end":{"line":21,"column":3}},"21":{"start":{"line":22,"column":0},"end":{"line":22,"column":2}},"23":{"start":{"line":24,"column":0},"end":{"line":24,"column":4}},"24":{"start":{"line":25,"column":0},"end":{"line":25,"column":24}},"25":{"start":{"line":26,"column":0},"end":{"line":26,"column":9}},"26":{"start":{"line":27,"column":0},"end":{"line":27,"column":14}},"27":{"start":{"line":28,"column":0},"end":{"line":28,"column":58}},"28":{"start":{"line":29,"column":0},"end":{"line":29,"column":22}},"29":{"start":{"line":30,"column":0},"end":{"line":30,"column":19}},"30":{"start":{"line":31,"column":0},"end":{"line":31,"column":5}},"31":{"start":{"line":32,"column":0},"end":{"line":32,"column":24}},"32":{"start":{"line":33,"column":0},"end":{"line":33,"column":5}},"33":{"start":{"line":34,"column":0},"end":{"line":34,"column":5}},"35":{"start":{"line":36,"column":0},"end":{"line":36,"column":20}}},"s":{"0":0,"1":0,"3":0,"4":0,"5":0,"7":0,"8":0,"9":0,"10":0,"11":0,"12":0,"13":0,"14":0,"15":0,"16":0,"17":0,"18":0,"19":0,"20":0,"21":0,"23":0,"24":0,"25":0,"26":0,"27":0,"28":0,"29":0,"30":0,"31":0,"32":0,"33":0,"35":0},"branchMap":{"0":{"type":"branch","line":1,"loc":{"start":{"line":1,"column":598},"end":{"line":36,"column":20}},"locations":[{"start":{"line":1,"column":598},"end":{"line":36,"column":20}}]}},"b":{"0":[0]},"fnMap":{"0":{"name":"(empty-report)","decl":{"start":{"line":1,"column":598},"end":{"line":36,"column":20}},"loc":{"start":{"line":1,"column":598},"end":{"line":36,"column":20}},"line":1}},"f":{"0":0}}
,"C:\\Users\\micmicha\\Documents\\FlashcardsProject\\FlashcardsFrontend\\src\\App.tsx": {"path":"C:\\Users\\micmicha\\Documents\\FlashcardsProject\\FlashcardsFrontend\\src\\App.tsx","all":true,"statementMap":{"1":{"start":{"line":2,"column":0},"end":{"line":2,"column":72}},"3":{"start":{"line":4,"column":0},"end":{"line":4,"column":43}},"4":{"start":{"line":5,"column":0},"end":{"line":5,"column":48}},"5":{"start":{"line":6,"column":0},"end":{"line":6,"column":51}},"6":{"start":{"line":7,"column":0},"end":{"line":7,"column":53}},"7":{"start":{"line":8,"column":0},"end":{"line":8,"column":53}},"8":{"start":{"line":9,"column":0},"end":{"line":9,"column":51}},"9":{"start":{"line":10,"column":0},"end":{"line":10,"column":67}},"11":{"start":{"line":12,"column":0},"end":{"line":12,"column":29}},"12":{"start":{"line":13,"column":0},"end":{"line":13,"column":1}},"13":{"start":{"line":14,"column":0},"end":{"line":14,"column":12}},"14":{"start":{"line":15,"column":0},"end":{"line":15,"column":23}},"15":{"start":{"line":16,"column":0},"end":{"line":16,"column":20}},"17":{"start":{"line":18,"column":0},"end":{"line":18,"column":82}},"18":{"start":{"line":19,"column":0},"end":{"line":19,"column":59}},"19":{"start":{"line":20,"column":0},"end":{"line":20,"column":65}},"22":{"start":{"line":23,"column":0},"end":{"line":23,"column":67}},"23":{"start":{"line":24,"column":0},"end":{"line":24,"column":69}},"24":{"start":{"line":25,"column":0},"end":{"line":25,"column":69}},"25":{"start":{"line":26,"column":0},"end":{"line":26,"column":67}},"26":{"start":{"line":27,"column":0},"end":{"line":27,"column":87}},"27":{"start":{"line":28,"column":0},"end":{"line":28,"column":21}},"28":{"start":{"line":29,"column":0},"end":{"line":29,"column":24}},"30":{"start":{"line":31,"column":0},"end":{"line":31,"column":1}}},"s":{"1":0,"3":0,"4":0,"5":0,"6":0,"7":0,"8":0,"9":0,"11":0,"12":0,"13":0,"14":0,"15":0,"17":0,"18":0,"19":0,"22":0,"23":0,"24":0,"25":0,"26":0,"27":0,"28":0,"30":0},"branchMap":{"0":{"type":"branch","line":1,"loc":{"start":{"line":1,"column":1313},"end":{"line":31,"column":1}},"locations":[{"start":{"line":1,"column":1313},"end":{"line":31,"column":1}}]}},"b":{"0":[1]},"fnMap":{"0":{"name":"(empty-report)","decl":{"start":{"line":1,"column":1313},"end":{"line":31,"column":1}},"loc":{"start":{"line":1,"column":1313},"end":{"line":31,"column":1}},"line":1}},"f":{"0":1}}
,"C:\\Users\\micmicha\\Documents\\FlashcardsProject\\FlashcardsFrontend\\src\\main.tsx": {"path":"C:\\Users\\micmicha\\Documents\\FlashcardsProject\\FlashcardsFrontend\\src\\main.tsx","all":true,"statementMap":{"0":{"start":{"line":1,"column":0},"end":{"line":1,"column":34}},"1":{"start":{"line":2,"column":0},"end":{"line":2,"column":45}},"2":{"start":{"line":3,"column":0},"end":{"line":3,"column":20}},"3":{"start":{"line":4,"column":0},"end":{"line":4,"column":27}},"4":{"start":{"line":5,"column":0},"end":{"line":5,"column":19}},"6":{"start":{"line":7,"column":0},"end":{"line":7,"column":52}},"7":{"start":{"line":8,"column":0},"end":{"line":8,"column":14}},"8":{"start":{"line":9,"column":0},"end":{"line":9,"column":11}},"9":{"start":{"line":10,"column":0},"end":{"line":10,"column":16}},"10":{"start":{"line":11,"column":0},"end":{"line":11,"column":1}}},"s":{"0":0,"1":0,"2":0,"3":0,"4":0,"6":0,"7":0,"8":0,"9":0,"10":0},"branchMap":{"0":{"type":"branch","line":1,"loc":{"start":{"line":1,"column":231},"end":{"line":11,"column":-177}},"locations":[{"start":{"line":1,"column":231},"end":{"line":11,"column":-177}}]}},"b":{"0":[0]},"fnMap":{"0":{"name":"(empty-report)","decl":{"start":{"line":1,"column":231},"end":{"line":11,"column":-177}},"loc":{"start":{"line":1,"column":231},"end":{"line":11,"column":-177}},"line":1}},"f":{"0":0}}
,"C:\\Users\\micmicha\\Documents\\FlashcardsProject\\FlashcardsFrontend\\src\\components\\AddFlashcardButton.tsx": {"path":"C:\\Users\\micmicha\\Documents\\FlashcardsProject\\FlashcardsFrontend\\src\\components\\AddFlashcardButton.tsx","all":false,"statementMap":{"0":{"start":{"line":1,"column":0},"end":{"line":1,"column":40}},"2":{"start":{"line":3,"column":0},"end":{"line":3,"column":47}},"14":{"start":{"line":15,"column":0},"end":{"line":15,"column":151}},"15":{"start":{"line":16,"column":0},"end":{"line":16,"column":1}},"16":{"start":{"line":17,"column":0},"end":{"line":17,"column":35}},"19":{"start":{"line":20,"column":0},"end":{"line":20,"column":29}},"20":{"start":{"line":21,"column":0},"end":{"line":21,"column":48}},"21":{"start":{"line":22,"column":0},"end":{"line":22,"column":48}},"22":{"start":{"line":23,"column":0},"end":{"line":23,"column":48}},"23":{"start":{"line":24,"column":0},"end":{"line":24,"column":47}},"24":{"start":{"line":25,"column":0},"end":{"line":25,"column":6}},"26":{"start":{"line":27,"column":0},"end":{"line":27,"column":48}},"27":{"start":{"line":28,"column":0},"end":{"line":28,"column":58}},"28":{"start":{"line":29,"column":0},"end":{"line":29,"column":5}},"29":{"start":{"line":30,"column":0},"end":{"line":30,"column":15}},"30":{"start":{"line":31,"column":0},"end":{"line":31,"column":18}},"31":{"start":{"line":32,"column":0},"end":{"line":32,"column":21}},"32":{"start":{"line":33,"column":0},"end":{"line":33,"column":20}},"33":{"start":{"line":34,"column":0},"end":{"line":34,"column":24}},"34":{"start":{"line":35,"column":0},"end":{"line":35,"column":28}},"35":{"start":{"line":36,"column":0},"end":{"line":36,"column":27}},"36":{"start":{"line":37,"column":0},"end":{"line":37,"column":20}},"37":{"start":{"line":38,"column":0},"end":{"line":38,"column":7}},"39":{"start":{"line":40,"column":0},"end":{"line":40,"column":37}},"40":{"start":{"line":41,"column":0},"end":{"line":41,"column":5}},"41":{"start":{"line":42,"column":0},"end":{"line":42,"column":24}},"42":{"start":{"line":43,"column":0},"end":{"line":43,"column":21}},"43":{"start":{"line":44,"column":0},"end":{"line":44,"column":9}},"44":{"start":{"line":45,"column":0},"end":{"line":45,"column":19}},"45":{"start":{"line":46,"column":0},"end":{"line":46,"column":39}},"46":{"start":{"line":47,"column":0},"end":{"line":47,"column":25}},"47":{"start":{"line":48,"column":0},"end":{"line":48,"column":24}},"48":{"start":{"line":49,"column":0},"end":{"line":49,"column":28}},"49":{"start":{"line":50,"column":0},"end":{"line":50,"column":32}},"50":{"start":{"line":51,"column":0},"end":{"line":51,"column":31}},"51":{"start":{"line":52,"column":0},"end":{"line":52,"column":24}},"52":{"start":{"line":53,"column":0},"end":{"line":53,"column":11}},"53":{"start":{"line":54,"column":0},"end":{"line":54,"column":6}},"55":{"start":{"line":56,"column":0},"end":{"line":56,"column":92}},"56":{"start":{"line":57,"column":0},"end":{"line":57,"column":5}},"57":{"start":{"line":58,"column":0},"end":{"line":58,"column":72}},"58":{"start":{"line":59,"column":0},"end":{"line":59,"column":6}},"60":{"start":{"line":61,"column":0},"end":{"line":61,"column":50}},"61":{"start":{"line":62,"column":0},"end":{"line":62,"column":5}},"62":{"start":{"line":63,"column":0},"end":{"line":63,"column":27}},"63":{"start":{"line":64,"column":0},"end":{"line":64,"column":12}},"64":{"start":{"line":65,"column":0},"end":{"line":65,"column":40}},"65":{"start":{"line":66,"column":0},"end":{"line":66,"column":39}},"66":{"start":{"line":67,"column":0},"end":{"line":67,"column":47}},"67":{"start":{"line":68,"column":0},"end":{"line":68,"column":40}},"68":{"start":{"line":69,"column":0},"end":{"line":69,"column":11}},"69":{"start":{"line":70,"column":0},"end":{"line":70,"column":28}},"70":{"start":{"line":71,"column":0},"end":{"line":71,"column":13}},"71":{"start":{"line":72,"column":0},"end":{"line":72,"column":30}},"72":{"start":{"line":73,"column":0},"end":{"line":73,"column":37}},"73":{"start":{"line":74,"column":0},"end":{"line":74,"column":42}},"74":{"start":{"line":75,"column":0},"end":{"line":75,"column":34}},"75":{"start":{"line":76,"column":0},"end":{"line":76,"column":14}},"77":{"start":{"line":78,"column":0},"end":{"line":78,"column":57}},"79":{"start":{"line":80,"column":0},"end":{"line":80,"column":59}},"80":{"start":{"line":81,"column":0},"end":{"line":81,"column":13}},"81":{"start":{"line":82,"column":0},"end":{"line":82,"column":31}},"82":{"start":{"line":83,"column":0},"end":{"line":83,"column":25}},"83":{"start":{"line":84,"column":0},"end":{"line":84,"column":18}},"84":{"start":{"line":85,"column":0},"end":{"line":85,"column":55}},"85":{"start":{"line":86,"column":0},"end":{"line":86,"column":53}},"86":{"start":{"line":87,"column":0},"end":{"line":87,"column":18}},"87":{"start":{"line":88,"column":0},"end":{"line":88,"column":46}},"88":{"start":{"line":89,"column":0},"end":{"line":89,"column":14}},"89":{"start":{"line":90,"column":0},"end":{"line":90,"column":36}},"90":{"start":{"line":91,"column":0},"end":{"line":91,"column":26}},"91":{"start":{"line":92,"column":0},"end":{"line":92,"column":13}},"93":{"start":{"line":94,"column":0},"end":{"line":94,"column":53}},"94":{"start":{"line":95,"column":0},"end":{"line":95,"column":46}},"95":{"start":{"line":96,"column":0},"end":{"line":96,"column":34}},"96":{"start":{"line":97,"column":0},"end":{"line":97,"column":33}},"97":{"start":{"line":98,"column":0},"end":{"line":98,"column":14}},"98":{"start":{"line":99,"column":0},"end":{"line":99,"column":28}},"99":{"start":{"line":100,"column":0},"end":{"line":100,"column":13}},"100":{"start":{"line":101,"column":0},"end":{"line":101,"column":64}},"101":{"start":{"line":102,"column":0},"end":{"line":102,"column":68}},"102":{"start":{"line":103,"column":0},"end":{"line":103,"column":15}},"103":{"start":{"line":104,"column":0},"end":{"line":104,"column":9}},"104":{"start":{"line":105,"column":0},"end":{"line":105,"column":6}},"106":{"start":{"line":107,"column":0},"end":{"line":107,"column":34}},"107":{"start":{"line":108,"column":0},"end":{"line":108,"column":5}},"108":{"start":{"line":109,"column":0},"end":{"line":109,"column":25}},"109":{"start":{"line":110,"column":0},"end":{"line":110,"column":6}},"111":{"start":{"line":112,"column":0},"end":{"line":112,"column":12}},"112":{"start":{"line":113,"column":0},"end":{"line":113,"column":10}},"113":{"start":{"line":114,"column":0},"end":{"line":114,"column":20}},"114":{"start":{"line":115,"column":0},"end":{"line":115,"column":49}},"115":{"start":{"line":116,"column":0},"end":{"line":116,"column":45}},"116":{"start":{"line":117,"column":0},"end":{"line":117,"column":42}},"117":{"start":{"line":118,"column":0},"end":{"line":118,"column":13}},"118":{"start":{"line":119,"column":0},"end":{"line":119,"column":53}},"119":{"start":{"line":120,"column":0},"end":{"line":120,"column":21}},"122":{"start":{"line":123,"column":0},"end":{"line":123,"column":24}},"123":{"start":{"line":124,"column":0},"end":{"line":124,"column":53}},"124":{"start":{"line":125,"column":0},"end":{"line":125,"column":82}},"125":{"start":{"line":126,"column":0},"end":{"line":126,"column":68}},"126":{"start":{"line":127,"column":0},"end":{"line":127,"column":31}},"127":{"start":{"line":128,"column":0},"end":{"line":128,"column":56}},"128":{"start":{"line":129,"column":0},"end":{"line":129,"column":148}},"129":{"start":{"line":130,"column":0},"end":{"line":130,"column":99}},"130":{"start":{"line":131,"column":0},"end":{"line":131,"column":129}},"131":{"start":{"line":132,"column":0},"end":{"line":132,"column":37}},"132":{"start":{"line":133,"column":0},"end":{"line":133,"column":32}},"133":{"start":{"line":134,"column":0},"end":{"line":134,"column":29}},"134":{"start":{"line":135,"column":0},"end":{"line":135,"column":34}},"135":{"start":{"line":136,"column":0},"end":{"line":136,"column":43}},"136":{"start":{"line":137,"column":0},"end":{"line":137,"column":46}},"137":{"start":{"line":138,"column":0},"end":{"line":138,"column":57}},"138":{"start":{"line":139,"column":0},"end":{"line":139,"column":58}},"139":{"start":{"line":140,"column":0},"end":{"line":140,"column":71}},"140":{"start":{"line":141,"column":0},"end":{"line":141,"column":46}},"141":{"start":{"line":142,"column":0},"end":{"line":142,"column":64}},"142":{"start":{"line":143,"column":0},"end":{"line":143,"column":40}},"143":{"start":{"line":144,"column":0},"end":{"line":144,"column":30}},"144":{"start":{"line":145,"column":0},"end":{"line":145,"column":81}},"145":{"start":{"line":146,"column":0},"end":{"line":146,"column":89}},"146":{"start":{"line":147,"column":0},"end":{"line":147,"column":36}},"147":{"start":{"line":148,"column":0},"end":{"line":148,"column":30}},"148":{"start":{"line":149,"column":0},"end":{"line":149,"column":31}},"149":{"start":{"line":150,"column":0},"end":{"line":150,"column":67}},"150":{"start":{"line":151,"column":0},"end":{"line":151,"column":162}},"151":{"start":{"line":152,"column":0},"end":{"line":152,"column":110}},"152":{"start":{"line":153,"column":0},"end":{"line":153,"column":129}},"153":{"start":{"line":154,"column":0},"end":{"line":154,"column":37}},"154":{"start":{"line":155,"column":0},"end":{"line":155,"column":32}},"155":{"start":{"line":156,"column":0},"end":{"line":156,"column":29}},"156":{"start":{"line":157,"column":0},"end":{"line":157,"column":34}},"157":{"start":{"line":158,"column":0},"end":{"line":158,"column":43}},"158":{"start":{"line":159,"column":0},"end":{"line":159,"column":50}},"159":{"start":{"line":160,"column":0},"end":{"line":160,"column":61}},"160":{"start":{"line":161,"column":0},"end":{"line":161,"column":58}},"161":{"start":{"line":162,"column":0},"end":{"line":162,"column":75}},"162":{"start":{"line":163,"column":0},"end":{"line":163,"column":46}},"163":{"start":{"line":164,"column":0},"end":{"line":164,"column":64}},"164":{"start":{"line":165,"column":0},"end":{"line":165,"column":40}},"165":{"start":{"line":166,"column":0},"end":{"line":166,"column":30}},"166":{"start":{"line":167,"column":0},"end":{"line":167,"column":81}},"167":{"start":{"line":168,"column":0},"end":{"line":168,"column":93}},"168":{"start":{"line":169,"column":0},"end":{"line":169,"column":36}},"169":{"start":{"line":170,"column":0},"end":{"line":170,"column":30}},"170":{"start":{"line":171,"column":0},"end":{"line":171,"column":66}},"171":{"start":{"line":172,"column":0},"end":{"line":172,"column":139}},"172":{"start":{"line":173,"column":0},"end":{"line":173,"column":171}},"173":{"start":{"line":174,"column":0},"end":{"line":174,"column":30}},"174":{"start":{"line":175,"column":0},"end":{"line":175,"column":27}},"175":{"start":{"line":176,"column":0},"end":{"line":176,"column":22}},"177":{"start":{"line":178,"column":0},"end":{"line":178,"column":11}},"179":{"start":{"line":180,"column":0},"end":{"line":180,"column":1}}},"s":{"0":1,"2":1,"14":190,"15":190,"16":190,"19":190,"20":190,"21":190,"22":190,"23":190,"24":190,"26":190,"27":190,"28":190,"29":190,"30":190,"31":190,"32":190,"33":190,"34":190,"35":190,"36":190,"37":190,"39":190,"40":41,"41":41,"42":41,"43":41,"44":41,"45":41,"46":41,"47":41,"48":41,"49":41,"50":41,"51":41,"52":41,"53":41,"55":190,"56":53,"57":53,"58":53,"60":190,"61":11,"62":11,"63":11,"64":11,"65":11,"66":10,"67":10,"68":11,"69":10,"70":10,"71":10,"72":10,"73":10,"74":10,"75":10,"77":10,"79":10,"80":10,"81":10,"82":10,"83":10,"84":10,"85":10,"86":10,"87":10,"88":10,"89":10,"90":10,"91":9,"93":9,"94":9,"95":9,"96":9,"97":10,"98":10,"99":1,"100":1,"101":1,"102":10,"103":10,"104":11,"106":190,"107":2,"108":2,"109":2,"111":190,"112":190,"113":190,"114":190,"115":190,"116":190,"117":190,"118":190,"119":190,"122":190,"123":134,"124":134,"125":134,"126":134,"127":134,"128":134,"129":134,"130":134,"131":134,"132":134,"133":134,"134":134,"135":134,"136":134,"137":134,"138":134,"139":134,"140":134,"141":134,"142":134,"143":134,"144":134,"145":134,"146":134,"147":134,"148":134,"149":134,"150":134,"151":134,"152":134,"153":134,"154":134,"155":134,"156":134,"157":134,"158":134,"159":134,"160":134,"161":134,"162":134,"163":134,"164":134,"165":134,"166":134,"167":134,"168":134,"169":134,"170":134,"171":134,"172":134,"173":134,"174":134,"175":134,"177":190,"179":190},"branchMap":{"0":{"type":"branch","line":15,"loc":{"start":{"line":15,"column":0},"end":{"line":180,"column":1}},"locations":[{"start":{"line":15,"column":0},"end":{"line":180,"column":1}}]},"1":{"type":"branch","line":123,"loc":{"start":{"line":123,"column":13},"end":{"line":176,"column":22}},"locations":[{"start":{"line":123,"column":13},"end":{"line":176,"column":22}}]},"2":{"type":"branch","line":40,"loc":{"start":{"line":40,"column":31},"end":{"line":54,"column":6}},"locations":[{"start":{"line":40,"column":31},"end":{"line":54,"column":6}}]},"3":{"type":"branch","line":46,"loc":{"start":{"line":46,"column":19},"end":{"line":46,"column":39}},"locations":[{"start":{"line":46,"column":19},"end":{"line":46,"column":39}}]},"4":{"type":"branch","line":56,"loc":{"start":{"line":56,"column":28},"end":{"line":59,"column":6}},"locations":[{"start":{"line":56,"column":28},"end":{"line":59,"column":6}}]},"5":{"type":"branch","line":61,"loc":{"start":{"line":61,"column":26},"end":{"line":105,"column":6}},"locations":[{"start":{"line":61,"column":26},"end":{"line":105,"column":6}}]},"6":{"type":"branch","line":66,"loc":{"start":{"line":66,"column":35},"end":{"line":67,"column":47}},"locations":[{"start":{"line":66,"column":35},"end":{"line":67,"column":47}}]},"7":{"type":"branch","line":67,"loc":{"start":{"line":67,"column":43},"end":{"line":68,"column":40}},"locations":[{"start":{"line":67,"column":43},"end":{"line":68,"column":40}}]},"8":{"type":"branch","line":69,"loc":{"start":{"line":69,"column":10},"end":{"line":104,"column":9}},"locations":[{"start":{"line":69,"column":10},"end":{"line":104,"column":9}}]},"9":{"type":"branch","line":90,"loc":{"start":{"line":90,"column":18},"end":{"line":90,"column":35}},"locations":[{"start":{"line":90,"column":18},"end":{"line":90,"column":35}}]},"10":{"type":"branch","line":91,"loc":{"start":{"line":91,"column":18},"end":{"line":98,"column":13}},"locations":[{"start":{"line":91,"column":18},"end":{"line":98,"column":13}}]},"11":{"type":"branch","line":99,"loc":{"start":{"line":99,"column":19},"end":{"line":103,"column":13}},"locations":[{"start":{"line":99,"column":19},"end":{"line":103,"column":13}}]},"12":{"type":"branch","line":107,"loc":{"start":{"line":107,"column":28},"end":{"line":110,"column":6}},"locations":[{"start":{"line":107,"column":28},"end":{"line":110,"column":6}}]},"13":{"type":"branch","line":131,"loc":{"start":{"line":131,"column":53},"end":{"line":131,"column":127}},"locations":[{"start":{"line":131,"column":53},"end":{"line":131,"column":127}}]},"14":{"type":"branch","line":153,"loc":{"start":{"line":153,"column":53},"end":{"line":153,"column":127}},"locations":[{"start":{"line":153,"column":53},"end":{"line":153,"column":127}}]}},"b":{"0":[190],"1":[134],"2":[41],"3":[1],"4":[53],"5":[11],"6":[10],"7":[10],"8":[10],"9":[9],"10":[9],"11":[1],"12":[2],"13":[536],"14":[536]},"fnMap":{"0":{"name":"AddFlashcardButton","decl":{"start":{"line":15,"column":0},"end":{"line":180,"column":1}},"loc":{"start":{"line":15,"column":0},"end":{"line":180,"column":1}},"line":15},"1":{"name":"handleAddFlashcard","decl":{"start":{"line":40,"column":31},"end":{"line":54,"column":6}},"loc":{"start":{"line":40,"column":31},"end":{"line":54,"column":6}},"line":40},"2":{"name":"handleAddChange","decl":{"start":{"line":56,"column":28},"end":{"line":59,"column":6}},"loc":{"start":{"line":56,"column":28},"end":{"line":59,"column":6}},"line":56},"3":{"name":"handleSaveAdd","decl":{"start":{"line":61,"column":26},"end":{"line":105,"column":6}},"loc":{"start":{"line":61,"column":26},"end":{"line":105,"column":6}},"line":61},"4":{"name":"handleCancelAdd","decl":{"start":{"line":107,"column":28},"end":{"line":110,"column":6}},"loc":{"start":{"line":107,"column":28},"end":{"line":110,"column":6}},"line":107}},"f":{"0":190,"1":41,"2":53,"3":11,"4":2}}
,"C:\\Users\\micmicha\\Documents\\FlashcardsProject\\FlashcardsFrontend\\src\\components\\Dashboard.tsx": {"path":"C:\\Users\\micmicha\\Documents\\FlashcardsProject\\FlashcardsFrontend\\src\\components\\Dashboard.tsx","all":false,"statementMap":{"0":{"start":{"line":1,"column":0},"end":{"line":1,"column":47}},"1":{"start":{"line":2,"column":0},"end":{"line":2,"column":44}},"2":{"start":{"line":3,"column":0},"end":{"line":3,"column":94}},"3":{"start":{"line":4,"column":0},"end":{"line":4,"column":34}},"4":{"start":{"line":5,"column":0},"end":{"line":5,"column":47}},"16":{"start":{"line":17,"column":0},"end":{"line":17,"column":36}},"17":{"start":{"line":18,"column":0},"end":{"line":18,"column":1}},"18":{"start":{"line":19,"column":0},"end":{"line":19,"column":35}},"21":{"start":{"line":22,"column":0},"end":{"line":22,"column":29}},"22":{"start":{"line":23,"column":0},"end":{"line":23,"column":48}},"23":{"start":{"line":24,"column":0},"end":{"line":24,"column":48}},"24":{"start":{"line":25,"column":0},"end":{"line":25,"column":48}},"25":{"start":{"line":26,"column":0},"end":{"line":26,"column":47}},"26":{"start":{"line":27,"column":0},"end":{"line":27,"column":6}},"28":{"start":{"line":29,"column":0},"end":{"line":29,"column":35}},"29":{"start":{"line":30,"column":0},"end":{"line":30,"column":52}},"30":{"start":{"line":31,"column":0},"end":{"line":31,"column":48}},"31":{"start":{"line":32,"column":0},"end":{"line":32,"column":53}},"32":{"start":{"line":33,"column":0},"end":{"line":33,"column":67}},"33":{"start":{"line":34,"column":0},"end":{"line":34,"column":77}},"34":{"start":{"line":35,"column":0},"end":{"line":35,"column":85}},"35":{"start":{"line":36,"column":0},"end":{"line":36,"column":70}},"36":{"start":{"line":37,"column":0},"end":{"line":37,"column":55}},"37":{"start":{"line":38,"column":0},"end":{"line":38,"column":69}},"38":{"start":{"line":39,"column":0},"end":{"line":39,"column":62}},"39":{"start":{"line":40,"column":0},"end":{"line":40,"column":78}},"40":{"start":{"line":41,"column":0},"end":{"line":41,"column":77}},"41":{"start":{"line":42,"column":0},"end":{"line":42,"column":66}},"42":{"start":{"line":43,"column":0},"end":{"line":43,"column":68}},"43":{"start":{"line":44,"column":0},"end":{"line":44,"column":62}},"46":{"start":{"line":47,"column":0},"end":{"line":47,"column":62}},"47":{"start":{"line":48,"column":0},"end":{"line":48,"column":5}},"48":{"start":{"line":49,"column":0},"end":{"line":49,"column":50}},"49":{"start":{"line":50,"column":0},"end":{"line":50,"column":52}},"50":{"start":{"line":51,"column":0},"end":{"line":51,"column":6}},"53":{"start":{"line":54,"column":0},"end":{"line":54,"column":50}},"54":{"start":{"line":55,"column":0},"end":{"line":55,"column":5}},"55":{"start":{"line":56,"column":0},"end":{"line":56,"column":55}},"56":{"start":{"line":57,"column":0},"end":{"line":57,"column":9}},"57":{"start":{"line":58,"column":0},"end":{"line":58,"column":36}},"58":{"start":{"line":59,"column":0},"end":{"line":59,"column":37}},"59":{"start":{"line":60,"column":0},"end":{"line":60,"column":36}},"60":{"start":{"line":61,"column":0},"end":{"line":61,"column":36}},"62":{"start":{"line":63,"column":0},"end":{"line":63,"column":10}},"63":{"start":{"line":64,"column":0},"end":{"line":64,"column":49}},"64":{"start":{"line":65,"column":0},"end":{"line":65,"column":6}},"67":{"start":{"line":68,"column":0},"end":{"line":68,"column":20}},"68":{"start":{"line":69,"column":0},"end":{"line":69,"column":5}},"69":{"start":{"line":70,"column":0},"end":{"line":70,"column":52}},"70":{"start":{"line":71,"column":0},"end":{"line":71,"column":21}},"71":{"start":{"line":72,"column":0},"end":{"line":72,"column":50}},"72":{"start":{"line":73,"column":0},"end":{"line":73,"column":19}},"73":{"start":{"line":74,"column":0},"end":{"line":74,"column":9}},"75":{"start":{"line":76,"column":0},"end":{"line":76,"column":35}},"76":{"start":{"line":77,"column":0},"end":{"line":77,"column":9}},"77":{"start":{"line":78,"column":0},"end":{"line":78,"column":16}},"78":{"start":{"line":79,"column":0},"end":{"line":79,"column":13}},"79":{"start":{"line":80,"column":0},"end":{"line":80,"column":53}},"80":{"start":{"line":81,"column":0},"end":{"line":81,"column":17}},"81":{"start":{"line":82,"column":0},"end":{"line":82,"column":65}},"82":{"start":{"line":83,"column":0},"end":{"line":83,"column":19}},"83":{"start":{"line":84,"column":0},"end":{"line":84,"column":62}},"84":{"start":{"line":85,"column":0},"end":{"line":85,"column":17}},"85":{"start":{"line":86,"column":0},"end":{"line":86,"column":53}},"86":{"start":{"line":87,"column":0},"end":{"line":87,"column":58}},"87":{"start":{"line":88,"column":0},"end":{"line":88,"column":27}},"88":{"start":{"line":89,"column":0},"end":{"line":89,"column":17}},"90":{"start":{"line":91,"column":0},"end":{"line":91,"column":29}},"91":{"start":{"line":92,"column":0},"end":{"line":92,"column":17}},"92":{"start":{"line":93,"column":0},"end":{"line":93,"column":50}},"93":{"start":{"line":94,"column":0},"end":{"line":94,"column":27}},"94":{"start":{"line":95,"column":0},"end":{"line":95,"column":17}},"96":{"start":{"line":97,"column":0},"end":{"line":97,"column":46}},"97":{"start":{"line":98,"column":0},"end":{"line":98,"column":41}},"98":{"start":{"line":99,"column":0},"end":{"line":99,"column":14}},"99":{"start":{"line":100,"column":0},"end":{"line":100,"column":24}},"100":{"start":{"line":101,"column":0},"end":{"line":101,"column":13}},"101":{"start":{"line":102,"column":0},"end":{"line":102,"column":46}},"102":{"start":{"line":103,"column":0},"end":{"line":103,"column":13}},"103":{"start":{"line":104,"column":0},"end":{"line":104,"column":9}},"104":{"start":{"line":105,"column":0},"end":{"line":105,"column":20}},"105":{"start":{"line":106,"column":0},"end":{"line":106,"column":19}},"108":{"start":{"line":109,"column":0},"end":{"line":109,"column":33}},"109":{"start":{"line":110,"column":0},"end":{"line":110,"column":5}},"110":{"start":{"line":111,"column":0},"end":{"line":111,"column":24}},"111":{"start":{"line":112,"column":0},"end":{"line":112,"column":26}},"112":{"start":{"line":113,"column":0},"end":{"line":113,"column":33}},"113":{"start":{"line":114,"column":0},"end":{"line":114,"column":39}},"114":{"start":{"line":115,"column":0},"end":{"line":115,"column":43}},"115":{"start":{"line":116,"column":0},"end":{"line":116,"column":5}},"117":{"start":{"line":118,"column":0},"end":{"line":118,"column":41}},"118":{"start":{"line":119,"column":0},"end":{"line":119,"column":5}},"119":{"start":{"line":120,"column":0},"end":{"line":120,"column":62}},"120":{"start":{"line":121,"column":0},"end":{"line":121,"column":31}},"121":{"start":{"line":122,"column":0},"end":{"line":122,"column":12}},"122":{"start":{"line":123,"column":0},"end":{"line":123,"column":9}},"123":{"start":{"line":124,"column":0},"end":{"line":124,"column":56}},"124":{"start":{"line":125,"column":0},"end":{"line":125,"column":49}},"125":{"start":{"line":126,"column":0},"end":{"line":126,"column":13}},"126":{"start":{"line":127,"column":0},"end":{"line":127,"column":31}},"127":{"start":{"line":128,"column":0},"end":{"line":128,"column":25}},"128":{"start":{"line":129,"column":0},"end":{"line":129,"column":17}},"129":{"start":{"line":130,"column":0},"end":{"line":130,"column":55}},"130":{"start":{"line":131,"column":0},"end":{"line":131,"column":52}},"131":{"start":{"line":132,"column":0},"end":{"line":132,"column":18}},"132":{"start":{"line":133,"column":0},"end":{"line":133,"column":38}},"133":{"start":{"line":134,"column":0},"end":{"line":134,"column":44}},"134":{"start":{"line":135,"column":0},"end":{"line":135,"column":58}},"135":{"start":{"line":136,"column":0},"end":{"line":136,"column":59}},"136":{"start":{"line":137,"column":0},"end":{"line":137,"column":66}},"137":{"start":{"line":138,"column":0},"end":{"line":138,"column":18}},"138":{"start":{"line":139,"column":0},"end":{"line":139,"column":15}},"139":{"start":{"line":140,"column":0},"end":{"line":140,"column":62}},"140":{"start":{"line":141,"column":0},"end":{"line":141,"column":42}},"141":{"start":{"line":142,"column":0},"end":{"line":142,"column":50}},"142":{"start":{"line":143,"column":0},"end":{"line":143,"column":29}},"143":{"start":{"line":144,"column":0},"end":{"line":144,"column":30}},"144":{"start":{"line":145,"column":0},"end":{"line":145,"column":37}},"145":{"start":{"line":146,"column":0},"end":{"line":146,"column":43}},"146":{"start":{"line":147,"column":0},"end":{"line":147,"column":47}},"147":{"start":{"line":148,"column":0},"end":{"line":148,"column":23}},"148":{"start":{"line":149,"column":0},"end":{"line":149,"column":40}},"149":{"start":{"line":150,"column":0},"end":{"line":150,"column":19}},"150":{"start":{"line":151,"column":0},"end":{"line":151,"column":36}},"151":{"start":{"line":152,"column":0},"end":{"line":152,"column":9}},"152":{"start":{"line":153,"column":0},"end":{"line":153,"column":5}},"154":{"start":{"line":155,"column":0},"end":{"line":155,"column":34}},"155":{"start":{"line":156,"column":0},"end":{"line":156,"column":5}},"156":{"start":{"line":157,"column":0},"end":{"line":157,"column":25}},"157":{"start":{"line":158,"column":0},"end":{"line":158,"column":26}},"158":{"start":{"line":159,"column":0},"end":{"line":159,"column":33}},"159":{"start":{"line":160,"column":0},"end":{"line":160,"column":39}},"160":{"start":{"line":161,"column":0},"end":{"line":161,"column":43}},"161":{"start":{"line":162,"column":0},"end":{"line":162,"column":32}},"162":{"start":{"line":163,"column":0},"end":{"line":163,"column":5}},"164":{"start":{"line":165,"column":0},"end":{"line":165,"column":40}},"165":{"start":{"line":166,"column":0},"end":{"line":166,"column":5}},"166":{"start":{"line":167,"column":0},"end":{"line":167,"column":27}},"167":{"start":{"line":168,"column":0},"end":{"line":168,"column":39}},"168":{"start":{"line":169,"column":0},"end":{"line":169,"column":59}},"169":{"start":{"line":170,"column":0},"end":{"line":170,"column":5}},"172":{"start":{"line":173,"column":0},"end":{"line":173,"column":42}},"173":{"start":{"line":174,"column":0},"end":{"line":174,"column":5}},"174":{"start":{"line":175,"column":0},"end":{"line":175,"column":69}},"175":{"start":{"line":176,"column":0},"end":{"line":176,"column":43}},"176":{"start":{"line":177,"column":0},"end":{"line":177,"column":52}},"177":{"start":{"line":178,"column":0},"end":{"line":178,"column":61}},"178":{"start":{"line":179,"column":0},"end":{"line":179,"column":9}},"179":{"start":{"line":180,"column":0},"end":{"line":180,"column":26}},"180":{"start":{"line":181,"column":0},"end":{"line":181,"column":21}},"181":{"start":{"line":182,"column":0},"end":{"line":182,"column":13}},"182":{"start":{"line":183,"column":0},"end":{"line":183,"column":51}},"183":{"start":{"line":184,"column":0},"end":{"line":184,"column":48}},"184":{"start":{"line":185,"column":0},"end":{"line":185,"column":14}},"185":{"start":{"line":186,"column":0},"end":{"line":186,"column":34}},"186":{"start":{"line":187,"column":0},"end":{"line":187,"column":41}},"187":{"start":{"line":188,"column":0},"end":{"line":188,"column":54}},"188":{"start":{"line":189,"column":0},"end":{"line":189,"column":14}},"189":{"start":{"line":190,"column":0},"end":{"line":190,"column":11}},"190":{"start":{"line":191,"column":0},"end":{"line":191,"column":21}},"191":{"start":{"line":192,"column":0},"end":{"line":192,"column":9}},"192":{"start":{"line":193,"column":0},"end":{"line":193,"column":41}},"193":{"start":{"line":194,"column":0},"end":{"line":194,"column":19}},"194":{"start":{"line":195,"column":0},"end":{"line":195,"column":9}},"195":{"start":{"line":196,"column":0},"end":{"line":196,"column":38}},"196":{"start":{"line":197,"column":0},"end":{"line":197,"column":23}},"197":{"start":{"line":198,"column":0},"end":{"line":198,"column":63}},"198":{"start":{"line":199,"column":0},"end":{"line":199,"column":10}},"199":{"start":{"line":200,"column":0},"end":{"line":200,"column":28}},"200":{"start":{"line":201,"column":0},"end":{"line":201,"column":27}},"201":{"start":{"line":202,"column":0},"end":{"line":202,"column":34}},"202":{"start":{"line":203,"column":0},"end":{"line":203,"column":5}},"204":{"start":{"line":205,"column":0},"end":{"line":205,"column":35}},"205":{"start":{"line":206,"column":0},"end":{"line":206,"column":5}},"206":{"start":{"line":207,"column":0},"end":{"line":207,"column":28}},"207":{"start":{"line":208,"column":0},"end":{"line":208,"column":27}},"208":{"start":{"line":209,"column":0},"end":{"line":209,"column":34}},"209":{"start":{"line":210,"column":0},"end":{"line":210,"column":5}},"212":{"start":{"line":213,"column":0},"end":{"line":213,"column":48}},"213":{"start":{"line":214,"column":0},"end":{"line":214,"column":5}},"214":{"start":{"line":215,"column":0},"end":{"line":215,"column":38}},"215":{"start":{"line":216,"column":0},"end":{"line":216,"column":54}},"216":{"start":{"line":217,"column":0},"end":{"line":217,"column":9}},"217":{"start":{"line":218,"column":0},"end":{"line":218,"column":56}},"218":{"start":{"line":219,"column":0},"end":{"line":219,"column":55}},"219":{"start":{"line":220,"column":0},"end":{"line":220,"column":13}},"220":{"start":{"line":221,"column":0},"end":{"line":221,"column":33}},"221":{"start":{"line":222,"column":0},"end":{"line":222,"column":61}},"222":{"start":{"line":223,"column":0},"end":{"line":223,"column":15}},"223":{"start":{"line":224,"column":0},"end":{"line":224,"column":62}},"224":{"start":{"line":225,"column":0},"end":{"line":225,"column":9}},"225":{"start":{"line":226,"column":0},"end":{"line":226,"column":5}},"228":{"start":{"line":229,"column":0},"end":{"line":229,"column":46}},"229":{"start":{"line":230,"column":0},"end":{"line":230,"column":5}},"230":{"start":{"line":231,"column":0},"end":{"line":231,"column":33}},"231":{"start":{"line":232,"column":0},"end":{"line":232,"column":5}},"233":{"start":{"line":234,"column":0},"end":{"line":234,"column":34}},"234":{"start":{"line":235,"column":0},"end":{"line":235,"column":5}},"235":{"start":{"line":236,"column":0},"end":{"line":236,"column":32}},"236":{"start":{"line":237,"column":0},"end":{"line":237,"column":32}},"237":{"start":{"line":238,"column":0},"end":{"line":238,"column":5}},"239":{"start":{"line":240,"column":0},"end":{"line":240,"column":41}},"240":{"start":{"line":241,"column":0},"end":{"line":241,"column":5}},"241":{"start":{"line":242,"column":0},"end":{"line":242,"column":36}},"243":{"start":{"line":244,"column":0},"end":{"line":244,"column":13}},"244":{"start":{"line":245,"column":0},"end":{"line":245,"column":56}},"245":{"start":{"line":246,"column":0},"end":{"line":246,"column":102}},"246":{"start":{"line":247,"column":0},"end":{"line":247,"column":13}},"247":{"start":{"line":248,"column":0},"end":{"line":248,"column":61}},"248":{"start":{"line":249,"column":0},"end":{"line":249,"column":15}},"250":{"start":{"line":251,"column":0},"end":{"line":251,"column":30}},"251":{"start":{"line":252,"column":0},"end":{"line":252,"column":13}},"252":{"start":{"line":253,"column":0},"end":{"line":253,"column":49}},"253":{"start":{"line":254,"column":0},"end":{"line":254,"column":13}},"255":{"start":{"line":256,"column":0},"end":{"line":256,"column":68}},"256":{"start":{"line":257,"column":0},"end":{"line":257,"column":83}},"258":{"start":{"line":259,"column":0},"end":{"line":259,"column":41}},"259":{"start":{"line":260,"column":0},"end":{"line":260,"column":13}},"260":{"start":{"line":261,"column":0},"end":{"line":261,"column":51}},"261":{"start":{"line":262,"column":0},"end":{"line":262,"column":101}},"262":{"start":{"line":263,"column":0},"end":{"line":263,"column":45}},"263":{"start":{"line":264,"column":0},"end":{"line":264,"column":20}},"264":{"start":{"line":265,"column":0},"end":{"line":265,"column":54}},"265":{"start":{"line":266,"column":0},"end":{"line":266,"column":71}},"266":{"start":{"line":267,"column":0},"end":{"line":267,"column":45}},"267":{"start":{"line":268,"column":0},"end":{"line":268,"column":13}},"269":{"start":{"line":270,"column":0},"end":{"line":270,"column":36}},"270":{"start":{"line":271,"column":0},"end":{"line":271,"column":36}},"271":{"start":{"line":272,"column":0},"end":{"line":272,"column":25}},"272":{"start":{"line":273,"column":0},"end":{"line":273,"column":43}},"273":{"start":{"line":274,"column":0},"end":{"line":274,"column":9}},"274":{"start":{"line":275,"column":0},"end":{"line":275,"column":5}},"276":{"start":{"line":277,"column":0},"end":{"line":277,"column":56}},"277":{"start":{"line":278,"column":0},"end":{"line":278,"column":5}},"278":{"start":{"line":279,"column":0},"end":{"line":279,"column":53}},"279":{"start":{"line":280,"column":0},"end":{"line":280,"column":46}},"280":{"start":{"line":281,"column":0},"end":{"line":281,"column":33}},"281":{"start":{"line":282,"column":0},"end":{"line":282,"column":21}},"282":{"start":{"line":283,"column":0},"end":{"line":283,"column":30}},"283":{"start":{"line":284,"column":0},"end":{"line":284,"column":37}},"284":{"start":{"line":285,"column":0},"end":{"line":285,"column":18}},"285":{"start":{"line":286,"column":0},"end":{"line":286,"column":40}},"286":{"start":{"line":287,"column":0},"end":{"line":287,"column":37}},"287":{"start":{"line":288,"column":0},"end":{"line":288,"column":5}},"290":{"start":{"line":291,"column":0},"end":{"line":291,"column":33}},"291":{"start":{"line":292,"column":0},"end":{"line":292,"column":5}},"292":{"start":{"line":293,"column":0},"end":{"line":293,"column":33}},"293":{"start":{"line":294,"column":0},"end":{"line":294,"column":5}},"295":{"start":{"line":296,"column":0},"end":{"line":296,"column":34}},"296":{"start":{"line":297,"column":0},"end":{"line":297,"column":5}},"297":{"start":{"line":298,"column":0},"end":{"line":298,"column":34}},"298":{"start":{"line":299,"column":0},"end":{"line":299,"column":28}},"299":{"start":{"line":300,"column":0},"end":{"line":300,"column":32}},"300":{"start":{"line":301,"column":0},"end":{"line":301,"column":5}},"302":{"start":{"line":303,"column":0},"end":{"line":303,"column":74}},"303":{"start":{"line":304,"column":0},"end":{"line":304,"column":5}},"304":{"start":{"line":305,"column":0},"end":{"line":305,"column":45}},"305":{"start":{"line":306,"column":0},"end":{"line":306,"column":19}},"307":{"start":{"line":308,"column":0},"end":{"line":308,"column":68}},"308":{"start":{"line":309,"column":0},"end":{"line":309,"column":59}},"309":{"start":{"line":310,"column":0},"end":{"line":310,"column":62}},"310":{"start":{"line":311,"column":0},"end":{"line":311,"column":58}},"312":{"start":{"line":313,"column":0},"end":{"line":313,"column":30}},"313":{"start":{"line":314,"column":0},"end":{"line":314,"column":13}},"314":{"start":{"line":315,"column":0},"end":{"line":315,"column":57}},"315":{"start":{"line":316,"column":0},"end":{"line":316,"column":23}},"316":{"start":{"line":317,"column":0},"end":{"line":317,"column":13}},"318":{"start":{"line":319,"column":0},"end":{"line":319,"column":32}},"319":{"start":{"line":320,"column":0},"end":{"line":320,"column":9}},"320":{"start":{"line":321,"column":0},"end":{"line":321,"column":5}},"322":{"start":{"line":323,"column":0},"end":{"line":323,"column":41}},"323":{"start":{"line":324,"column":0},"end":{"line":324,"column":5}},"324":{"start":{"line":325,"column":0},"end":{"line":325,"column":49}},"326":{"start":{"line":327,"column":0},"end":{"line":327,"column":31}},"327":{"start":{"line":328,"column":0},"end":{"line":328,"column":12}},"328":{"start":{"line":329,"column":0},"end":{"line":329,"column":9}},"329":{"start":{"line":330,"column":0},"end":{"line":330,"column":56}},"332":{"start":{"line":333,"column":0},"end":{"line":333,"column":66}},"333":{"start":{"line":334,"column":0},"end":{"line":334,"column":27}},"335":{"start":{"line":336,"column":0},"end":{"line":336,"column":65}},"336":{"start":{"line":337,"column":0},"end":{"line":337,"column":13}},"338":{"start":{"line":339,"column":0},"end":{"line":339,"column":21}},"339":{"start":{"line":340,"column":0},"end":{"line":340,"column":57}},"340":{"start":{"line":341,"column":0},"end":{"line":341,"column":33}},"341":{"start":{"line":342,"column":0},"end":{"line":342,"column":71}},"342":{"start":{"line":343,"column":0},"end":{"line":343,"column":17}},"343":{"start":{"line":344,"column":0},"end":{"line":344,"column":71}},"344":{"start":{"line":345,"column":0},"end":{"line":345,"column":13}},"346":{"start":{"line":347,"column":0},"end":{"line":347,"column":58}},"347":{"start":{"line":348,"column":0},"end":{"line":348,"column":20}},"348":{"start":{"line":349,"column":0},"end":{"line":349,"column":73}},"349":{"start":{"line":350,"column":0},"end":{"line":350,"column":13}},"352":{"start":{"line":353,"column":0},"end":{"line":353,"column":57}},"353":{"start":{"line":354,"column":0},"end":{"line":354,"column":13}},"354":{"start":{"line":355,"column":0},"end":{"line":355,"column":70}},"355":{"start":{"line":356,"column":0},"end":{"line":356,"column":13}},"357":{"start":{"line":358,"column":0},"end":{"line":358,"column":61}},"358":{"start":{"line":359,"column":0},"end":{"line":359,"column":13}},"359":{"start":{"line":360,"column":0},"end":{"line":360,"column":31}},"360":{"start":{"line":361,"column":0},"end":{"line":361,"column":25}},"361":{"start":{"line":362,"column":0},"end":{"line":362,"column":17}},"362":{"start":{"line":363,"column":0},"end":{"line":363,"column":55}},"363":{"start":{"line":364,"column":0},"end":{"line":364,"column":52}},"364":{"start":{"line":365,"column":0},"end":{"line":365,"column":18}},"365":{"start":{"line":366,"column":0},"end":{"line":366,"column":48}},"366":{"start":{"line":367,"column":0},"end":{"line":367,"column":15}},"368":{"start":{"line":369,"column":0},"end":{"line":369,"column":30}},"369":{"start":{"line":370,"column":0},"end":{"line":370,"column":13}},"370":{"start":{"line":371,"column":0},"end":{"line":371,"column":56}},"371":{"start":{"line":372,"column":0},"end":{"line":372,"column":137}},"372":{"start":{"line":373,"column":0},"end":{"line":373,"column":13}},"374":{"start":{"line":375,"column":0},"end":{"line":375,"column":49}},"377":{"start":{"line":378,"column":0},"end":{"line":378,"column":51}},"379":{"start":{"line":380,"column":0},"end":{"line":380,"column":119}},"380":{"start":{"line":381,"column":0},"end":{"line":381,"column":33}},"381":{"start":{"line":382,"column":0},"end":{"line":382,"column":25}},"382":{"start":{"line":383,"column":0},"end":{"line":383,"column":124}},"383":{"start":{"line":384,"column":0},"end":{"line":384,"column":19}},"384":{"start":{"line":385,"column":0},"end":{"line":385,"column":36}},"385":{"start":{"line":386,"column":0},"end":{"line":386,"column":9}},"386":{"start":{"line":387,"column":0},"end":{"line":387,"column":5}},"389":{"start":{"line":390,"column":0},"end":{"line":390,"column":58}},"390":{"start":{"line":391,"column":0},"end":{"line":391,"column":5}},"391":{"start":{"line":392,"column":0},"end":{"line":392,"column":48}},"392":{"start":{"line":393,"column":0},"end":{"line":393,"column":9}},"393":{"start":{"line":394,"column":0},"end":{"line":394,"column":44}},"394":{"start":{"line":395,"column":0},"end":{"line":395,"column":67}},"395":{"start":{"line":396,"column":0},"end":{"line":396,"column":89}},"396":{"start":{"line":397,"column":0},"end":{"line":397,"column":36}},"397":{"start":{"line":398,"column":0},"end":{"line":398,"column":11}},"398":{"start":{"line":399,"column":0},"end":{"line":399,"column":5}},"401":{"start":{"line":402,"column":0},"end":{"line":402,"column":49}},"402":{"start":{"line":403,"column":0},"end":{"line":403,"column":5}},"403":{"start":{"line":404,"column":0},"end":{"line":404,"column":73}},"404":{"start":{"line":405,"column":0},"end":{"line":405,"column":30}},"405":{"start":{"line":406,"column":0},"end":{"line":406,"column":9}},"406":{"start":{"line":407,"column":0},"end":{"line":407,"column":62}},"407":{"start":{"line":408,"column":0},"end":{"line":408,"column":9}},"410":{"start":{"line":411,"column":0},"end":{"line":411,"column":41}},"411":{"start":{"line":412,"column":0},"end":{"line":412,"column":43}},"412":{"start":{"line":413,"column":0},"end":{"line":413,"column":52}},"414":{"start":{"line":415,"column":0},"end":{"line":415,"column":32}},"415":{"start":{"line":416,"column":0},"end":{"line":416,"column":9}},"416":{"start":{"line":417,"column":0},"end":{"line":417,"column":71}},"417":{"start":{"line":418,"column":0},"end":{"line":418,"column":9}},"419":{"start":{"line":420,"column":0},"end":{"line":420,"column":24}},"420":{"start":{"line":421,"column":0},"end":{"line":421,"column":9}},"421":{"start":{"line":422,"column":0},"end":{"line":422,"column":29}},"422":{"start":{"line":423,"column":0},"end":{"line":423,"column":36}},"423":{"start":{"line":424,"column":0},"end":{"line":424,"column":48}},"424":{"start":{"line":425,"column":0},"end":{"line":425,"column":51}},"425":{"start":{"line":426,"column":0},"end":{"line":426,"column":10}},"427":{"start":{"line":428,"column":0},"end":{"line":428,"column":53}},"428":{"start":{"line":429,"column":0},"end":{"line":429,"column":9}},"429":{"start":{"line":430,"column":0},"end":{"line":430,"column":44}},"430":{"start":{"line":431,"column":0},"end":{"line":431,"column":20}},"431":{"start":{"line":432,"column":0},"end":{"line":432,"column":33}},"432":{"start":{"line":433,"column":0},"end":{"line":433,"column":37}},"433":{"start":{"line":434,"column":0},"end":{"line":434,"column":61}},"434":{"start":{"line":435,"column":0},"end":{"line":435,"column":72}},"435":{"start":{"line":436,"column":0},"end":{"line":436,"column":41}},"436":{"start":{"line":437,"column":0},"end":{"line":437,"column":14}},"437":{"start":{"line":438,"column":0},"end":{"line":438,"column":60}},"439":{"start":{"line":440,"column":0},"end":{"line":440,"column":16}},"440":{"start":{"line":441,"column":0},"end":{"line":441,"column":25}},"441":{"start":{"line":442,"column":0},"end":{"line":442,"column":38}},"442":{"start":{"line":443,"column":0},"end":{"line":443,"column":10}},"443":{"start":{"line":444,"column":0},"end":{"line":444,"column":5}},"446":{"start":{"line":447,"column":0},"end":{"line":447,"column":50}},"447":{"start":{"line":448,"column":0},"end":{"line":448,"column":5}},"448":{"start":{"line":449,"column":0},"end":{"line":449,"column":36}},"449":{"start":{"line":450,"column":0},"end":{"line":450,"column":25}},"450":{"start":{"line":451,"column":0},"end":{"line":451,"column":29}},"452":{"start":{"line":453,"column":0},"end":{"line":453,"column":46}},"453":{"start":{"line":454,"column":0},"end":{"line":454,"column":9}},"454":{"start":{"line":455,"column":0},"end":{"line":455,"column":33}},"455":{"start":{"line":456,"column":0},"end":{"line":456,"column":41}},"457":{"start":{"line":458,"column":0},"end":{"line":458,"column":30}},"458":{"start":{"line":459,"column":0},"end":{"line":459,"column":13}},"459":{"start":{"line":460,"column":0},"end":{"line":460,"column":50}},"460":{"start":{"line":461,"column":0},"end":{"line":461,"column":17}},"461":{"start":{"line":462,"column":0},"end":{"line":462,"column":35}},"462":{"start":{"line":463,"column":0},"end":{"line":463,"column":43}},"463":{"start":{"line":464,"column":0},"end":{"line":464,"column":24}},"464":{"start":{"line":465,"column":0},"end":{"line":465,"column":41}},"465":{"start":{"line":466,"column":0},"end":{"line":466,"column":17}},"466":{"start":{"line":467,"column":0},"end":{"line":467,"column":51}},"467":{"start":{"line":468,"column":0},"end":{"line":468,"column":44}},"468":{"start":{"line":469,"column":0},"end":{"line":469,"column":29}},"469":{"start":{"line":470,"column":0},"end":{"line":470,"column":20}},"470":{"start":{"line":471,"column":0},"end":{"line":471,"column":32}},"471":{"start":{"line":472,"column":0},"end":{"line":472,"column":13}},"472":{"start":{"line":473,"column":0},"end":{"line":473,"column":9}},"474":{"start":{"line":475,"column":0},"end":{"line":475,"column":36}},"475":{"start":{"line":476,"column":0},"end":{"line":476,"column":22}},"476":{"start":{"line":477,"column":0},"end":{"line":477,"column":5}},"479":{"start":{"line":480,"column":0},"end":{"line":480,"column":25}},"481":{"start":{"line":482,"column":0},"end":{"line":482,"column":16}},"482":{"start":{"line":483,"column":0},"end":{"line":483,"column":5}},"483":{"start":{"line":484,"column":0},"end":{"line":484,"column":23}},"484":{"start":{"line":485,"column":0},"end":{"line":485,"column":74}},"485":{"start":{"line":486,"column":0},"end":{"line":486,"column":54}},"486":{"start":{"line":487,"column":0},"end":{"line":487,"column":25}},"487":{"start":{"line":488,"column":0},"end":{"line":488,"column":30}},"488":{"start":{"line":489,"column":0},"end":{"line":489,"column":39}},"489":{"start":{"line":490,"column":0},"end":{"line":490,"column":46}},"490":{"start":{"line":491,"column":0},"end":{"line":491,"column":37}},"491":{"start":{"line":492,"column":0},"end":{"line":492,"column":64}},"492":{"start":{"line":493,"column":0},"end":{"line":493,"column":42}},"493":{"start":{"line":494,"column":0},"end":{"line":494,"column":73}},"494":{"start":{"line":495,"column":0},"end":{"line":495,"column":50}},"495":{"start":{"line":496,"column":0},"end":{"line":496,"column":29}},"496":{"start":{"line":497,"column":0},"end":{"line":497,"column":83}},"497":{"start":{"line":498,"column":0},"end":{"line":498,"column":77}},"498":{"start":{"line":499,"column":0},"end":{"line":499,"column":30}},"499":{"start":{"line":500,"column":0},"end":{"line":500,"column":51}},"500":{"start":{"line":501,"column":0},"end":{"line":501,"column":52}},"501":{"start":{"line":502,"column":0},"end":{"line":502,"column":26}},"502":{"start":{"line":503,"column":0},"end":{"line":503,"column":77}},"503":{"start":{"line":504,"column":0},"end":{"line":504,"column":78}},"504":{"start":{"line":505,"column":0},"end":{"line":505,"column":32}},"505":{"start":{"line":506,"column":0},"end":{"line":506,"column":26}},"506":{"start":{"line":507,"column":0},"end":{"line":507,"column":25}},"507":{"start":{"line":508,"column":0},"end":{"line":508,"column":30}},"508":{"start":{"line":509,"column":0},"end":{"line":509,"column":39}},"509":{"start":{"line":510,"column":0},"end":{"line":510,"column":53}},"510":{"start":{"line":511,"column":0},"end":{"line":511,"column":68}},"511":{"start":{"line":512,"column":0},"end":{"line":512,"column":43}},"512":{"start":{"line":513,"column":0},"end":{"line":513,"column":80}},"513":{"start":{"line":514,"column":0},"end":{"line":514,"column":51}},"514":{"start":{"line":515,"column":0},"end":{"line":515,"column":52}},"515":{"start":{"line":516,"column":0},"end":{"line":516,"column":26}},"516":{"start":{"line":517,"column":0},"end":{"line":517,"column":77}},"517":{"start":{"line":518,"column":0},"end":{"line":518,"column":86}},"518":{"start":{"line":519,"column":0},"end":{"line":519,"column":32}},"519":{"start":{"line":520,"column":0},"end":{"line":520,"column":26}},"520":{"start":{"line":521,"column":0},"end":{"line":521,"column":53}},"521":{"start":{"line":522,"column":0},"end":{"line":522,"column":31}},"522":{"start":{"line":523,"column":0},"end":{"line":523,"column":57}},"523":{"start":{"line":524,"column":0},"end":{"line":524,"column":84}},"524":{"start":{"line":525,"column":0},"end":{"line":525,"column":51}},"525":{"start":{"line":526,"column":0},"end":{"line":526,"column":52}},"526":{"start":{"line":527,"column":0},"end":{"line":527,"column":47}},"528":{"start":{"line":529,"column":0},"end":{"line":529,"column":57}},"529":{"start":{"line":530,"column":0},"end":{"line":530,"column":91}},"530":{"start":{"line":531,"column":0},"end":{"line":531,"column":31}},"531":{"start":{"line":532,"column":0},"end":{"line":532,"column":33}},"532":{"start":{"line":533,"column":0},"end":{"line":533,"column":99}},"533":{"start":{"line":534,"column":0},"end":{"line":534,"column":31}},"534":{"start":{"line":535,"column":0},"end":{"line":535,"column":61}},"535":{"start":{"line":536,"column":0},"end":{"line":536,"column":88}},"536":{"start":{"line":537,"column":0},"end":{"line":537,"column":51}},"537":{"start":{"line":538,"column":0},"end":{"line":538,"column":52}},"538":{"start":{"line":539,"column":0},"end":{"line":539,"column":47}},"540":{"start":{"line":541,"column":0},"end":{"line":541,"column":57}},"541":{"start":{"line":542,"column":0},"end":{"line":542,"column":91}},"542":{"start":{"line":543,"column":0},"end":{"line":543,"column":31}},"543":{"start":{"line":544,"column":0},"end":{"line":544,"column":33}},"544":{"start":{"line":545,"column":0},"end":{"line":545,"column":26}},"545":{"start":{"line":546,"column":0},"end":{"line":546,"column":51}},"546":{"start":{"line":547,"column":0},"end":{"line":547,"column":121}},"547":{"start":{"line":548,"column":0},"end":{"line":548,"column":48}},"548":{"start":{"line":549,"column":0},"end":{"line":549,"column":33}},"549":{"start":{"line":550,"column":0},"end":{"line":550,"column":161}},"550":{"start":{"line":551,"column":0},"end":{"line":551,"column":88}},"551":{"start":{"line":552,"column":0},"end":{"line":552,"column":33}},"552":{"start":{"line":553,"column":0},"end":{"line":553,"column":111}},"553":{"start":{"line":554,"column":0},"end":{"line":554,"column":51}},"554":{"start":{"line":555,"column":0},"end":{"line":555,"column":33}},"555":{"start":{"line":556,"column":0},"end":{"line":556,"column":26}},"556":{"start":{"line":557,"column":0},"end":{"line":557,"column":22}},"557":{"start":{"line":558,"column":0},"end":{"line":558,"column":18}},"558":{"start":{"line":559,"column":0},"end":{"line":559,"column":10}},"559":{"start":{"line":560,"column":0},"end":{"line":560,"column":6}},"561":{"start":{"line":562,"column":0},"end":{"line":562,"column":5}},"562":{"start":{"line":563,"column":0},"end":{"line":563,"column":23}},"563":{"start":{"line":564,"column":0},"end":{"line":564,"column":79}},"564":{"start":{"line":565,"column":0},"end":{"line":565,"column":30}},"565":{"start":{"line":566,"column":0},"end":{"line":566,"column":49}},"566":{"start":{"line":567,"column":0},"end":{"line":567,"column":18}},"567":{"start":{"line":568,"column":0},"end":{"line":568,"column":10}},"568":{"start":{"line":569,"column":0},"end":{"line":569,"column":5}},"570":{"start":{"line":571,"column":0},"end":{"line":571,"column":29}},"571":{"start":{"line":572,"column":0},"end":{"line":572,"column":5}},"572":{"start":{"line":573,"column":0},"end":{"line":573,"column":33}},"573":{"start":{"line":574,"column":0},"end":{"line":574,"column":9}},"575":{"start":{"line":576,"column":0},"end":{"line":576,"column":73}},"576":{"start":{"line":577,"column":0},"end":{"line":577,"column":13}},"577":{"start":{"line":578,"column":0},"end":{"line":578,"column":23}},"578":{"start":{"line":579,"column":0},"end":{"line":579,"column":13}},"580":{"start":{"line":581,"column":0},"end":{"line":581,"column":34}},"581":{"start":{"line":582,"column":0},"end":{"line":582,"column":13}},"582":{"start":{"line":583,"column":0},"end":{"line":583,"column":27}},"583":{"start":{"line":584,"column":0},"end":{"line":584,"column":63}},"584":{"start":{"line":585,"column":0},"end":{"line":585,"column":58}},"585":{"start":{"line":586,"column":0},"end":{"line":586,"column":29}},"586":{"start":{"line":587,"column":0},"end":{"line":587,"column":34}},"587":{"start":{"line":588,"column":0},"end":{"line":588,"column":43}},"588":{"start":{"line":589,"column":0},"end":{"line":589,"column":51}},"589":{"start":{"line":590,"column":0},"end":{"line":590,"column":41}},"590":{"start":{"line":591,"column":0},"end":{"line":591,"column":68}},"591":{"start":{"line":592,"column":0},"end":{"line":592,"column":46}},"592":{"start":{"line":593,"column":0},"end":{"line":593,"column":78}},"593":{"start":{"line":594,"column":0},"end":{"line":594,"column":48}},"594":{"start":{"line":595,"column":0},"end":{"line":595,"column":33}},"595":{"start":{"line":596,"column":0},"end":{"line":596,"column":82}},"596":{"start":{"line":597,"column":0},"end":{"line":597,"column":82}},"597":{"start":{"line":598,"column":0},"end":{"line":598,"column":34}},"598":{"start":{"line":599,"column":0},"end":{"line":599,"column":55}},"599":{"start":{"line":600,"column":0},"end":{"line":600,"column":30}},"600":{"start":{"line":601,"column":0},"end":{"line":601,"column":81}},"601":{"start":{"line":602,"column":0},"end":{"line":602,"column":83}},"602":{"start":{"line":603,"column":0},"end":{"line":603,"column":36}},"603":{"start":{"line":604,"column":0},"end":{"line":604,"column":30}},"604":{"start":{"line":605,"column":0},"end":{"line":605,"column":29}},"605":{"start":{"line":606,"column":0},"end":{"line":606,"column":210}},"606":{"start":{"line":607,"column":0},"end":{"line":607,"column":81}},"607":{"start":{"line":608,"column":0},"end":{"line":608,"column":91}},"608":{"start":{"line":609,"column":0},"end":{"line":609,"column":36}},"609":{"start":{"line":610,"column":0},"end":{"line":610,"column":30}},"610":{"start":{"line":611,"column":0},"end":{"line":611,"column":55}},"611":{"start":{"line":612,"column":0},"end":{"line":612,"column":79}},"612":{"start":{"line":613,"column":0},"end":{"line":613,"column":79}},"613":{"start":{"line":614,"column":0},"end":{"line":614,"column":83}},"614":{"start":{"line":615,"column":0},"end":{"line":615,"column":30}},"615":{"start":{"line":616,"column":0},"end":{"line":616,"column":55}},"616":{"start":{"line":617,"column":0},"end":{"line":617,"column":123}},"617":{"start":{"line":618,"column":0},"end":{"line":618,"column":123}},"618":{"start":{"line":619,"column":0},"end":{"line":619,"column":30}},"619":{"start":{"line":620,"column":0},"end":{"line":620,"column":26}},"620":{"start":{"line":621,"column":0},"end":{"line":621,"column":22}},"621":{"start":{"line":622,"column":0},"end":{"line":622,"column":14}},"622":{"start":{"line":623,"column":0},"end":{"line":623,"column":10}},"624":{"start":{"line":625,"column":0},"end":{"line":625,"column":9}},"625":{"start":{"line":626,"column":0},"end":{"line":626,"column":27}},"626":{"start":{"line":627,"column":0},"end":{"line":627,"column":98}},"627":{"start":{"line":628,"column":0},"end":{"line":628,"column":68}},"628":{"start":{"line":629,"column":0},"end":{"line":629,"column":52}},"629":{"start":{"line":630,"column":0},"end":{"line":630,"column":26}},"630":{"start":{"line":631,"column":0},"end":{"line":631,"column":88}},"631":{"start":{"line":632,"column":0},"end":{"line":632,"column":108}},"632":{"start":{"line":633,"column":0},"end":{"line":633,"column":26}},"633":{"start":{"line":634,"column":0},"end":{"line":634,"column":56}},"634":{"start":{"line":635,"column":0},"end":{"line":635,"column":30}},"635":{"start":{"line":636,"column":0},"end":{"line":636,"column":66}},"636":{"start":{"line":637,"column":0},"end":{"line":637,"column":31}},"637":{"start":{"line":638,"column":0},"end":{"line":638,"column":70}},"638":{"start":{"line":639,"column":0},"end":{"line":639,"column":30}},"639":{"start":{"line":640,"column":0},"end":{"line":640,"column":70}},"640":{"start":{"line":641,"column":0},"end":{"line":641,"column":31}},"641":{"start":{"line":642,"column":0},"end":{"line":642,"column":26}},"642":{"start":{"line":643,"column":0},"end":{"line":643,"column":53}},"643":{"start":{"line":644,"column":0},"end":{"line":644,"column":141}},"644":{"start":{"line":645,"column":0},"end":{"line":645,"column":55}},"645":{"start":{"line":646,"column":0},"end":{"line":646,"column":33}},"646":{"start":{"line":647,"column":0},"end":{"line":647,"column":150}},"647":{"start":{"line":648,"column":0},"end":{"line":648,"column":57}},"648":{"start":{"line":649,"column":0},"end":{"line":649,"column":33}},"649":{"start":{"line":650,"column":0},"end":{"line":650,"column":160}},"650":{"start":{"line":651,"column":0},"end":{"line":651,"column":60}},"651":{"start":{"line":652,"column":0},"end":{"line":652,"column":33}},"652":{"start":{"line":653,"column":0},"end":{"line":653,"column":26}},"653":{"start":{"line":654,"column":0},"end":{"line":654,"column":22}},"654":{"start":{"line":655,"column":0},"end":{"line":655,"column":14}},"655":{"start":{"line":656,"column":0},"end":{"line":656,"column":9}},"656":{"start":{"line":657,"column":0},"end":{"line":657,"column":7}},"657":{"start":{"line":658,"column":0},"end":{"line":658,"column":34}},"660":{"start":{"line":661,"column":0},"end":{"line":661,"column":61}},"661":{"start":{"line":662,"column":0},"end":{"line":662,"column":5}},"662":{"start":{"line":663,"column":0},"end":{"line":663,"column":23}},"663":{"start":{"line":664,"column":0},"end":{"line":664,"column":95}},"664":{"start":{"line":665,"column":0},"end":{"line":665,"column":60}},"665":{"start":{"line":666,"column":0},"end":{"line":666,"column":18}},"666":{"start":{"line":667,"column":0},"end":{"line":667,"column":10}},"667":{"start":{"line":668,"column":0},"end":{"line":668,"column":5}},"669":{"start":{"line":670,"column":0},"end":{"line":670,"column":12}},"670":{"start":{"line":671,"column":0},"end":{"line":671,"column":40}},"671":{"start":{"line":672,"column":0},"end":{"line":672,"column":22}},"672":{"start":{"line":673,"column":0},"end":{"line":673,"column":42}},"673":{"start":{"line":674,"column":0},"end":{"line":674,"column":27}},"674":{"start":{"line":675,"column":0},"end":{"line":675,"column":22}},"677":{"start":{"line":678,"column":0},"end":{"line":678,"column":32}},"678":{"start":{"line":679,"column":0},"end":{"line":679,"column":46}},"679":{"start":{"line":680,"column":0},"end":{"line":680,"column":58}},"680":{"start":{"line":681,"column":0},"end":{"line":681,"column":62}},"681":{"start":{"line":682,"column":0},"end":{"line":682,"column":67}},"682":{"start":{"line":683,"column":0},"end":{"line":683,"column":63}},"683":{"start":{"line":684,"column":0},"end":{"line":684,"column":35}},"684":{"start":{"line":685,"column":0},"end":{"line":685,"column":166}},"685":{"start":{"line":686,"column":0},"end":{"line":686,"column":66}},"686":{"start":{"line":687,"column":0},"end":{"line":687,"column":36}},"687":{"start":{"line":688,"column":0},"end":{"line":688,"column":35}},"688":{"start":{"line":689,"column":0},"end":{"line":689,"column":164}},"689":{"start":{"line":690,"column":0},"end":{"line":690,"column":65}},"690":{"start":{"line":691,"column":0},"end":{"line":691,"column":36}},"691":{"start":{"line":692,"column":0},"end":{"line":692,"column":30}},"692":{"start":{"line":693,"column":0},"end":{"line":693,"column":62}},"693":{"start":{"line":694,"column":0},"end":{"line":694,"column":97}},"694":{"start":{"line":695,"column":0},"end":{"line":695,"column":61}},"695":{"start":{"line":696,"column":0},"end":{"line":696,"column":37}},"696":{"start":{"line":697,"column":0},"end":{"line":697,"column":95}},"697":{"start":{"line":698,"column":0},"end":{"line":698,"column":55}},"698":{"start":{"line":699,"column":0},"end":{"line":699,"column":37}},"699":{"start":{"line":700,"column":0},"end":{"line":700,"column":30}},"700":{"start":{"line":701,"column":0},"end":{"line":701,"column":26}},"701":{"start":{"line":702,"column":0},"end":{"line":702,"column":22}},"705":{"start":{"line":706,"column":0},"end":{"line":706,"column":33}},"706":{"start":{"line":707,"column":0},"end":{"line":707,"column":46}},"707":{"start":{"line":708,"column":0},"end":{"line":708,"column":58}},"708":{"start":{"line":709,"column":0},"end":{"line":709,"column":62}},"710":{"start":{"line":711,"column":0},"end":{"line":711,"column":61}},"711":{"start":{"line":712,"column":0},"end":{"line":712,"column":77}},"712":{"start":{"line":713,"column":0},"end":{"line":713,"column":64}},"713":{"start":{"line":714,"column":0},"end":{"line":714,"column":75}},"714":{"start":{"line":715,"column":0},"end":{"line":715,"column":40}},"730":{"start":{"line":731,"column":0},"end":{"line":731,"column":9}},"731":{"start":{"line":732,"column":0},"end":{"line":732,"column":34}},"733":{"start":{"line":734,"column":0},"end":{"line":734,"column":64}},"734":{"start":{"line":735,"column":0},"end":{"line":735,"column":74}},"735":{"start":{"line":736,"column":0},"end":{"line":736,"column":73}},"736":{"start":{"line":737,"column":0},"end":{"line":737,"column":126}},"737":{"start":{"line":738,"column":0},"end":{"line":738,"column":34}},"738":{"start":{"line":739,"column":0},"end":{"line":739,"column":30}},"740":{"start":{"line":741,"column":0},"end":{"line":741,"column":61}},"741":{"start":{"line":742,"column":0},"end":{"line":742,"column":126}},"742":{"start":{"line":743,"column":0},"end":{"line":743,"column":44}},"743":{"start":{"line":744,"column":0},"end":{"line":744,"column":61}},"744":{"start":{"line":745,"column":0},"end":{"line":745,"column":91}},"745":{"start":{"line":746,"column":0},"end":{"line":746,"column":36}},"747":{"start":{"line":748,"column":0},"end":{"line":748,"column":30}},"749":{"start":{"line":750,"column":0},"end":{"line":750,"column":62}},"750":{"start":{"line":751,"column":0},"end":{"line":751,"column":138}},"751":{"start":{"line":752,"column":0},"end":{"line":752,"column":75}},"752":{"start":{"line":753,"column":0},"end":{"line":753,"column":37}},"753":{"start":{"line":754,"column":0},"end":{"line":754,"column":120}},"754":{"start":{"line":755,"column":0},"end":{"line":755,"column":55}},"755":{"start":{"line":756,"column":0},"end":{"line":756,"column":37}},"756":{"start":{"line":757,"column":0},"end":{"line":757,"column":30}},"757":{"start":{"line":758,"column":0},"end":{"line":758,"column":26}},"758":{"start":{"line":759,"column":0},"end":{"line":759,"column":22}},"760":{"start":{"line":761,"column":0},"end":{"line":761,"column":15}},"762":{"start":{"line":763,"column":0},"end":{"line":763,"column":1}}},"s":{"0":1,"1":1,"2":1,"3":1,"4":1,"16":135,"17":135,"18":135,"21":135,"22":135,"23":135,"24":135,"25":135,"26":135,"28":135,"29":135,"30":135,"31":135,"32":135,"33":135,"34":135,"35":135,"36":135,"37":135,"38":135,"39":135,"40":135,"41":135,"42":135,"43":135,"46":135,"47":189,"48":189,"49":2,"50":189,"53":135,"54":202,"55":202,"56":202,"57":202,"58":202,"59":202,"60":202,"62":202,"63":202,"64":202,"67":135,"68":34,"69":34,"70":34,"71":1,"72":1,"73":1,"75":33,"76":33,"77":33,"78":33,"79":33,"80":33,"81":33,"82":33,"83":33,"84":33,"85":1,"86":1,"87":1,"88":1,"90":31,"91":33,"92":0,"93":0,"94":0,"96":31,"97":33,"98":33,"99":1,"100":1,"101":1,"102":1,"103":33,"104":33,"105":135,"108":135,"109":14,"110":14,"111":14,"112":14,"113":14,"114":14,"115":14,"117":135,"118":4,"119":4,"120":4,"121":4,"122":4,"123":4,"124":4,"125":4,"126":4,"127":4,"128":4,"129":4,"130":4,"131":4,"132":4,"133":4,"134":4,"135":4,"136":4,"137":4,"138":4,"139":4,"140":2,"141":2,"142":2,"143":2,"144":2,"145":2,"146":2,"147":4,"148":1,"149":4,"150":3,"151":3,"152":4,"154":135,"155":2,"156":2,"157":2,"158":2,"159":2,"160":2,"161":2,"162":2,"164":135,"165":5,"166":5,"167":5,"168":5,"169":5,"172":135,"173":2,"174":2,"175":2,"176":2,"177":2,"178":2,"179":2,"180":2,"181":2,"182":2,"183":2,"184":2,"185":2,"186":2,"187":2,"188":2,"189":2,"190":2,"191":2,"192":1,"193":1,"194":1,"195":1,"196":1,"197":1,"198":1,"199":1,"200":1,"201":1,"202":2,"204":135,"205":1,"206":1,"207":1,"208":1,"209":1,"212":135,"213":2,"214":2,"215":2,"216":2,"217":1,"218":1,"219":1,"220":1,"221":1,"222":1,"223":1,"224":1,"225":2,"228":135,"229":5,"230":5,"231":5,"233":135,"234":1,"235":1,"236":1,"237":1,"239":135,"240":3,"241":3,"243":3,"244":3,"245":3,"246":3,"247":3,"248":3,"250":3,"251":3,"252":1,"253":1,"255":2,"256":3,"258":3,"259":3,"260":1,"261":1,"262":1,"263":1,"264":1,"265":1,"266":1,"267":1,"269":2,"270":2,"271":3,"272":1,"273":1,"274":3,"276":135,"277":2,"278":2,"279":2,"280":2,"281":2,"282":2,"283":2,"284":2,"285":2,"286":2,"287":2,"290":135,"291":4,"292":4,"293":4,"295":135,"296":1,"297":1,"298":1,"299":1,"300":1,"302":135,"303":2,"304":2,"305":2,"307":2,"308":1,"309":1,"310":1,"312":2,"313":2,"314":1,"315":1,"316":1,"318":1,"319":1,"320":2,"322":135,"323":0,"324":0,"326":0,"327":0,"328":0,"329":0,"332":0,"333":0,"335":0,"336":0,"338":0,"339":0,"340":0,"341":0,"342":0,"343":0,"344":0,"346":0,"347":0,"348":0,"349":0,"352":0,"353":0,"354":0,"355":0,"357":0,"358":0,"359":0,"360":0,"361":0,"362":0,"363":0,"364":0,"365":0,"366":0,"368":0,"369":0,"370":0,"371":0,"372":0,"374":0,"377":0,"379":0,"380":0,"381":0,"382":0,"383":0,"384":0,"385":0,"386":0,"389":135,"390":0,"391":0,"392":0,"393":0,"394":0,"395":0,"396":0,"397":0,"398":0,"401":135,"402":0,"403":0,"404":0,"405":0,"406":0,"407":0,"410":0,"411":0,"412":0,"414":0,"415":0,"416":0,"417":0,"419":0,"420":0,"421":0,"422":0,"423":0,"424":0,"425":0,"427":0,"428":0,"429":0,"430":0,"431":0,"432":0,"433":0,"434":0,"435":0,"436":0,"437":0,"439":0,"440":0,"441":0,"442":0,"443":0,"446":135,"447":0,"448":0,"449":0,"450":0,"452":0,"453":0,"454":0,"455":0,"457":0,"458":0,"459":0,"460":0,"461":0,"462":0,"463":0,"464":0,"465":0,"466":0,"467":0,"468":0,"469":0,"470":0,"471":0,"472":0,"474":0,"475":0,"476":0,"479":135,"481":135,"482":135,"483":61,"484":61,"485":61,"486":61,"487":61,"488":61,"489":61,"490":61,"491":61,"492":61,"493":61,"494":61,"495":2,"496":2,"497":2,"498":2,"499":61,"500":61,"501":61,"502":61,"503":61,"504":61,"505":61,"506":61,"507":61,"508":61,"509":61,"510":61,"511":61,"512":61,"513":61,"514":61,"515":61,"516":61,"517":61,"518":61,"519":61,"520":61,"521":61,"522":61,"523":61,"524":61,"525":61,"526":61,"528":61,"529":244,"530":61,"531":61,"532":61,"533":61,"534":61,"535":61,"536":61,"537":61,"538":61,"540":61,"541":244,"542":61,"543":61,"544":61,"545":61,"546":61,"547":61,"548":61,"549":61,"550":61,"551":61,"552":61,"553":61,"554":61,"555":61,"556":61,"557":61,"558":61,"559":61,"561":74,"562":74,"563":74,"564":74,"565":74,"566":74,"567":74,"568":74,"570":135,"571":135,"572":135,"573":101,"575":101,"576":101,"577":0,"578":0,"580":101,"581":101,"582":6,"583":6,"584":6,"585":6,"586":6,"587":6,"588":6,"589":6,"590":6,"591":6,"592":6,"593":6,"594":0,"595":0,"596":0,"597":0,"598":6,"599":6,"600":6,"601":6,"602":6,"603":6,"604":6,"605":6,"606":6,"607":6,"608":6,"609":6,"610":6,"611":6,"612":6,"613":6,"614":6,"615":6,"616":6,"617":6,"618":6,"619":6,"620":6,"621":6,"622":6,"624":95,"625":95,"626":95,"627":95,"628":95,"629":95,"630":95,"631":95,"632":95,"633":95,"634":95,"635":95,"636":95,"637":95,"638":95,"639":95,"640":95,"641":95,"642":95,"643":95,"644":95,"645":95,"646":95,"647":95,"648":95,"649":95,"650":95,"651":95,"652":95,"653":95,"654":95,"655":95,"656":135,"657":135,"660":135,"661":135,"662":36,"663":36,"664":36,"665":36,"666":36,"667":36,"669":135,"670":135,"671":135,"672":135,"673":135,"674":135,"677":135,"678":6,"679":6,"680":6,"681":6,"682":6,"683":6,"684":6,"685":6,"686":6,"687":6,"688":6,"689":6,"690":6,"691":6,"692":6,"693":6,"694":6,"695":6,"696":6,"697":6,"698":6,"699":6,"700":6,"701":6,"705":135,"706":5,"707":5,"708":5,"710":5,"711":5,"712":5,"713":5,"714":5,"730":5,"731":5,"733":5,"734":5,"735":5,"736":5,"737":5,"738":5,"740":5,"741":5,"742":5,"743":1,"744":1,"745":1,"747":5,"749":5,"750":5,"751":5,"752":5,"753":5,"754":5,"755":5,"756":5,"757":5,"758":5,"760":135,"762":135},"branchMap":{"0":{"type":"branch","line":17,"loc":{"start":{"line":17,"column":0},"end":{"line":763,"column":1}},"locations":[{"start":{"line":17,"column":0},"end":{"line":763,"column":1}}]},"1":{"type":"branch","line":483,"loc":{"start":{"line":483,"column":4},"end":{"line":560,"column":6}},"locations":[{"start":{"line":483,"column":4},"end":{"line":560,"column":6}}]},"2":{"type":"branch","line":550,"loc":{"start":{"line":550,"column":140},"end":{"line":550,"column":161}},"locations":[{"start":{"line":550,"column":140},"end":{"line":550,"column":161}}]},"3":{"type":"branch","line":551,"loc":{"start":{"line":551,"column":29},"end":{"line":551,"column":69}},"locations":[{"start":{"line":551,"column":29},"end":{"line":551,"column":69}}]},"4":{"type":"branch","line":551,"loc":{"start":{"line":551,"column":65},"end":{"line":551,"column":88}},"locations":[{"start":{"line":551,"column":65},"end":{"line":551,"column":88}}]},"5":{"type":"branch","line":560,"loc":{"start":{"line":560,"column":4},"end":{"line":569,"column":5}},"locations":[{"start":{"line":560,"column":4},"end":{"line":569,"column":5}}]},"6":{"type":"branch","line":661,"loc":{"start":{"line":661,"column":9},"end":{"line":661,"column":42}},"locations":[{"start":{"line":661,"column":9},"end":{"line":661,"column":42}}]},"7":{"type":"branch","line":661,"loc":{"start":{"line":661,"column":37},"end":{"line":661,"column":61}},"locations":[{"start":{"line":661,"column":37},"end":{"line":661,"column":61}}]},"8":{"type":"branch","line":662,"loc":{"start":{"line":662,"column":4},"end":{"line":668,"column":5}},"locations":[{"start":{"line":662,"column":4},"end":{"line":668,"column":5}}]},"9":{"type":"branch","line":678,"loc":{"start":{"line":678,"column":13},"end":{"line":702,"column":22}},"locations":[{"start":{"line":678,"column":13},"end":{"line":702,"column":22}}]},"10":{"type":"branch","line":706,"loc":{"start":{"line":706,"column":13},"end":{"line":759,"column":22}},"locations":[{"start":{"line":706,"column":13},"end":{"line":759,"column":22}}]},"11":{"type":"branch","line":743,"loc":{"start":{"line":743,"column":29},"end":{"line":746,"column":36}},"locations":[{"start":{"line":743,"column":29},"end":{"line":746,"column":36}}]},"12":{"type":"branch","line":751,"loc":{"start":{"line":751,"column":109},"end":{"line":751,"column":138}},"locations":[{"start":{"line":751,"column":109},"end":{"line":751,"column":138}}]},"13":{"type":"branch","line":752,"loc":{"start":{"line":752,"column":33},"end":{"line":752,"column":66}},"locations":[{"start":{"line":752,"column":33},"end":{"line":752,"column":66}}]},"14":{"type":"branch","line":47,"loc":{"start":{"line":47,"column":25},"end":{"line":51,"column":6}},"locations":[{"start":{"line":47,"column":25},"end":{"line":51,"column":6}}]},"15":{"type":"branch","line":49,"loc":{"start":{"line":49,"column":38},"end":{"line":49,"column":50}},"locations":[{"start":{"line":49,"column":38},"end":{"line":49,"column":50}}]},"16":{"type":"branch","line":49,"loc":{"start":{"line":49,"column":45},"end":{"line":50,"column":52}},"locations":[{"start":{"line":49,"column":45},"end":{"line":50,"column":52}}]},"17":{"type":"branch","line":54,"loc":{"start":{"line":54,"column":28},"end":{"line":65,"column":6}},"locations":[{"start":{"line":54,"column":28},"end":{"line":65,"column":6}}]},"18":{"type":"branch","line":64,"loc":{"start":{"line":64,"column":35},"end":{"line":64,"column":49}},"locations":[{"start":{"line":64,"column":35},"end":{"line":64,"column":49}}]},"19":{"type":"branch","line":68,"loc":{"start":{"line":68,"column":14},"end":{"line":106,"column":7}},"locations":[{"start":{"line":68,"column":14},"end":{"line":106,"column":7}}]},"20":{"type":"branch","line":71,"loc":{"start":{"line":71,"column":20},"end":{"line":74,"column":9}},"locations":[{"start":{"line":71,"column":20},"end":{"line":74,"column":9}}]},"21":{"type":"branch","line":74,"loc":{"start":{"line":74,"column":8},"end":{"line":105,"column":20}},"locations":[{"start":{"line":74,"column":8},"end":{"line":105,"column":20}}]},"22":{"type":"branch","line":76,"loc":{"start":{"line":76,"column":8},"end":{"line":104,"column":9}},"locations":[{"start":{"line":76,"column":8},"end":{"line":104,"column":9}}]},"23":{"type":"branch","line":83,"loc":{"start":{"line":83,"column":17},"end":{"line":84,"column":42}},"locations":[{"start":{"line":83,"column":17},"end":{"line":84,"column":42}}]},"24":{"type":"branch","line":84,"loc":{"start":{"line":84,"column":35},"end":{"line":84,"column":62}},"locations":[{"start":{"line":84,"column":35},"end":{"line":84,"column":62}}]},"25":{"type":"branch","line":85,"loc":{"start":{"line":85,"column":16},"end":{"line":89,"column":17}},"locations":[{"start":{"line":85,"column":16},"end":{"line":89,"column":17}}]},"26":{"type":"branch","line":89,"loc":{"start":{"line":89,"column":16},"end":{"line":91,"column":29}},"locations":[{"start":{"line":89,"column":16},"end":{"line":91,"column":29}}]},"27":{"type":"branch","line":92,"loc":{"start":{"line":92,"column":16},"end":{"line":95,"column":17}},"locations":[{"start":{"line":92,"column":16},"end":{"line":95,"column":17}}]},"28":{"type":"branch","line":95,"loc":{"start":{"line":95,"column":16},"end":{"line":98,"column":37}},"locations":[{"start":{"line":95,"column":16},"end":{"line":98,"column":37}}]},"29":{"type":"branch","line":98,"loc":{"start":{"line":98,"column":29},"end":{"line":98,"column":39}},"locations":[{"start":{"line":98,"column":29},"end":{"line":98,"column":39}}]},"30":{"type":"branch","line":99,"loc":{"start":{"line":99,"column":12},"end":{"line":103,"column":13}},"locations":[{"start":{"line":99,"column":12},"end":{"line":103,"column":13}}]},"31":{"type":"branch","line":109,"loc":{"start":{"line":109,"column":4},"end":{"line":116,"column":5}},"locations":[{"start":{"line":109,"column":4},"end":{"line":116,"column":5}}]},"32":{"type":"branch","line":118,"loc":{"start":{"line":118,"column":4},"end":{"line":153,"column":5}},"locations":[{"start":{"line":118,"column":4},"end":{"line":153,"column":5}}]},"33":{"type":"branch","line":120,"loc":{"start":{"line":120,"column":55},"end":{"line":120,"column":62}},"locations":[{"start":{"line":120,"column":55},"end":{"line":120,"column":62}}]},"34":{"type":"branch","line":139,"loc":{"start":{"line":139,
[...]
0,"column":84}},"60":{"start":{"line":61,"column":0},"end":{"line":61,"column":152}},"61":{"start":{"line":62,"column":0},"end":{"line":62,"column":24}},"62":{"start":{"line":63,"column":0},"end":{"line":63,"column":127}},"63":{"start":{"line":64,"column":0},"end":{"line":64,"column":29}},"64":{"start":{"line":65,"column":0},"end":{"line":65,"column":67}},"65":{"start":{"line":66,"column":0},"end":{"line":66,"column":30}},"66":{"start":{"line":67,"column":0},"end":{"line":67,"column":29}},"67":{"start":{"line":68,"column":0},"end":{"line":68,"column":139}},"68":{"start":{"line":69,"column":0},"end":{"line":69,"column":148}},"69":{"start":{"line":70,"column":0},"end":{"line":70,"column":30}},"70":{"start":{"line":71,"column":0},"end":{"line":71,"column":26}},"71":{"start":{"line":72,"column":0},"end":{"line":72,"column":22}},"72":{"start":{"line":73,"column":0},"end":{"line":73,"column":19}},"73":{"start":{"line":74,"column":0},"end":{"line":74,"column":15}},"75":{"start":{"line":76,"column":0},"end":{"line":76,"column":1}}},"s":{"0":1,"1":1,"2":1,"3":1,"5":15,"6":15,"7":15,"8":15,"9":15,"10":15,"12":15,"13":5,"14":5,"16":5,"17":5,"18":5,"20":5,"22":5,"23":5,"24":5,"25":5,"26":5,"27":5,"28":5,"29":5,"31":4,"32":4,"33":5,"34":1,"35":1,"36":5,"37":3,"38":3,"39":5,"40":1,"41":1,"43":5,"44":5,"46":15,"47":15,"48":15,"49":15,"50":15,"51":15,"52":15,"53":15,"54":15,"55":15,"56":15,"57":15,"58":15,"59":15,"60":15,"61":15,"62":15,"63":15,"64":15,"65":15,"66":15,"67":15,"68":15,"69":15,"70":15,"71":15,"72":15,"73":15,"75":15},"branchMap":{"0":{"type":"branch","line":6,"loc":{"start":{"line":6,"column":0},"end":{"line":76,"column":1}},"locations":[{"start":{"line":6,"column":0},"end":{"line":76,"column":1}}]},"1":{"type":"branch","line":61,"loc":{"start":{"line":61,"column":25},"end":{"line":61,"column":152}},"locations":[{"start":{"line":61,"column":25},"end":{"line":61,"column":152}}]},"2":{"type":"branch","line":13,"loc":{"start":{"line":13,"column":4},"end":{"line":45,"column":5}},"locations":[{"start":{"line":13,"column":4},"end":{"line":45,"column":5}}]},"3":{"type":"branch","line":30,"loc":{"start":{"line":30,"column":13},"end":{"line":33,"column":29}},"locations":[{"start":{"line":30,"column":13},"end":{"line":33,"column":29}}]},"4":{"type":"branch","line":34,"loc":{"start":{"line":34,"column":12},"end":{"line":37,"column":19}},"locations":[{"start":{"line":34,"column":12},"end":{"line":37,"column":19}}]},"5":{"type":"branch","line":37,"loc":{"start":{"line":37,"column":12},"end":{"line":39,"column":13}},"locations":[{"start":{"line":37,"column":12},"end":{"line":39,"column":13}}]},"6":{"type":"branch","line":38,"loc":{"start":{"line":38,"column":38},"end":{"line":38,"column":70}},"locations":[{"start":{"line":38,"column":38},"end":{"line":38,"column":70}}]},"7":{"type":"branch","line":40,"loc":{"start":{"line":40,"column":8},"end":{"line":42,"column":9}},"locations":[{"start":{"line":40,"column":8},"end":{"line":42,"column":9}}]},"8":{"type":"branch","line":69,"loc":{"start":{"line":69,"column":59},"end":{"line":69,"column":80}},"locations":[{"start":{"line":69,"column":59},"end":{"line":69,"column":80}}]}},"b":{"0":[15],"1":[8],"2":[5],"3":[4],"4":[1],"5":[3],"6":[1],"7":[1],"8":[1]},"fnMap":{"0":{"name":"Register","decl":{"start":{"line":6,"column":0},"end":{"line":76,"column":1}},"loc":{"start":{"line":6,"column":0},"end":{"line":76,"column":1}},"line":6},"1":{"name":"handleSubmit","decl":{"start":{"line":13,"column":4},"end":{"line":45,"column":5}},"loc":{"start":{"line":13,"column":4},"end":{"line":45,"column":5}},"line":13},"2":{"name":"onClick","decl":{"start":{"line":69,"column":59},"end":{"line":69,"column":80}},"loc":{"start":{"line":69,"column":59},"end":{"line":69,"column":80}},"line":69}},"f":{"0":15,"1":5,"2":1}}
,"C:\\Users\\micmicha\\Documents\\FlashcardsProject\\FlashcardsFrontend\\src\\components\\Statistics.tsx": {"path":"C:\\Users\\micmicha\\Documents\\FlashcardsProject\\FlashcardsFrontend\\src\\components\\Statistics.tsx","all":false,"statementMap":{"1":{"start":{"line":2,"column":0},"end":{"line":2,"column":30}},"2":{"start":{"line":3,"column":0},"end":{"line":3,"column":44}},"3":{"start":{"line":4,"column":0},"end":{"line":4,"column":47}},"23":{"start":{"line":24,"column":0},"end":{"line":24,"column":36}},"24":{"start":{"line":25,"column":0},"end":{"line":25,"column":1}},"25":{"start":{"line":26,"column":0},"end":{"line":26,"column":35}},"27":{"start":{"line":28,"column":0},"end":{"line":28,"column":74}},"28":{"start":{"line":29,"column":0},"end":{"line":29,"column":49}},"30":{"start":{"line":31,"column":0},"end":{"line":31,"column":20}},"31":{"start":{"line":32,"column":0},"end":{"line":32,"column":5}},"32":{"start":{"line":33,"column":0},"end":{"line":33,"column":52}},"34":{"start":{"line":35,"column":0},"end":{"line":35,"column":33}},"35":{"start":{"line":36,"column":0},"end":{"line":36,"column":9}},"36":{"start":{"line":37,"column":0},"end":{"line":37,"column":21}},"37":{"start":{"line":38,"column":0},"end":{"line":38,"column":13}},"38":{"start":{"line":39,"column":0},"end":{"line":39,"column":48}},"39":{"start":{"line":40,"column":0},"end":{"line":40,"column":13}},"40":{"start":{"line":41,"column":0},"end":{"line":41,"column":10}},"41":{"start":{"line":42,"column":0},"end":{"line":42,"column":21}},"42":{"start":{"line":43,"column":0},"end":{"line":43,"column":9}},"43":{"start":{"line":44,"column":0},"end":{"line":44,"column":25}},"44":{"start":{"line":45,"column":0},"end":{"line":45,"column":13}},"45":{"start":{"line":46,"column":0},"end":{"line":46,"column":69}},"46":{"start":{"line":47,"column":0},"end":{"line":47,"column":13}},"47":{"start":{"line":48,"column":0},"end":{"line":48,"column":30}},"48":{"start":{"line":49,"column":0},"end":{"line":49,"column":10}},"49":{"start":{"line":50,"column":0},"end":{"line":50,"column":22}},"50":{"start":{"line":51,"column":0},"end":{"line":51,"column":9}},"51":{"start":{"line":52,"column":0},"end":{"line":52,"column":32}},"52":{"start":{"line":53,"column":0},"end":{"line":53,"column":30}},"53":{"start":{"line":54,"column":0},"end":{"line":54,"column":10}},"54":{"start":{"line":55,"column":0},"end":{"line":55,"column":24}},"55":{"start":{"line":56,"column":0},"end":{"line":56,"column":9}},"56":{"start":{"line":57,"column":0},"end":{"line":57,"column":63}},"57":{"start":{"line":58,"column":0},"end":{"line":58,"column":30}},"58":{"start":{"line":59,"column":0},"end":{"line":59,"column":11}},"59":{"start":{"line":60,"column":0},"end":{"line":60,"column":11}},"61":{"start":{"line":62,"column":0},"end":{"line":62,"column":17}},"62":{"start":{"line":63,"column":0},"end":{"line":63,"column":5}},"63":{"start":{"line":64,"column":0},"end":{"line":64,"column":16}},"64":{"start":{"line":65,"column":0},"end":{"line":65,"column":14}},"65":{"start":{"line":66,"column":0},"end":{"line":66,"column":26}},"66":{"start":{"line":67,"column":0},"end":{"line":67,"column":87}},"67":{"start":{"line":68,"column":0},"end":{"line":68,"column":55}},"68":{"start":{"line":69,"column":0},"end":{"line":69,"column":22}},"69":{"start":{"line":70,"column":0},"end":{"line":70,"column":15}},"71":{"start":{"line":72,"column":0},"end":{"line":72,"column":5}},"73":{"start":{"line":74,"column":0},"end":{"line":74,"column":21}},"74":{"start":{"line":75,"column":0},"end":{"line":75,"column":9}},"75":{"start":{"line":76,"column":0},"end":{"line":76,"column":16}},"76":{"start":{"line":77,"column":0},"end":{"line":77,"column":14}},"77":{"start":{"line":78,"column":0},"end":{"line":78,"column":26}},"78":{"start":{"line":79,"column":0},"end":{"line":79,"column":87}},"79":{"start":{"line":80,"column":0},"end":{"line":80,"column":60}},"80":{"start":{"line":81,"column":0},"end":{"line":81,"column":22}},"81":{"start":{"line":82,"column":0},"end":{"line":82,"column":15}},"83":{"start":{"line":84,"column":0},"end":{"line":84,"column":5}},"85":{"start":{"line":86,"column":0},"end":{"line":86,"column":12}},"86":{"start":{"line":87,"column":0},"end":{"line":87,"column":10}},"87":{"start":{"line":88,"column":0},"end":{"line":88,"column":22}},"88":{"start":{"line":89,"column":0},"end":{"line":89,"column":50}},"89":{"start":{"line":90,"column":0},"end":{"line":90,"column":77}},"91":{"start":{"line":92,"column":0},"end":{"line":92,"column":53}},"92":{"start":{"line":93,"column":0},"end":{"line":93,"column":47}},"93":{"start":{"line":94,"column":0},"end":{"line":94,"column":60}},"94":{"start":{"line":95,"column":0},"end":{"line":95,"column":81}},"95":{"start":{"line":96,"column":0},"end":{"line":96,"column":26}},"97":{"start":{"line":98,"column":0},"end":{"line":98,"column":47}},"98":{"start":{"line":99,"column":0},"end":{"line":99,"column":66}},"99":{"start":{"line":100,"column":0},"end":{"line":100,"column":87}},"100":{"start":{"line":101,"column":0},"end":{"line":101,"column":26}},"102":{"start":{"line":103,"column":0},"end":{"line":103,"column":53}},"103":{"start":{"line":104,"column":0},"end":{"line":104,"column":61}},"104":{"start":{"line":105,"column":0},"end":{"line":105,"column":87}},"105":{"start":{"line":106,"column":0},"end":{"line":106,"column":26}},"107":{"start":{"line":108,"column":0},"end":{"line":108,"column":55}},"108":{"start":{"line":109,"column":0},"end":{"line":109,"column":62}},"109":{"start":{"line":110,"column":0},"end":{"line":110,"column":89}},"110":{"start":{"line":111,"column":0},"end":{"line":111,"column":26}},"111":{"start":{"line":112,"column":0},"end":{"line":112,"column":22}},"113":{"start":{"line":114,"column":0},"end":{"line":114,"column":51}},"114":{"start":{"line":115,"column":0},"end":{"line":115,"column":63}},"115":{"start":{"line":116,"column":0},"end":{"line":116,"column":50}},"116":{"start":{"line":117,"column":0},"end":{"line":117,"column":29}},"117":{"start":{"line":118,"column":0},"end":{"line":118,"column":54}},"118":{"start":{"line":119,"column":0},"end":{"line":119,"column":155}},"119":{"start":{"line":120,"column":0},"end":{"line":120,"column":31}},"120":{"start":{"line":121,"column":0},"end":{"line":121,"column":26}},"121":{"start":{"line":122,"column":0},"end":{"line":122,"column":51}},"123":{"start":{"line":124,"column":0},"end":{"line":124,"column":59}},"124":{"start":{"line":125,"column":0},"end":{"line":125,"column":143}},"125":{"start":{"line":126,"column":0},"end":{"line":126,"column":65}},"127":{"start":{"line":128,"column":0},"end":{"line":128,"column":26}},"128":{"start":{"line":129,"column":0},"end":{"line":129,"column":22}},"130":{"start":{"line":131,"column":0},"end":{"line":131,"column":48}},"131":{"start":{"line":132,"column":0},"end":{"line":132,"column":62}},"132":{"start":{"line":133,"column":0},"end":{"line":133,"column":61}},"134":{"start":{"line":135,"column":0},"end":{"line":135,"column":62}},"136":{"start":{"line":137,"column":0},"end":{"line":137,"column":51}},"137":{"start":{"line":138,"column":0},"end":{"line":138,"column":72}},"139":{"start":{"line":140,"column":0},"end":{"line":140,"column":84}},"140":{"start":{"line":141,"column":0},"end":{"line":141,"column":63}},"141":{"start":{"line":142,"column":0},"end":{"line":142,"column":63}},"142":{"start":{"line":143,"column":0},"end":{"line":143,"column":70}},"143":{"start":{"line":144,"column":0},"end":{"line":144,"column":90}},"144":{"start":{"line":145,"column":0},"end":{"line":145,"column":47}},"145":{"start":{"line":146,"column":0},"end":{"line":146,"column":70}},"146":{"start":{"line":147,"column":0},"end":{"line":147,"column":90}},"147":{"start":{"line":148,"column":0},"end":{"line":148,"column":47}},"148":{"start":{"line":149,"column":0},"end":{"line":149,"column":72}},"149":{"start":{"line":150,"column":0},"end":{"line":150,"column":94}},"150":{"start":{"line":151,"column":0},"end":{"line":151,"column":47}},"151":{"start":{"line":152,"column":0},"end":{"line":152,"column":42}},"152":{"start":{"line":153,"column":0},"end":{"line":153,"column":70}},"153":{"start":{"line":154,"column":0},"end":{"line":154,"column":45}},"154":{"start":{"line":155,"column":0},"end":{"line":155,"column":74}},"155":{"start":{"line":156,"column":0},"end":{"line":156,"column":51}},"156":{"start":{"line":157,"column":0},"end":{"line":157,"column":46}},"157":{"start":{"line":158,"column":0},"end":{"line":158,"column":141}},"158":{"start":{"line":159,"column":0},"end":{"line":159,"column":46}},"159":{"start":{"line":160,"column":0},"end":{"line":160,"column":47}},"160":{"start":{"line":161,"column":0},"end":{"line":161,"column":42}},"161":{"start":{"line":162,"column":0},"end":{"line":162,"column":71}},"163":{"start":{"line":164,"column":0},"end":{"line":164,"column":68}},"164":{"start":{"line":165,"column":0},"end":{"line":165,"column":145}},"165":{"start":{"line":166,"column":0},"end":{"line":166,"column":78}},"167":{"start":{"line":168,"column":0},"end":{"line":168,"column":42}},"168":{"start":{"line":169,"column":0},"end":{"line":169,"column":38}},"169":{"start":{"line":170,"column":0},"end":{"line":170,"column":31}},"170":{"start":{"line":171,"column":0},"end":{"line":171,"column":30}},"172":{"start":{"line":173,"column":0},"end":{"line":173,"column":22}},"173":{"start":{"line":174,"column":0},"end":{"line":174,"column":18}},"174":{"start":{"line":175,"column":0},"end":{"line":175,"column":11}},"176":{"start":{"line":177,"column":0},"end":{"line":177,"column":1}}},"s":{"1":1,"2":1,"3":1,"23":23,"24":23,"25":23,"27":23,"28":23,"30":23,"31":12,"32":12,"34":12,"35":12,"36":12,"37":12,"38":12,"39":12,"40":12,"41":12,"42":11,"43":11,"44":11,"45":2,"46":2,"47":9,"48":12,"49":12,"50":9,"51":9,"52":9,"53":12,"54":12,"55":3,"56":3,"57":3,"58":12,"59":23,"61":23,"62":23,"63":12,"64":12,"65":12,"66":12,"67":12,"68":12,"69":12,"71":12,"73":11,"74":23,"75":3,"76":3,"77":3,"78":3,"79":3,"80":3,"81":3,"83":3,"85":8,"86":8,"87":8,"88":8,"89":8,"91":8,"92":8,"93":8,"94":8,"95":8,"97":8,"98":8,"99":8,"100":8,"102":8,"103":8,"104":8,"105":8,"107":8,"108":8,"109":8,"110":8,"111":8,"113":8,"114":8,"115":8,"116":8,"117":8,"118":23,"119":23,"120":23,"121":23,"123":23,"124":5,"125":3,"127":23,"128":23,"130":23,"131":23,"132":23,"134":2,"136":6,"137":6,"139":8,"140":8,"141":8,"142":8,"143":8,"144":8,"145":8,"146":8,"147":8,"148":8,"149":8,"150":8,"151":8,"152":8,"153":8,"154":8,"155":8,"156":8,"157":8,"158":8,"159":8,"160":8,"161":8,"163":8,"164":7,"165":1,"167":8,"168":8,"169":6,"170":6,"172":23,"173":23,"174":23,"176":23},"branchMap":{"0":{"type":"branch","line":24,"loc":{"start":{"line":24,"column":0},"end":{"line":177,"column":1}},"locations":[{"start":{"line":24,"column":0},"end":{"line":177,"column":1}}]},"1":{"type":"branch","line":63,"loc":{"start":{"line":63,"column":4},"end":{"line":72,"column":5}},"locations":[{"start":{"line":63,"column":4},"end":{"line":72,"column":5}}]},"2":{"type":"branch","line":72,"loc":{"start":{"line":72,"column":4},"end":{"line":74,"column":21}},"locations":[{"start":{"line":72,"column":4},"end":{"line":74,"column":21}}]},"3":{"type":"branch","line":75,"loc":{"start":{"line":75,"column":8},"end":{"line":84,"column":5}},"locations":[{"start":{"line":75,"column":8},"end":{"line":84,"column":5}}]},"4":{"type":"branch","line":84,"loc":{"start":{"line":84,"column":4},"end":{"line":119,"column":82}},"locations":[{"start":{"line":84,"column":4},"end":{"line":119,"column":82}}]},"5":{"type":"branch","line":119,"loc":{"start":{"line":119,"column":77},"end":{"line":119,"column":147}},"locations":[{"start":{"line":119,"column":77},"end":{"line":119,"column":147}}]},"6":{"type":"branch","line":119,"loc":{"start":{"line":119,"column":141},"end":{"line":119,"column":148}},"locations":[{"start":{"line":119,"column":141},"end":{"line":119,"column":148}}]},"7":{"type":"branch","line":124,"loc":{"start":{"line":124,"column":57},"end":{"line":125,"column":143}},"locations":[{"start":{"line":124,"column":57},"end":{"line":125,"column":143}}]},"8":{"type":"branch","line":125,"loc":{"start":{"line":125,"column":141},"end":{"line":126,"column":65}},"locations":[{"start":{"line":125,"column":141},"end":{"line":126,"column":65}}]},"9":{"type":"branch","line":133,"loc":{"start":{"line":133,"column":57},"end":{"line":135,"column":62}},"locations":[{"start":{"line":133,"column":57},"end":{"line":135,"column":62}}]},"10":{"type":"branch","line":135,"loc":{"start":{"line":135,"column":58},"end":{"line":171,"column":30}},"locations":[{"start":{"line":135,"column":58},"end":{"line":171,"column":30}}]},"11":{"type":"branch","line":31,"loc":{"start":{"line":31,"column":14},"end":{"line":60,"column":7}},"locations":[{"start":{"line":31,"column":14},"end":{"line":60,"column":7}}]},"12":{"type":"branch","line":42,"loc":{"start":{"line":42,"column":14},"end":{"line":49,"column":9}},"locations":[{"start":{"line":42,"column":14},"end":{"line":49,"column":9}}]},"13":{"type":"branch","line":45,"loc":{"start":{"line":45,"column":12},"end":{"line":47,"column":13}},"locations":[{"start":{"line":45,"column":12},"end":{"line":47,"column":13}}]},"14":{"type":"branch","line":47,"loc":{"start":{"line":47,"column":12},"end":{"line":48,"column":30}},"locations":[{"start":{"line":47,"column":12},"end":{"line":48,"column":30}}]},"15":{"type":"branch","line":50,"loc":{"start":{"line":50,"column":14},"end":{"line":54,"column":9}},"locations":[{"start":{"line":50,"column":14},"end":{"line":54,"column":9}}]},"16":{"type":"branch","line":55,"loc":{"start":{"line":55,"column":15},"end":{"line":59,"column":9}},"locations":[{"start":{"line":55,"column":15},"end":{"line":59,"column":9}}]},"17":{"type":"branch","line":138,"loc":{"start":{"line":138,"column":58},"end":{"line":169,"column":38}},"locations":[{"start":{"line":138,"column":58},"end":{"line":169,"column":38}}]},"18":{"type":"branch","line":158,"loc":{"start":{"line":158,"column":80},"end":{"line":158,"column":136}},"locations":[{"start":{"line":158,"column":80},"end":{"line":158,"column":136}}]},"19":{"type":"branch","line":158,"loc":{"start":{"line":158,"column":130},"end":{"line":158,"column":137}},"locations":[{"start":{"line":158,"column":130},"end":{"line":158,"column":137}}]},"20":{"type":"branch","line":164,"loc":{"start":{"line":164,"column":66},"end":{"line":165,"column":145}},"locations":[{"start":{"line":164,"column":66},"end":{"line":165,"column":145}}]},"21":{"type":"branch","line":165,"loc":{"start":{"line":165,"column":143},"end":{"line":166,"column":78}},"locations":[{"start":{"line":165,"column":143},"end":{"line":166,"column":78}}]}},"b":{"0":[23],"1":[12],"2":[11],"3":[3],"4":[8],"5":[5],"6":[3],"7":[5],"8":[3],"9":[2],"10":[6],"11":[12],"12":[11],"13":[2],"14":[9],"15":[9],"16":[3],"17":[8],"18":[7],"19":[1],"20":[7],"21":[1]},"fnMap":{"0":{"name":"Statistics","decl":{"start":{"line":24,"column":0},"end":{"line":177,"column":1}},"loc":{"start":{"line":24,"column":0},"end":{"line":177,"column":1}},"line":24}},"f":{"0":23}}
,"C:\\Users\\micmicha\\Documents\\FlashcardsProject\\FlashcardsFrontend\\src\\types\\flashcard.ts": {"path":"C:\\Users\\micmicha\\Documents\\FlashcardsProject\\FlashcardsFrontend\\src\\types\\flashcard.ts","all":true,"statementMap":{"22":{"start":{"line":23,"column":0},"end":{"line":23,"column":31}},"23":{"start":{"line":24,"column":0},"end":{"line":24,"column":1}},"24":{"start":{"line":25,"column":0},"end":{"line":25,"column":13}},"25":{"start":{"line":26,"column":0},"end":{"line":26,"column":14}},"26":{"start":{"line":27,"column":0},"end":{"line":27,"column":13}},"27":{"start":{"line":28,"column":0},"end":{"line":28,"column":14}},"28":{"start":{"line":29,"column":0},"end":{"line":29,"column":2}}},"s":{"22":0,"23":0,"24":0,"25":0,"26":0,"27":0,"28":0},"branchMap":{"0":{"type":"branch","line":1,"loc":{"start":{"line":1,"column":492},"end":{"line":29,"column":2}},"locations":[{"start":{"line":1,"column":492},"end":{"line":29,"column":2}}]}},"b":{"0":[1]},"fnMap":{"0":{"name":"(empty-report)","decl":{"start":{"line":1,"column":492},"end":{"line":29,"column":2}},"loc":{"start":{"line":1,"column":492},"end":{"line":29,"column":2}},"line":1}},"f":{"0":1}}
}
