{"C:\\Users\\micmicha\\Documents\\FlashcardsProject\\FlashcardsBackend\\database.js": {"path":"C:\\Users\\micmicha\\Documents\\FlashcardsProject\\FlashcardsBackend\\database.js","all":false,"statementMap":{"0":{"start":{"line":1,"column":0},"end":{"line":1,"column":28}},"1":{"start":{"line":2,"column":0},"end":{"line":2,"column":38}},"2":{"start":{"line":3,"column":0},"end":{"line":3,"column":37}},"3":{"start":{"line":4,"column":0},"end":{"line":4,"column":36}},"4":{"start":{"line":5,"column":0},"end":{"line":5,"column":0}},"5":{"start":{"line":6,"column":0},"end":{"line":6,"column":58}},"6":{"start":{"line":7,"column":0},"end":{"line":7,"column":55}},"7":{"start":{"line":8,"column":0},"end":{"line":8,"column":0}},"8":{"start":{"line":9,"column":0},"end":{"line":9,"column":36}},"9":{"start":{"line":10,"column":0},"end":{"line":10,"column":37}},"10":{"start":{"line":11,"column":0},"end":{"line":11,"column":57}},"11":{"start":{"line":12,"column":0},"end":{"line":12,"column":1}},"12":{"start":{"line":13,"column":0},"end":{"line":13,"column":0}},"13":{"start":{"line":14,"column":0},"end":{"line":14,"column":43}},"14":{"start":{"line":15,"column":0},"end":{"line":15,"column":25}},"15":{"start":{"line":16,"column":0},"end":{"line":16,"column":18}},"16":{"start":{"line":17,"column":0},"end":{"line":17,"column":27}},"17":{"start":{"line":18,"column":0},"end":{"line":18,"column":19}},"18":{"start":{"line":19,"column":0},"end":{"line":19,"column":1}},"19":{"start":{"line":20,"column":0},"end":{"line":20,"column":0}},"20":{"start":{"line":21,"column":0},"end":{"line":21,"column":52}},"21":{"start":{"line":22,"column":0},"end":{"line":22,"column":25}},"22":{"start":{"line":23,"column":0},"end":{"line":23,"column":18}},"23":{"start":{"line":24,"column":0},"end":{"line":24,"column":64}},"24":{"start":{"line":25,"column":0},"end":{"line":25,"column":1}},"25":{"start":{"line":26,"column":0},"end":{"line":26,"column":0}},"26":{"start":{"line":27,"column":0},"end":{"line":27,"column":43}},"27":{"start":{"line":28,"column":0},"end":{"line":28,"column":25}},"28":{"start":{"line":29,"column":0},"end":{"line":29,"column":18}},"29":{"start":{"line":30,"column":0},"end":{"line":30,"column":28}},"30":{"start":{"line":31,"column":0},"end":{"line":31,"column":1}},"31":{"start":{"line":32,"column":0},"end":{"line":32,"column":0}},"32":{"start":{"line":33,"column":0},"end":{"line":33,"column":59}},"33":{"start":{"line":34,"column":0},"end":{"line":34,"column":25}},"34":{"start":{"line":35,"column":0},"end":{"line":35,"column":18}},"35":{"start":{"line":36,"column":0},"end":{"line":36,"column":68}},"36":{"start":{"line":37,"column":0},"end":{"line":37,"column":1}},"37":{"start":{"line":38,"column":0},"end":{"line":38,"column":0}},"38":{"start":{"line":39,"column":0},"end":{"line":39,"column":48}},"39":{"start":{"line":40,"column":0},"end":{"line":40,"column":25}},"40":{"start":{"line":41,"column":0},"end":{"line":41,"column":18}},"41":{"start":{"line":42,"column":0},"end":{"line":42,"column":32}},"42":{"start":{"line":43,"column":0},"end":{"line":43,"column":19}},"43":{"start":{"line":44,"column":0},"end":{"line":44,"column":1}},"44":{"start":{"line":45,"column":0},"end":{"line":45,"column":0}},"45":{"start":{"line":46,"column":0},"end":{"line":46,"column":55}},"46":{"start":{"line":47,"column":0},"end":{"line":47,"column":25}},"47":{"start":{"line":48,"column":0},"end":{"line":48,"column":18}},"48":{"start":{"line":49,"column":0},"end":{"line":49,"column":65}},"49":{"start":{"line":50,"column":0},"end":{"line":50,"column":1}}},"s":{"0":1,"1":1,"2":1,"3":1,"4":1,"5":1,"6":1,"7":1,"8":27,"9":27,"10":27,"11":27,"12":1,"13":1,"14":4,"15":4,"16":4,"17":4,"18":4,"19":1,"20":1,"21":5,"22":5,"23":5,"24":5,"25":1,"26":1,"27":8,"28":8,"29":8,"30":8,"31":1,"32":1,"33":2,"34":2,"35":2,"36":2,"37":1,"38":1,"39":6,"40":6,"41":6,"42":6,"43":6,"44":1,"45":1,"46":2,"47":2,"48":2,"49":2},"branchMap":{"0":{"type":"branch","line":9,"loc":{"start":{"line":9,"column":0},"end":{"line":12,"column":1}},"locations":[{"start":{"line":9,"column":0},"end":{"line":12,"column":1}}]},"1":{"type":"branch","line":14,"loc":{"start":{"line":14,"column":7},"end":{"line":19,"column":1}},"locations":[{"start":{"line":14,"column":7},"end":{"line":19,"column":1}}]},"2":{"type":"branch","line":21,"loc":{"start":{"line":21,"column":7},"end":{"line":25,"column":1}},"locations":[{"start":{"line":21,"column":7},"end":{"line":25,"column":1}}]},"3":{"type":"branch","line":24,"loc":{"start":{"line":24,"column":28},"end":{"line":24,"column":62}},"locations":[{"start":{"line":24,"column":28},"end":{"line":24,"column":62}}]},"4":{"type":"branch","line":27,"loc":{"start":{"line":27,"column":7},"end":{"line":31,"column":1}},"locations":[{"start":{"line":27,"column":7},"end":{"line":31,"column":1}}]},"5":{"type":"branch","line":33,"loc":{"start":{"line":33,"column":7},"end":{"line":37,"column":1}},"locations":[{"start":{"line":33,"column":7},"end":{"line":37,"column":1}}]},"6":{"type":"branch","line":36,"loc":{"start":{"line":36,"column":35},"end":{"line":36,"column":66}},"locations":[{"start":{"line":36,"column":35},"end":{"line":36,"column":66}}]},"7":{"type":"branch","line":39,"loc":{"start":{"line":39,"column":7},"end":{"line":44,"column":1}},"locations":[{"start":{"line":39,"column":7},"end":{"line":44,"column":1}}]},"8":{"type":"branch","line":46,"loc":{"start":{"line":46,"column":7},"end":{"line":50,"column":1}},"locations":[{"start":{"line":46,"column":7},"end":{"line":50,"column":1}}]},"9":{"type":"branch","line":49,"loc":{"start":{"line":49,"column":35},"end":{"line":49,"column":63}},"locations":[{"start":{"line":49,"column":35},"end":{"line":49,"column":63}}]}},"b":{"0":[27],"1":[4],"2":[5],"3":[5],"4":[8],"5":[2],"6":[2],"7":[6],"8":[2],"9":[3]},"fnMap":{"0":{"name":"getDb","decl":{"start":{"line":9,"column":0},"end":{"line":12,"column":1}},"loc":{"start":{"line":9,"column":0},"end":{"line":12,"column":1}},"line":9},"1":{"name":"addUser","decl":{"start":{"line":14,"column":7},"end":{"line":19,"column":1}},"loc":{"start":{"line":14,"column":7},"end":{"line":19,"column":1}},"line":14},"2":{"name":"findUserById","decl":{"start":{"line":21,"column":7},"end":{"line":25,"column":1}},"loc":{"start":{"line":21,"column":7},"end":{"line":25,"column":1}},"line":21},"3":{"name":"getFlashcards","decl":{"start":{"line":27,"column":7},"end":{"line":31,"column":1}},"loc":{"start":{"line":27,"column":7},"end":{"line":31,"column":1}},"line":27},"4":{"name":"getFlashcardsByUser","decl":{"start":{"line":33,"column":7},"end":{"line":37,"column":1}},"loc":{"start":{"line":33,"column":7},"end":{"line":37,"column":1}},"line":33},"5":{"name":"addFlashcard","decl":{"start":{"line":39,"column":7},"end":{"line":44,"column":1}},"loc":{"start":{"line":39,"column":7},"end":{"line":44,"column":1}},"line":39},"6":{"name":"getFlashcardsBySet","decl":{"start":{"line":46,"column":7},"end":{"line":50,"column":1}},"loc":{"start":{"line":46,"column":7},"end":{"line":50,"column":1}},"line":46}},"f":{"0":27,"1":4,"2":5,"3":8,"4":2,"5":6,"6":2}}
,"C:\\Users\\micmicha\\Documents\\FlashcardsProject\\FlashcardsBackend\\server.js": {"path":"C:\\Users\\micmicha\\Documents\\FlashcardsProject\\FlashcardsBackend\\server.js","all":false,"statementMap":{"0":{"start":{"line":1,"column":0},"end":{"line":1,"column":30}},"1":{"start":{"line":2,"column":0},"end":{"line":2,"column":24}},"2":{"start":{"line":3,"column":0},"end":{"line":3,"column":69}},"3":{"start":{"line":4,"column":0},"end":{"line":4,"column":30}},"4":{"start":{"line":5,"column":0},"end":{"line":5,"column":31}},"5":{"start":{"line":6,"column":0},"end":{"line":6,"column":20}},"6":{"start":{"line":7,"column":0},"end":{"line":7,"column":36}},"7":{"start":{"line":8,"column":0},"end":{"line":8,"column":24}},"8":{"start":{"line":9,"column":0},"end":{"line":9,"column":44}},"9":{"start":{"line":10,"column":0},"end":{"line":10,"column":0}},"10":{"start":{"line":11,"column":0},"end":{"line":11,"column":22}},"11":{"start":{"line":12,"column":0},"end":{"line":12,"column":18}},"12":{"start":{"line":13,"column":0},"end":{"line":13,"column":0}},"13":{"start":{"line":14,"column":0},"end":{"line":14,"column":44}},"14":{"start":{"line":15,"column":0},"end":{"line":15,"column":50}},"15":{"start":{"line":16,"column":0},"end":{"line":16,"column":43}},"16":{"start":{"line":17,"column":0},"end":{"line":17,"column":0}},"17":{"start":{"line":18,"column":0},"end":{"line":18,"column":55}},"18":{"start":{"line":19,"column":0},"end":{"line":19,"column":0}},"19":{"start":{"line":20,"column":0},"end":{"line":20,"column":19}},"20":{"start":{"line":21,"column":0},"end":{"line":21,"column":60}},"21":{"start":{"line":22,"column":0},"end":{"line":22,"column":53}},"22":{"start":{"line":23,"column":0},"end":{"line":23,"column":0}},"23":{"start":{"line":24,"column":0},"end":{"line":24,"column":51}},"24":{"start":{"line":25,"column":0},"end":{"line":25,"column":18}},"25":{"start":{"line":26,"column":0},"end":{"line":26,"column":1}},"26":{"start":{"line":27,"column":0},"end":{"line":27,"column":56}},"27":{"start":{"line":28,"column":0},"end":{"line":28,"column":1}},"28":{"start":{"line":29,"column":0},"end":{"line":29,"column":0}},"29":{"start":{"line":30,"column":0},"end":{"line":30,"column":22}},"30":{"start":{"line":31,"column":0},"end":{"line":31,"column":1}},"31":{"start":{"line":32,"column":0},"end":{"line":32,"column":60}},"32":{"start":{"line":33,"column":0},"end":{"line":33,"column":1}},"33":{"start":{"line":34,"column":0},"end":{"line":34,"column":0}},"34":{"start":{"line":35,"column":0},"end":{"line":35,"column":9}},"35":{"start":{"line":36,"column":0},"end":{"line":36,"column":32}},"36":{"start":{"line":37,"column":0},"end":{"line":37,"column":0}},"37":{"start":{"line":38,"column":0},"end":{"line":38,"column":16}},"38":{"start":{"line":39,"column":0},"end":{"line":39,"column":24}},"39":{"start":{"line":40,"column":0},"end":{"line":40,"column":0}},"40":{"start":{"line":41,"column":0},"end":{"line":41,"column":27}},"41":{"start":{"line":42,"column":0},"end":{"line":42,"column":1}},"42":{"start":{"line":43,"column":0},"end":{"line":43,"column":34}},"43":{"start":{"line":44,"column":0},"end":{"line":44,"column":3}},"44":{"start":{"line":45,"column":0},"end":{"line":45,"column":0}},"45":{"start":{"line":46,"column":0},"end":{"line":46,"column":61}},"46":{"start":{"line":47,"column":0},"end":{"line":47,"column":1}},"47":{"start":{"line":48,"column":0},"end":{"line":48,"column":59}},"48":{"start":{"line":49,"column":0},"end":{"line":49,"column":3}},"49":{"start":{"line":50,"column":0},"end":{"line":50,"column":0}},"50":{"start":{"line":51,"column":0},"end":{"line":51,"column":23}},"51":{"start":{"line":52,"column":0},"end":{"line":52,"column":1}},"52":{"start":{"line":53,"column":0},"end":{"line":53,"column":65}},"53":{"start":{"line":54,"column":0},"end":{"line":54,"column":3}},"54":{"start":{"line":55,"column":0},"end":{"line":55,"column":0}},"55":{"start":{"line":56,"column":0},"end":{"line":56,"column":22}},"56":{"start":{"line":57,"column":0},"end":{"line":57,"column":42}},"57":{"start":{"line":58,"column":0},"end":{"line":58,"column":1}},"58":{"start":{"line":59,"column":0},"end":{"line":59,"column":52}},"59":{"start":{"line":60,"column":0},"end":{"line":60,"column":57}},"60":{"start":{"line":61,"column":0},"end":{"line":61,"column":0}},"61":{"start":{"line":62,"column":0},"end":{"line":62,"column":14}},"62":{"start":{"line":63,"column":0},"end":{"line":63,"column":5}},"63":{"start":{"line":64,"column":0},"end":{"line":64,"column":84}},"64":{"start":{"line":65,"column":0},"end":{"line":65,"column":5}},"65":{"start":{"line":66,"column":0},"end":{"line":66,"column":0}},"66":{"start":{"line":67,"column":0},"end":{"line":67,"column":49}},"67":{"start":{"line":68,"column":0},"end":{"line":68,"column":5}},"68":{"start":{"line":69,"column":0},"end":{"line":69,"column":72}},"69":{"start":{"line":70,"column":0},"end":{"line":70,"column":24}},"70":{"start":{"line":71,"column":0},"end":{"line":71,"column":15}},"71":{"start":{"line":72,"column":0},"end":{"line":72,"column":7}},"72":{"start":{"line":73,"column":0},"end":{"line":73,"column":1}},"73":{"start":{"line":74,"column":0},"end":{"line":74,"column":0}},"74":{"start":{"line":75,"column":0},"end":{"line":75,"column":22}},"75":{"start":{"line":76,"column":0},"end":{"line":76,"column":46}},"76":{"start":{"line":77,"column":0},"end":{"line":77,"column":1}},"77":{"start":{"line":78,"column":0},"end":{"line":78,"column":9}},"78":{"start":{"line":79,"column":0},"end":{"line":79,"column":48}},"79":{"start":{"line":80,"column":0},"end":{"line":80,"column":36}},"80":{"start":{"line":81,"column":0},"end":{"line":81,"column":9}},"81":{"start":{"line":82,"column":0},"end":{"line":82,"column":107}},"82":{"start":{"line":83,"column":0},"end":{"line":83,"column":9}},"83":{"start":{"line":84,"column":0},"end":{"line":84,"column":0}},"84":{"start":{"line":85,"column":0},"end":{"line":85,"column":32}},"85":{"start":{"line":86,"column":0},"end":{"line":86,"column":83}},"86":{"start":{"line":87,"column":0},"end":{"line":87,"column":26}},"87":{"start":{"line":88,"column":0},"end":{"line":88,"column":9}},"88":{"start":{"line":89,"column":0},"end":{"line":89,"column":92}},"89":{"start":{"line":90,"column":0},"end":{"line":90,"column":9}},"90":{"start":{"line":91,"column":0},"end":{"line":91,"column":0}},"91":{"start":{"line":92,"column":0},"end":{"line":92,"column":63}},"92":{"start":{"line":93,"column":0},"end":{"line":93,"column":60}},"93":{"start":{"line":94,"column":0},"end":{"line":94,"column":32}},"94":{"start":{"line":95,"column":0},"end":{"line":95,"column":24}},"95":{"start":{"line":96,"column":0},"end":{"line":96,"column":0}},"96":{"start":{"line":97,"column":0},"end":{"line":97,"column":26}},"97":{"start":{"line":98,"column":0},"end":{"line":98,"column":78}},"98":{"start":{"line":99,"column":0},"end":{"line":99,"column":0}},"99":{"start":{"line":100,"column":0},"end":{"line":100,"column":84}},"100":{"start":{"line":101,"column":0},"end":{"line":101,"column":21}},"101":{"start":{"line":102,"column":0},"end":{"line":102,"column":59}},"102":{"start":{"line":103,"column":0},"end":{"line":103,"column":67}},"103":{"start":{"line":104,"column":0},"end":{"line":104,"column":5}},"104":{"start":{"line":105,"column":0},"end":{"line":105,"column":3}},"105":{"start":{"line":106,"column":0},"end":{"line":106,"column":0}},"106":{"start":{"line":107,"column":0},"end":{"line":107,"column":13}},"107":{"start":{"line":108,"column":0},"end":{"line":108,"column":43}},"108":{"start":{"line":109,"column":0},"end":{"line":109,"column":1}},"109":{"start":{"line":110,"column":0},"end":{"line":110,"column":9}},"110":{"start":{"line":111,"column":0},"end":{"line":111,"column":48}},"111":{"start":{"line":112,"column":0},"end":{"line":112,"column":37}},"112":{"start":{"line":113,"column":0},"end":{"line":113,"column":107}},"113":{"start":{"line":114,"column":0},"end":{"line":114,"column":9}},"114":{"start":{"line":115,"column":0},"end":{"line":115,"column":0}},"115":{"start":{"line":116,"column":0},"end":{"line":116,"column":32}},"116":{"start":{"line":117,"column":0},"end":{"line":117,"column":75}},"117":{"start":{"line":118,"column":0},"end":{"line":118,"column":20}},"118":{"start":{"line":119,"column":0},"end":{"line":119,"column":87}},"119":{"start":{"line":120,"column":0},"end":{"line":120,"column":9}},"120":{"start":{"line":121,"column":0},"end":{"line":121,"column":0}},"121":{"start":{"line":122,"column":0},"end":{"line":122,"column":70}},"122":{"start":{"line":123,"column":0},"end":{"line":123,"column":23}},"123":{"start":{"line":124,"column":0},"end":{"line":124,"column":89}},"124":{"start":{"line":125,"column":0},"end":{"line":125,"column":9}},"125":{"start":{"line":126,"column":0},"end":{"line":126,"column":0}},"126":{"start":{"line":127,"column":0},"end":{"line":127,"column":26}},"127":{"start":{"line":128,"column":0},"end":{"line":128,"column":93}},"128":{"start":{"line":129,"column":0},"end":{"line":129,"column":0}},"129":{"start":{"line":130,"column":0},"end":{"line":130,"column":107}},"130":{"start":{"line":131,"column":0},"end":{"line":131,"column":21}},"131":{"start":{"line":132,"column":0},"end":{"line":132,"column":52}},"132":{"start":{"line":133,"column":0},"end":{"line":133,"column":59}},"133":{"start":{"line":134,"column":0},"end":{"line":134,"column":5}},"134":{"start":{"line":135,"column":0},"end":{"line":135,"column":3}},"135":{"start":{"line":136,"column":0},"end":{"line":136,"column":0}},"136":{"start":{"line":137,"column":0},"end":{"line":137,"column":21}},"137":{"start":{"line":138,"column":0},"end":{"line":138,"column":67}},"138":{"start":{"line":139,"column":0},"end":{"line":139,"column":1}},"139":{"start":{"line":140,"column":0},"end":{"line":140,"column":66}},"140":{"start":{"line":141,"column":0},"end":{"line":141,"column":60}},"141":{"start":{"line":142,"column":0},"end":{"line":142,"column":5}},"142":{"start":{"line":143,"column":0},"end":{"line":143,"column":92}},"143":{"start":{"line":144,"column":0},"end":{"line":144,"column":5}},"144":{"start":{"line":145,"column":0},"end":{"line":145,"column":0}},"145":{"start":{"line":146,"column":0},"end":{"line":146,"column":22}},"146":{"start":{"line":147,"column":0},"end":{"line":147,"column":5}},"147":{"start":{"line":148,"column":0},"end":{"line":148,"column":35}},"148":{"start":{"line":149,"column":0},"end":{"line":149,"column":15}},"149":{"start":{"line":150,"column":0},"end":{"line":150,"column":13}},"150":{"start":{"line":151,"column":0},"end":{"line":151,"column":22}},"151":{"start":{"line":152,"column":0},"end":{"line":152,"column":21}},"152":{"start":{"line":153,"column":0},"end":{"line":153,"column":33}},"153":{"start":{"line":154,"column":0},"end":{"line":154,"column":44}},"154":{"start":{"line":155,"column":0},"end":{"line":155,"column":6}},"155":{"start":{"line":156,"column":0},"end":{"line":156,"column":0}},"156":{"start":{"line":157,"column":0},"end":{"line":157,"column":20}},"157":{"start":{"line":158,"column":0},"end":{"line":158,"column":39}},"158":{"start":{"line":159,"column":0},"end":{"line":159,"column":21}},"159":{"start":{"line":160,"column":0},"end":{"line":160,"column":85}},"160":{"start":{"line":161,"column":0},"end":{"line":161,"column":3}},"161":{"start":{"line":162,"column":0},"end":{"line":162,"column":0}},"162":{"start":{"line":163,"column":0},"end":{"line":163,"column":20}},"163":{"start":{"line":164,"column":0},"end":{"line":164,"column":65}},"164":{"start":{"line":165,"column":0},"end":{"line":165,"column":1}},"165":{"start":{"line":166,"column":0},"end":{"line":166,"column":38}},"166":{"start":{"line":167,"column":0},"end":{"line":167,"column":75}},"167":{"start":{"line":168,"column":0},"end":{"line":168,"column":49}},"168":{"start":{"line":169,"column":0},"end":{"line":169,"column":3}},"169":{"start":{"line":170,"column":0},"end":{"line":170,"column":0}},"170":{"start":{"line":171,"column":0},"end":{"line":171,"column":20}},"171":{"start":{"line":172,"column":0},"end":{"line":172,"column":69}},"172":{"start":{"line":173,"column":0},"end":{"line":173,"column":1}},"173":{"start":{"line":174,"column":0},"end":{"line":174,"column":30}},"174":{"start":{"line":175,"column":0},"end":{"line":175,"column":66}},"175":{"start":{"line":176,"column":0},"end":{"line":176,"column":38}},"176":{"start":{"line":177,"column":0},"end":{"line":177,"column":90}},"177":{"start":{"line":178,"column":0},"end":{"line":178,"column":0}},"178":{"start":{"line":179,"column":0},"end":{"line":179,"column":19}},"179":{"start":{"line":180,"column":0},"end":{"line":180,"column":5}},"180":{"start":{"line":181,"column":0},"end":{"line":181,"column":88}},"181":{"start":{"line":182,"column":0},"end":{"line":182,"column":5}},"182":{"start":{"line":183,"column":0},"end":{"line":183,"column":0}},"183":{"start":{"line":184,"column":0},"end":{"line":184,"column":59}},"184":{"start":{"line":185,"column":0},"end":{"line":185,"column":5}},"185":{"start":{"line":186,"column":0},"end":{"line":186,"column":92}},"186":{"start":{"line":187,"column":0},"end":{"line":187,"column":5}},"187":{"start":{"line":188,"column":0},"end":{"line":188,"column":0}},"188":{"start":{"line":189,"column":0},"end":{"line":189,"column":73}},"189":{"start":{"line":190,"column":0},"end":{"line":190,"column":20}},"190":{"start":{"line":191,"column":0},"end":{"line":191,"column":38}},"191":{"start":{"line":192,"column":0},"end":{"line":192,"column":21}},"192":{"start":{"line":193,"column":0},"end":{"line":193,"column":96}},"193":{"start":{"line":194,"column":0},"end":{"line":194,"column":3}},"194":{"start":{"line":195,"column":0},"end":{"line":195,"column":0}},"195":{"start":{"line":196,"column":0},"end":{"line":196,"column":20}},"196":{"start":{"line":197,"column":0},"end":{"line":197,"column":72}},"197":{"start":{"line":198,"column":0},"end":{"line":198,"column":1}},"198":{"start":{"line":199,"column":0},"end":{"line":199,"column":30}},"199":{"start":{"line":200,"column":0},"end":{"line":200,"column":38}},"200":{"start":{"line":201,"column":0},"end":{"line":201,"column":90}},"201":{"start":{"line":202,"column":0},"end":{"line":202,"column":0}},"202":{"start":{"line":203,"column":0},"end":{"line":203,"column":18}},"203":{"start":{"line":204,"column":0},"end":{"line":204,"column":5}},"204":{"start":{"line":205,"column":0},"end":{"line":205,"column":88}},"205":{"start":{"line":206,"column":0},"end":{"line":206,"column":5}},"206":{"start":{"line":207,"column":0},"end":{"line":207,"column":0}},"207":{"start":{"line":208,"column":0},"end":{"line":208,"column":42}},"208":{"start":{"line":209,"column":0},"end":{"line":209,"column":20}},"209":{"start":{"line":210,"column":0},"end":{"line":210,"column":21}},"210":{"start":{"line":211,"column":0},"end":{"line":211,"column":0}},"211":{"start":{"line":212,"column":0},"end":{"line":212,"column":95}},"212":{"start":{"line":213,"column":0},"end":{"line":213,"column":3}},"213":{"start":{"line":214,"column":0},"end":{"line":214,"column":0}},"214":{"start":{"line":215,"column":0},"end":{"line":215,"column":6}},"215":{"start":{"line":216,"column":0},"end":{"line":216,"column":0}},"216":{"start":{"line":217,"column":0},"end":{"line":217,"column":18}},"217":{"start":{"line":218,"column":0},"end":{"line":218,"column":55}},"218":{"start":{"line":219,"column":0},"end":{"line":219,"column":1}},"219":{"start":{"line":220,"column":0},"end":{"line":220,"column":8}},"220":{"start":{"line":221,"column":0},"end":{"line":221,"column":5}},"221":{"start":{"line":222,"column":0},"end":{"line":222,"column":85}},"222":{"start":{"line":223,"column":0},"end":{"line":223,"column":79}},"223":{"start":{"line":224,"column":0},"end":{"line":224,"column":9}},"224":{"start":{"line":225,"column":0},"end":{"line":225,"column":96}},"225":{"start":{"line":226,"column":0},"end":{"line":226,"column":9}},"226":{"start":{"line":227,"column":0},"end":{"line":227,"column":32}},"227":{"start":{"line":228,"column":0},"end":{"line":228,"column":20}},"228":{"start":{"line":229,"column":0},"end":{"line":229,"column":9}},"229":{"start":{"line":230,"column":0},"end":{"line":230,"column":38}},"230":{"start":{"line":231,"column":0},"end":{"line":231,"column":17}},"231":{"start":{"line":232,"column":0},"end":{"line":232,"column":43}},"232":{"start":{"line":233,"column":0},"end":{"line":233,"column":53}},"233":{"start":{"line":234,"column":0},"end":{"line":234,"column":61}},"234":{"start":{"line":235,"column":0},"end":{"line":235,"column":37}},"235":{"start":{"line":236,"column":0},"end":{"line":236,"column":48}},"236":{"start":{"line":237,"column":0},"end":{"line":237,"column":10}},"237":{"start":{"line":238,"column":0},"end":{"line":238,"column":30}},"238":{"start":{"line":239,"column":0},"end":{"line":239,"column":24}},"239":{"start":{"line":240,"column":0},"end":{"line":240,"column":26}},"240":{"start":{"line":241,"column":0},"end":{"line":241,"column":21}},"241":{"start":{"line":242,"column":0},"end":{"line":242,"column":52}},"242":{"start":{"line":243,"column":0},"end":{"line":243,"column":64}},"243":{"start":{"line":244,"column":0},"end":{"line":244,"column":5}},"244":{"start":{"line":245,"column":0},"end":{"line":245,"column":3}},"245":{"start":{"line":246,"column":0},"end":{"line":246,"column":0}},"246":{"start":{"line":247,"column":0},"end":{"line":247,"column":38}},"247":{"start":{"line":248,"column":0},"end":{"line":248,"column":54}},"248":{"start":{"line":249,"column":0},"end":{"line":249,"column":1}},"249":{"start":{"line":250,"column":0},"end":{"line":250,"column":28}},"250":{"start":{"line":251,"column":0},"end":{"line":251,"column":80}},"251":{"start":{"line":252,"column":0},"end":{"line":252,"column":33}},"252":{"start":{"line":253,"column":0},"end":{"line":253,"column":3}},"253":{"start":{"line":254,"column":0},"end":{"line":254,"column":0}},"254":{"start":{"line":255,"column":0},"end":{"line":255,"column":13}},"255":{"start":{"line":256,"column":0},"end":{"line":256,"column":58}},"256":{"start":{"line":257,"column":0},"end":{"line":257,"column":1}},"257":{"start":{"line":258,"column":0},"end":{"line":258,"column":9}},"258":{"start":{"line":259,"column":0},"end":{"line":259,"column":34}},"259":{"start":{"line":260,"column":0},"end":{"line":260,"column":85}},"260":{"start":{"line":261,"column":0},"end":{"line":261,"column":32}},"261":{"start":{"line":262,"column":0},"end":{"line":262,"column":99}},"262":{"start":{"line":263,"column":0},"end":{"line":263,"column":25}},"263":{"start":{"line":264,"column":0},"end":{"line":264,"column":70}},"264":{"start":{"line":265,"column":0},"end":{"line":265,"column":9}},"265":{"start":{"line":266,"column":0},"end":{"line":266,"column":8}},"266":{"start":{"line":267,"column":0},"end":{"line":267,"column":25}},"267":{"start":{"line":268,"column":0},"end":{"line":268,"column":61}},"268":{"start":{"line":269,"column":0},"end":{"line":269,"column":82}},"269":{"start":{"line":270,"column":0},"end":{"line":270,"column":94}},"270":{"start":{"line":271,"column":0},"end":{"line":271,"column":106}},"271":{"start":{"line":272,"column":0},"end":{"line":272,"column":8}},"272":{"start":{"line":273,"column":0},"end":{"line":273,"column":24}},"273":{"start":{"line":274,"column":0},"end":{"line":274,"column":44}},"274":{"start":{"line":275,"column":0},"end":{"line":275,"column":21}},"275":{"start":{"line":276,"column":0},"end":{"line":276,"column":52}},"276":{"start":{"line":277,"column":0},"end":{"line":277,"column":64}},"277":{"start":{"line":278,"column":0},"end":{"line":278,"column":5}},"278":{"start":{"line":279,"column":0},"end":{"line":279,"column":3}},"279":{"start":{"line":280,"column":0},"end":{"line":280,"column":0}},"280":{"start":{"line":281,"column":0},"end":{"line":281,"column":15}},"281":{"start":{"line":282,"column":0},"end":{"line":282,"column":61}},"282":{"start":{"line":283,"column":0},"end":{"line":283,"column":1}},"283":{"start":{"line":284,"column":0},"end":{"line":284,"column":30}},"284":{"start":{"line":285,"column":0},"end":{"line":285,"column":28}},"285":{"start":{"line":286,"column":0},"end":{"line":286,"column":95}},"286":{"start":{"line":287,"column":0},"end":{"line":287,"column":20}},"287":{"start":{"line":288,"column":0},"end":{"line":288,"column":5}},"288":{"start":{"line":289,"column":0},"end":{"line":289,"column":66}},"289":{"start":{"line":290,"column":0},"end":{"line":290,"column":5}},"290":{"start":{"line":291,"column":0},"end":{"line":291,"column":50}},"291":{"start":{"line":292,"column":0},"end":{"line":292,"column":0}},"292":{"start":{"line":293,"column":0},"end":{"line":293,"column":50}},"293":{"start":{"line":294,"column":0},"end":{"line":294,"column":76}},"294":{"start":{"line":295,"column":0},"end":{"line":295,"column":0}},"295":{"start":{"line":296,"column":0},"end":{"line":296,"column":20}},"296":{"start":{"line":297,"column":0},"end":{"line":297,"column":46}},"297":{"start":{"line":298,"column":0},"end":{"line":298,"column":3}},"298":{"start":{"line":299,"column":0},"end":{"line":299,"column":0}},"299":{"start":{"line":300,"column":0},"end":{"line":300,"column":44}},"300":{"start":{"line":301,"column":0},"end":{"line":301,"column":44}},"301":{"start":{"line":302,"column":0},"end":{"line":302,"column":1}},"302":{"start":{"line":303,"column":0},"end":{"line":303,"column":20}},"303":{"start":{"line":304,"column":0},"end":{"line":304,"column":39}},"304":{"start":{"line":305,"column":0},"end":{"line":305,"column":21}},"305":{"start":{"line":306,"column":0},"end":{"line":306,"column":1}},"306":{"start":{"line":307,"column":0},"end":{"line":307,"column":0}},"307":{"start":{"line":308,"column":0},"end":{"line":308,"column":41}},"308":{"start":{"line":309,"column":0},"end":{"line":309,"column":1}},"309":{"start":{"line":310,"column":0},"end":{"line":310,"column":28}},"310":{"start":{"line":311,"column":0},"end":{"line":311,"column":66}},"311":{"start":{"line":312,"column":0},"end":{"line":312,"column":1}},"312":{"start":{"line":313,"column":0},"end":{"line":313,"column":0}},"313":{"start":{"line":314,"column":0},"end":{"line":314,"column":19}},"314":{"start":{"line":315,"column":0},"end":{"line":315,"column":49}},"315":{"start":{"line":316,"column":0},"end":{"line":316,"column":19}},"316":{"start":{"line":317,"column":0},"end":{"line":317,"column":0}},"317":{"start":{"line":318,"column":0},"end":{"line":318,"column":27}},"318":{"start":{"line":319,"column":0},"end":{"line":319,"column":59}},"319":{"start":{"line":320,"column":0},"end":{"line":320,"column":1}},"320":{"start":{"line":321,"column":0},"end":{"line":321,"column":8}},"321":{"start":{"line":322,"column":0},"end":{"line":322,"column":5}},"322":{"start":{"line":323,"column":0},"end":{"line":323,"column":39}},"323":{"start":{"line":324,"column":0},"end":{"line":324,"column":55}},"324":{"start":{"line":325,"column":0},"end":{"line":325,"column":24}},"325":{"start":{"line":326,"column":0},"end":{"line":326,"column":21}},"326":{"start":{"line":327,"column":0},"end":{"line":327,"column":59}},"327":{"start":{"line":328,"column":0},"end":{"line":328,"column":70}},"328":{"start":{"line":329,"column":0},"end":{"line":329,"column":5}},"329":{"start":{"line":330,"column":0},"end":{"line":330,"column":3}},"330":{"start":{"line":331,"column":0},"end":{"line":331,"column":0}},"331":{"start":{"line":332,"column":0},"end":{"line":332,"column":30}},"332":{"start":{"line":333,"column":0},"end":{"line":333,"column":79}},"333":{"start":{"line":334,"column":0},"end":{"line":334,"column":1}},"334":{"start":{"line":335,"column":0},"end":{"line":335,"column":8}},"335":{"start":{"line":336,"column":0},"end":{"line":336,"column":5}},"336":{"start":{"line":337,"column":0},"end":{"line":337,"column":39}},"337":{"start":{"line":338,"column":0},"end":{"line":338,"column":32}},"338":{"start":{"line":339,"column":0},"end":{"line":339,"column":54}},"339":{"start":{"line":340,"column":0},"end":{"line":340,"column":91}},"340":{"start":{"line":341,"column":0},"end":{"line":341,"column":19}},"341":{"start":{"line":342,"column":0},"end":{"line":342,"column":86}},"342":{"start":{"line":343,"column":0},"end":{"line":343,"column":9}},"343":{"start":{"line":344,"column":0},"end":{"line":344,"column":0}},"344":{"start":{"line":345,"column":0},"end":{"line":345,"column":30}},"345":{"start":{"line":346,"column":0},"end":{"line":346,"column":35}},"346":{"start":{"line":347,"column":0},"end":{"line":347,"column":91}},"347":{"start":{"line":348,"column":0},"end":{"line":348,"column":9}},"348":{"start":{"line":349,"column":0},"end":{"line":349,"column":96}},"349":{"start":{"line":350,"column":0},"end":{"line":350,"column":9}},"350":{"start":{"line":351,"column":0},"end":{"line":351,"column":0}},"351":{"start":{"line":352,"column":0},"end":{"line":352,"column":53}},"352":{"start":{"line":353,"column":0},"end":{"line":353,"column":27}},"353":{"start":{"line":354,"column":0},"end":{"line":354,"column":39}},"354":{"start":{"line":355,"column":0},"end":{"line":355,"column":103}},"355":{"start":{"line":356,"column":0},"end":{"line":356,"column":50}},"356":{"start":{"line":357,"column":0},"end":{"line":357,"column":0}},"357":{"start":{"line":358,"column":0},"end":{"line":358,"column":37}},"358":{"start":{"line":359,"column":0},"end":{"line":359,"column":24}},"359":{"start":{"line":360,"column":0},"end":{"line":360,"column":23}},"360":{"start":{"line":361,"column":0},"end":{"line":361,"column":21}},"361":{"start":{"line":362,"column":0},"end":{"line":362,"column":56}},"362":{"start":{"line":363,"column":0},"end":{"line":363,"column":67}},"363":{"start":{"line":364,"column":0},"end":{"line":364,"column":5}},"364":{"start":{"line":365,"column":0},"end":{"line":365,"column":3}},"365":{"start":{"line":366,"column":0},"end":{"line":366,"column":0}},"366":{"start":{"line":367,"column":0},"end":{"line":367,"column":28}},"367":{"start":{"line":368,"column":0},"end":{"line":368,"column":86}},"368":{"start":{"line":369,"column":0},"end":{"line":369,"column":1}},"369":{"start":{"line":370,"column":0},"end":{"line":370,"column":8}},"370":{"start":{"line":371,"column":0},"end":{"line":371,"column":5}},"371":{"start":{"line":372,"column":0},"end":{"line":372,"column":45}},"372":{"start":{"line":373,"column":0},"end":{"line":373,"column":37}},"373":{"start":{"line":374,"column":0},"end":{"line":374,"column":8}},"374":{"start":{"line":375,"column":0},"end":{"line":375,"column":72}},"375":{"start":{"line":376,"column":0},"end":{"line":376,"column":79}},"376":{"start":{"line":377,"column":0},"end":{"line":377,"column":78}},"377":{"start":{"line":378,"column":0},"end":{"line":378,"column":9}},"378":{"start":{"line":379,"column":0},"end":{"line":379,"column":87}},"379":{"start":{"line":380,"column":0},"end":{"line":380,"column":82}},"380":{"start":{"line":381,"column":0},"end":{"line":381,"column":9}},"381":{"start":{"line":382,"column":0},"end":{"line":382,"column":81}},"382":{"start":{"line":383,"column":0},"end":{"line":383,"column":79}},"383":{"start":{"line":384,"column":0},"end":{"line":384,"column":9}},"384":{"start":{"line":385,"column":0},"end":{"line":385,"column":95}},"385":{"start":{"line":386,"column":0},"end":{"line":386,"column":91}},"386":{"start":{"line":387,"column":0},"end":{"line":387,"column":9}},"387":{"start":{"line":388,"column":0},"end":{"line":388,"column":8}},"388":{"start":{"line":389,"column":0},"end":{"line":389,"column":32}},"389":{"start":{"line":390,"column":0},"end":{"line":390,"column":106}},"390":{"start":{"line":391,"column":0},"end":{"line":391,"column":8}},"391":{"start":{"line":392,"column":0},"end":{"line":392,"column":31}},"392":{"start":{"line":393,"column":0},"end":{"line":393,"column":74}},"393":{"start":{"line":394,"column":0},"end":{"line":394,"column":9}},"394":{"start":{"line":395,"column":0},"end":{"line":395,"column":8}},"395":{"start":{"line":396,"column":0},"end":{"line":396,"column":91}},"396":{"start":{"line":397,"column":0},"end":{"line":397,"column":24}},"397":{"start":{"line":398,"column":0},"end":{"line":398,"column":8}},"398":{"start":{"line":399,"column":0},"end":{"line":399,"column":47}},"399":{"start":{"line":400,"column":0},"end":{"line":400,"column":21}},"400":{"start":{"line":401,"column":0},"end":{"line":401,"column":58}},"401":{"start":{"line":402,"column":0},"end":{"line":402,"column":70}},"402":{"start":{"line":403,"column":0},"end":{"line":403,"column":5}},"403":{"start":{"line":404,"column":0},"end":{"line":404,"column":3}},"404":{"start":{"line":405,"column":0},"end":{"line":405,"column":0}},"405":{"start":{"line":406,"column":0},"end":{"line":406,"column":30}},"406":{"start":{"line":407,"column":0},"end":{"line":407,"column":89}},"407":{"start":{"line":408,"column":0},"end":{"line":408,"column":1}},"408":{"start":{"line":409,"column":0},"end":{"line":409,"column":8}},"409":{"start":{"line":410,"column":0},"end":{"line":410,"column":5}},"410":{"start":{"line":411,"column":0},"end":{"line":411,"column":45}},"411":{"start":{"line":412,"column":0},"end":{"line":412,"column":8}},"412":{"start":{"line":413,"column":0},"end":{"line":413,"column":32}},"413":{"start":{"line":414,"column":0},"end":{"line":414,"column":106}},"414":{"start":{"line":415,"column":0},"end":{"line":415,"column":8}},"415":{"start":{"line":416,"column":0},"end":{"line":416,"column":31}},"416":{"start":{"line":417,"column":0},"end":{"line":417,"column":74}},"417":{"start":{"line":418,"column":0},"end":{"line":418,"column":9}},"418":{"start":{"line":419,"column":0},"end":{"line":419,"column":8}},"419":{"start":{"line":420,"column":0},"end":{"line":420,"column":47}},"420":{"start":{"line":421,"column":0},"end":{"line":421,"column":24}},"421":{"start":{"line":422,"column":0},"end":{"line":422,"column":8}},"422":{"start":{"line":423,"column":0},"end":{"line":423,"column":79}},"423":{"start":{"line":424,"column":0},"end":{"line":424,"column":21}},"424":{"start":{"line":425,"column":0},"end":{"line":425,"column":58}},"425":{"start":{"line":426,"column":0},"end":{"line":426,"column":70}},"426":{"start":{"line":427,"column":0},"end":{"line":427,"column":5}},"427":{"start":{"line":428,"column":0},"end":{"line":428,"column":3}},"428":{"start":{"line":429,"column":0},"end":{"line":429,"column":0}},"429":{"start":{"line":430,"column":0},"end":{"line":430,"column":37}},"430":{"start":{"line":431,"column":0},"end":{"line":431,"column":94}},"431":{"start":{"line":432,"column":0},"end":{"line":432,"column":1}},"432":{"start":{"line":433,"column":0},"end":{"line":433,"column":8}},"433":{"start":{"line":434,"column":0},"end":{"line":434,"column":5}},"434":{"start":{"line":435,"column":0},"end":{"line":435,"column":45}},"435":{"start":{"line":436,"column":0},"end":{"line":436,"column":35}},"436":{"start":{"line":437,"column":0},"end":{"line":437,"column":8}},"437":{"start":{"line":438,"column":0},"end":{"line":438,"column":32}},"438":{"start":{"line":439,"column":0},"end":{"line":439,"column":106}},"439":{"start":{"line":440,"column":0},"end":{"line":440,"column":8}},"440":{"start":{"line":441,"column":0},"end":{"line":441,"column":31}},"441":{"start":{"line":442,"column":0},"end":{"line":442,"column":74}},"442":{"start":{"line":443,"column":0},"end":{"line":443,"column":9}},"443":{"start":{"line":444,"column":0},"end":{"line":444,"column":8}},"444":{"start":{"line":445,"column":0},"end":{"line":445,"column":51}},"445":{"start":{"line":446,"column":0},"end":{"line":446,"column":24}},"446":{"start":{"line":447,"column":0},"end":{"line":447,"column":8}},"447":{"start":{"line":448,"column":0},"end":{"line":448,"column":47}},"448":{"start":{"line":449,"column":0},"end":{"line":449,"column":21}},"449":{"start":{"line":450,"column":0},"end":{"line":450,"column":71}},"450":{"start":{"line":451,"column":0},"end":{"line":451,"column":83}},"451":{"start":{"line":452,"column":0},"end":{"line":452,"column":5}},"452":{"start":{"line":453,"column":0},"end":{"line":453,"column":3}},"453":{"start":{"line":454,"column":0},"end":{"line":454,"column":0}},"454":{"start":{"line":455,"column":0},"end":{"line":455,"column":39}},"455":{"start":{"line":456,"column":0},"end":{"line":456,"column":66}},"456":{"start":{"line":457,"column":0},"end":{"line":457,"column":1}},"457":{"start":{"line":458,"column":0},"end":{"line":458,"column":8}},"458":{"start":{"line":459,"column":0},"end":{"line":459,"column":5}},"459":{"start":{"line":460,"column":0},"end":{"line":460,"column":32}},"460":{"start":{"line":461,"column":0},"end":{"line":461,"column":84}},"461":{"start":{"line":462,"column":0},"end":{"line":462,"column":98}},"462":{"start":{"line":463,"column":0},"end":{"line":463,"column":8}},"463":{"start":{"line":464,"column":0},"end":{"line":464,"column":78}},"464":{"start":{"line":465,"column":0},"end":{"line":465,"column":109}},"465":{"start":{"line":466,"column":0},"end":{"line":466,"column":8}},"466":{"start":{"line":467,"column":0},"end":{"line":467,"column":45}},"467":{"start":{"line":468,"column":0},"end":{"line":468,"column":9}},"468":{"start":{"line":469,"column":0},"end":{"line":469,"column":87}},"469":{"start":{"line":470,"column":0},"end":{"line":470,"column":84}},"470":{"start":{"line":471,"column":0},"end":{"line":471,"column":115}},"471":{"start":{"line":472,"column":0},"end":{"line":472,"column":12}},"472":{"start":{"line":473,"column":0},"end":{"line":473,"column":20}},"473":{"start":{"line":474,"column":0},"end":{"line":474,"column":30}},"474":{"start":{"line":475,"column":0},"end":{"line":475,"column":34}},"475":{"start":{"line":476,"column":0},"end":{"line":476,"column":49}},"476":{"start":{"line":477,"column":0},"end":{"line":477,"column":49}},"477":{"start":{"line":478,"column":0},"end":{"line":478,"column":52}},"478":{"start":{"line":479,"column":0},"end":{"line":479,"column":14}},"479":{"start":{"line":480,"column":0},"end":{"line":480,"column":11}},"480":{"start":{"line":481,"column":0},"end":{"line":481,"column":8}},"481":{"start":{"line":482,"column":0},"end":{"line":482,"column":27}},"482":{"start":{"line":483,"column":0},"end":{"line":483,"column":9}},"483":{"start":{"line":484,"column":0},"end":{"line":484,"column":39}},"484":{"start":{"line":485,"column":0},"end":{"line":485,"column":51}},"485":{"start":{"line":486,"column":0},"end":{"line":486,"column":47}},"486":{"start":{"line":487,"column":0},"end":{"line":487,"column":51}},"487":{"start":{"line":488,"column":0},"end":{"line":488,"column":35}},"488":{"start":{"line":489,"column":0},"end":{"line":489,"column":10}},"489":{"start":{"line":490,"column":0},"end":{"line":490,"column":8}},"490":{"start":{"line":491,"column":0},"end":{"line":491,"column":29}},"491":{"start":{"line":492,"column":0},"end":{"line":492,"column":21}},"492":{"start":{"line":493,"column":0},"end":{"line":493,"column":59}},"493":{"start":{"line":494,"column":0},"end":{"line":494,"column":70}},"494":{"start":{"line":495,"column":0},"end":{"line":495,"column":5}},"495":{"start":{"line":496,"column":0},"end":{"line":496,"column":3}},"496":{"start":{"line":497,"column":0},"end":{"line":497,"column":0}},"497":{"start":{"line":498,"column":0},"end":{"line":498,"column":28}},"498":{"start":{"line":499,"column":0},"end":{"line":499,"column":74}},"499":{"start":{"line":500,"column":0},"end":{"line":500,"column":1}},"500":{"start":{"line":501,"column":0},"end":{"line":501,"column":8}},"501":{"start":{"line":502,"column":0},"end":{"line":502,"column":5}},"502":{"start":{"line":503,"column":0},"end":{"line":503,"column":37}},"503":{"start":{"line":504,"column":0},"end":{"line":504,"column":46}},"504":{"start":{"line":505,"column":0},"end":{"line":505,"column":32}},"505":{"start":{"line":506,"column":0},"end":{"line":506,"column":0}},"506":{"start":{"line":507,"column":0},"end":{"line":507,"column":22}},"507":{"start":{"line":508,"column":0},"end":{"line":508,"column":91}},"508":{"start":{"line":509,"column":0},"end":{"line":509,"column":19}},"509":{"start":{"line":510,"column":0},"end":{"line":510,"column":86}},"510":{"start":{"line":511,"column":0},"end":{"line":511,"column":9}},"511":{"start":{"line":512,"column":0},"end":{"line":512,"column":0}},"512":{"start":{"line":513,"column":0},"end":{"line":513,"column":28}},"513":{"start":{"line":514,"column":0},"end":{"line":514,"column":82}},"514":{"start":{"line":515,"column":0},"end":{"line":515,"column":0}},"515":{"start":{"line":516,"column":0},"end":{"line":516,"column":21}},"516":{"start":{"line":517,"column":0},"end":{"line":517,"column":27}},"517":{"start":{"line":518,"column":0},"end":{"line":518,"column":9}},"518":{"start":{"line":519,"column":0},"end":{"line":519,"column":17}},"519":{"start":{"line":520,"column":0},"end":{"line":520,"column":13}},"520":{"start":{"line":521,"column":0},"end":{"line":521,"column":27}},"521":{"start":{"line":522,"column":0},"end":{"line":522,"column":31}},"522":{"start":{"line":523,"column":0},"end":{"line":523,"column":45}},"523":{"start":{"line":524,"column":0},"end":{"line":524,"column":53}},"524":{"start":{"line":525,"column":0},"end":{"line":525,"column":61}},"525":{"start":{"line":526,"column":0},"end":{"line":526,"column":41}},"526":{"start":{"line":527,"column":0},"end":{"line":527,"column":52}},"527":{"start":{"line":528,"column":0},"end":{"line":528,"column":14}},"528":{"start":{"line":529,"column":0},"end":{"line":529,"column":49}},"529":{"start":{"line":530,"column":0},"end":{"line":530,"column":28}},"530":{"start":{"line":531,"column":0},"end":{"line":531,"column":38}},"531":{"start":{"line":532,"column":0},"end":{"line":532,"column":46}},"532":{"start":{"line":533,"column":0},"end":{"line":533,"column":40}},"533":{"start":{"line":534,"column":0},"end":{"line":534,"column":54}},"534":{"start":{"line":535,"column":0},"end":{"line":535,"column":43}},"535":{"start":{"line":536,"column":0},"end":{"line":536,"column":41}},"536":{"start":{"line":537,"column":0},"end":{"line":537,"column":16}},"537":{"start":{"line":538,"column":0},"end":{"line":538,"column":41}},"538":{"start":{"line":539,"column":0},"end":{"line":539,"column":10}},"539":{"start":{"line":540,"column":0},"end":{"line":540,"column":0}},"540":{"start":{"line":541,"column":0},"end":{"line":541,"column":30}},"541":{"start":{"line":542,"column":0},"end":{"line":542,"column":9}},"542":{"start":{"line":543,"column":0},"end":{"line":543,"column":24}},"543":{"start":{"line":544,"column":0},"end":{"line":544,"column":172}},"544":{"start":{"line":545,"column":0},"end":{"line":545,"column":51}},"545":{"start":{"line":546,"column":0},"end":{"line":546,"column":242}},"546":{"start":{"line":547,"column":0},"end":{"line":547,"column":25}},"547":{"start":{"line":548,"column":0},"end":{"line":548,"column":12}},"548":{"start":{"line":549,"column":0},"end":{"line":549,"column":51}},"549":{"start":{"line":550,"column":0},"end":{"line":550,"column":12}},"550":{"start":{"line":551,"column":0},"end":{"line":551,"column":54}},"551":{"start":{"line":552,"column":0},"end":{"line":552,"column":91}},"552":{"start":{"line":553,"column":0},"end":{"line":553,"column":33}},"553":{"start":{"line":554,"column":0},"end":{"line":554,"column":16}},"554":{"start":{"line":555,"column":0},"end":{"line":555,"column":25}},"555":{"start":{"line":556,"column":0},"end":{"line":556,"column":62}},"556":{"start":{"line":557,"column":0},"end":{"line":557,"column":92}},"557":{"start":{"line":558,"column":0},"end":{"line":558,"column":33}},"558":{"start":{"line":559,"column":0},"end":{"line":559,"column":9}},"559":{"start":{"line":560,"column":0},"end":{"line":560,"column":21}},"560":{"start":{"line":561,"column":0},"end":{"line":561,"column":53}},"561":{"start":{"line":562,"column":0},"end":{"line":562,"column":64}},"562":{"start":{"line":563,"column":0},"end":{"line":563,"column":5}},"563":{"start":{"line":564,"column":0},"end":{"line":564,"column":3}},"564":{"start":{"line":565,"column":0},"end":{"line":565,"column":0}},"565":{"start":{"line":566,"column":0},"end":{"line":566,"column":28}},"566":{"start":{"line":567,"column":0},"end":{"line":567,"column":68}},"567":{"start":{"line":568,"column":0},"end":{"line":568,"column":1}},"568":{"start":{"line":569,"column":0},"end":{"line":569,"column":7}},"569":{"start":{"line":570,"column":0},"end":{"line":570,"column":5}},"570":{"start":{"line":571,"column":0},"end":{"line":571,"column":37}},"571":{"start":{"line":572,"column":0},"end":{"line":572,"column":8}},"572":{"start":{"line":573,"column":0},"end":{"line":573,"column":20}},"573":{"start":{"line":574,"column":0},"end":{"line":574,"column":32}},"574":{"start":{"line":575,"column":0},"end":{"line":575,"column":0}},"575":{"start":{"line":576,"column":0},"end":{"line":576,"column":35}},"576":{"start":{"line":577,"column":0},"end":{"line":577,"column":55}},"577":{"start":{"line":578,"column":0},"end":{"line":578,"column":9}},"578":{"start":{"line":579,"column":0},"end":{"line":579,"column":30}},"579":{"start":{"line":580,"column":0},"end":{"line":580,"column":22}},"580":{"start":{"line":581,"column":0},"end":{"line":581,"column":13}},"581":{"start":{"line":582,"column":0},"end":{"line":582,"column":43}},"582":{"start":{"line":583,"column":0},"end":{"line":583,"column":63}},"583":{"start":{"line":584,"column":0},"end":{"line":584,"column":73}},"584":{"start":{"line":585,"column":0},"end":{"line":585,"column":80}},"585":{"start":{"line":586,"column":0},"end":{"line":586,"column":14}},"586":{"start":{"line":587,"column":0},"end":{"line":587,"column":58}},"587":{"start":{"line":588,"column":0},"end":{"line":588,"column":16}},"588":{"start":{"line":589,"column":0},"end":{"line":589,"column":92}},"589":{"start":{"line":590,"column":0},"end":{"line":590,"column":9}},"590":{"start":{"line":591,"column":0},"end":{"line":591,"column":0}},"591":{"start":{"line":592,"column":0},"end":{"line":592,"column":27}},"592":{"start":{"line":593,"column":0},"end":{"line":593,"column":57}},"593":{"start":{"line":594,"column":0},"end":{"line":594,"column":9}},"594":{"start":{"line":595,"column":0},"end":{"line":595,"column":93}},"595":{"start":{"line":596,"column":0},"end":{"line":596,"column":9}},"596":{"start":{"line":597,"column":0},"end":{"line":597,"column":0}},"597":{"start":{"line":598,"column":0},"end":{"line":598,"column":24}},"598":{"start":{"line":599,"column":0},"end":{"line":599,"column":32}},"599":{"start":{"line":600,"column":0},"end":{"line":600,"column":23}},"600":{"start":{"line":601,"column":0},"end":{"line":601,"column":9}},"601":{"start":{"line":602,"column":0},"end":{"line":602,"column":38}},"602":{"start":{"line":603,"column":0},"end":{"line":603,"column":38}},"603":{"start":{"line":604,"column":0},"end":{"line":604,"column":52}},"604":{"start":{"line":605,"column":0},"end":{"line":605,"column":53}},"605":{"start":{"line":606,"column":0},"end":{"line":606,"column":61}},"606":{"start":{"line":607,"column":0},"end":{"line":607,"column":37}},"607":{"start":{"line":608,"column":0},"end":{"line":608,"column":47}},"608":{"start":{"line":609,"column":0},"end":{"line":609,"column":10}},"609":{"start":{"line":610,"column":0},"end":{"line":610,"column":0}},"610":{"start":{"line":611,"column":0},"end":{"line":611,"column":33}},"611":{"start":{"line":612,"column":0},"end":{"line":612,"column":0}},"612":{"start":{"line":613,"column":0},"end":{"line":613,"column":27}},"613":{"start":{"line":614,"column":0},"end":{"line":614,"column":34}},"614":{"start":{"line":615,"column":0},"end":{"line":615,"column":52}},"615":{"start":{"line":616,"column":0},"end":{"line":616,"column":9}},"616":{"start":{"line":617,"column":0},"end":{"line":617,"column":58}},"617":{"start":{"line":618,"column":0},"end":{"line":618,"column":13}},"618":{"start":{"line":619,"column":0},"end":{"line":619,"column":34}},"619":{"start":{"line":620,"column":0},"end":{"line":620,"column":17}},"620":{"start":{"line":621,"column":0},"end":{"line":621,"column":56}},"621":{"start":{"line":622,"column":0},"end":{"line":622,"column":37}},"622":{"start":{"line":623,"column":0},"end":{"line":623,"column":53}},"623":{"start":{"line":624,"column":0},"end":{"line":624,"column":61}},"624":{"start":{"line":625,"column":0},"end":{"line":625,"column":74}},"625":{"start":{"line":626,"column":0},"end":{"line":626,"column":92}},"626":{"start":{"line":627,"column":0},"end":{"line":627,"column":51}},"627":{"start":{"line":628,"column":0},"end":{"line":628,"column":45}},"628":{"start":{"line":629,"column":0},"end":{"line":629,"column":55}},"629":{"start":{"line":630,"column":0},"end":{"line":630,"column":18}},"630":{"start":{"line":631,"column":0},"end":{"line":631,"column":50}},"631":{"start":{"line":632,"column":0},"end":{"line":632,"column":36}},"632":{"start":{"line":633,"column":0},"end":{"line":633,"column":13}},"633":{"start":{"line":634,"column":0},"end":{"line":634,"column":11}},"634":{"start":{"line":635,"column":0},"end":{"line":635,"column":0}},"635":{"start":{"line":636,"column":0},"end":{"line":636,"column":24}},"636":{"start":{"line":637,"column":0},"end":{"line":637,"column":0}},"637":{"start":{"line":638,"column":0},"end":{"line":638,"column":17}},"638":{"start":{"line":639,"column":0},"end":{"line":639,"column":9}},"639":{"start":{"line":640,"column":0},"end":{"line":640,"column":26}},"640":{"start":{"line":641,"column":0},"end":{"line":641,"column":49}},"641":{"start":{"line":642,"column":0},"end":{"line":642,"column":24}},"642":{"start":{"line":643,"column":0},"end":{"line":643,"column":46}},"643":{"start":{"line":644,"column":0},"end":{"line":644,"column":11}},"644":{"start":{"line":645,"column":0},"end":{"line":645,"column":0}},"645":{"start":{"line":646,"column":0},"end":{"line":646,"column":21}},"646":{"start":{"line":647,"column":0},"end":{"line":647,"column":53}},"647":{"start":{"line":648,"column":0},"end":{"line":648,"column":31}},"648":{"start":{"line":649,"column":0},"end":{"line":649,"column":28}},"649":{"start":{"line":650,"column":0},"end":{"line":650,"column":61}},"650":{"start":{"line":651,"column":0},"end":{"line":651,"column":11}},"651":{"start":{"line":652,"column":0},"end":{"line":652,"column":5}},"652":{"start":{"line":653,"column":0},"end":{"line":653,"column":3}},"653":{"start":{"line":654,"column":0},"end":{"line":654,"column":0}},"654":{"start":{"line":655,"column":0},"end":{"line":655,"column":19}}},"s":{"0":1,"1":1,"2":1,"3":1,"4":1,"5":1,"6":1,"7":1,"8":1,"9":1,"10":1,"11":1,"12":1,"13":1,"14":1,"15":1,"16":1,"17":1,"18":1,"19":1,"20":1,"21":1,"22":1,"23":1,"24":161,"25":161,"26":161,"27":161,"28":1,"29":101,"30":101,"31":101,"32":101,"33":1,"34":1,"35":1,"36":1,"37":1,"38":1,"39":1,"40":1,"41":1,"42":1,"43":1,"44":1,"45":1,"46":1,"47":1,"48":1,"49":1,"50":1,"51":1,"52":1,"53":1,"54":1,"55":1,"56":91,"57":91,"58":91,"59":91,"60":91,"61":91,"62":91,"63":1,"64":1,"65":90,"66":90,"67":90,"68":90,"69":89,"70":89,"71":90,"72":90,"73":1,"74":1,"75":1,"76":47,"77":47,"78":47,"79":47,"80":47,"81":2,"82":2,"83":45,"84":45,"85":45,"86":45,"87":47,"88":1,"89":1,"90":44,"91":44,"92":44,"93":44,"94":44,"95":44,"96":44,"97":44,"98":44,"99":44,"100":47,"101":0,"102":0,"103":0,"104":1,"105":1,"106":1,"107":1,"108":45,"109":45,"110":45,"111":45,"112":2,"113":2,"114":43,"115":43,"116":43,"117":45,"118":1,"119":1,"120":42,"121":42,"122":45,"123":1,"124":1,"125":41,"126":41,"127":41,"128":41,"129":41,"130":45,"131":0,"132":0,"133":0,"134":1,"135":1,"136":1,"137":1,"138":6,"139":6,"140":6,"141":6,"142":1,"143":1,"144":5,"145":5,"146":5,"147":5,"148":5,"149":5,"150":5,"151":5,"152":5,"153":5,"154":5,"155":5,"156":5,"157":5,"158":5,"159":5,"160":1,"161":1,"162":1,"163":1,"164":1,"165":1,"166":1,"167":1,"168":1,"169":1,"170":1,"171":1,"172":3,"173":3,"174":3,"175":3,"176":3,"177":3,"178":3,"179":3,"180":3,"181":3,"182":0,"183":3,"184":3,"185":0,"186":0,"187":0,"188":0,"189":0,"190":0,"191":0,"192":0,"193":1,"194":1,"195":1,"196":1,"197":2,"198":2,"199":2,"200":2,"201":2,"202":2,"203":2,"204":2,"205":2,"206":0,"207":0,"208":0,"209":0,"210":0,"211":0,"212":1,"213":1,"214":1,"215":1,"216":1,"217":1,"218":29,"219":29,"220":29,"221":29,"222":29,"223":29,"224":1,"225":1,"226":28,"227":28,"228":28,"229":28,"230":28,"231":29,"232":29,"233":29,"234":29,"235":29,"236":29,"237":29,"238":29,"239":29,"240":29,"241":0,"242":0,"243":0,"244":1,"245":1,"246":1,"247":1,"248":1,"249":1,"250":1,"251":1,"252":1,"253":1,"254":1,"255":1,"256":2,"257":2,"258":2,"259":2,"260":2,"261":2,"262":2,"263":1,"264":1,"265":1,"266":1,"267":1,"268":1,"269":2,"270":2,"271":1,"272":1,"273":1,"274":2,"275":0,"276":0,"277":0,"278":1,"279":1,"280":1,"281":1,"282":2,"283":2,"284":2,"285":2,"286":2,"287":2,"288":1,"289":1,"290":1,"291":1,"292":1,"293":1,"294":1,"295":1,"296":1,"297":1,"298":1,"299":1,"300":0,"301":0,"302":0,"303":0,"304":0,"305":0,"306":1,"307":1,"308":1,"309":1,"310":1,"311":1,"312":1,"313":1,"314":1,"315":1,"316":1,"317":1,"318":1,"319":1,"320":1,"321":1,"322":1,"323":1,"324":1,"325":1,"326":0,"327":0,"328":0,"329":1,"330":1,"331":1,"332":1,"333":21,"334":21,"335":21,"336":21,"337":21,"338":21,"339":21,"340":21,"341":1,"342":1,"343":20,"344":20,"345":20,"346":21,"347":21,"348":1,"349":1,"350":19,"351":19,"352":19,"353":19,"354":21,"355":21,"356":21,"357":21,"358":21,"359":21,"360":21,"361":0,"362":0,"363":0,"364":1,"365":1,"366":1,"367":1,"368":3,"369":3,"370":3,"371":3,"372":3,"373":3,"374":3,"375":3,"376":1,"377":1,"378":3,"379":0,"380":0,"381":3,"382":0,"383":0,"384":3,"385":0,"386":0,"387":2,"388":2,"389":2,"390":2,"391":3,"392":1,"393":1,"394":1,"395":1,"396":1,"397":1,"398":1,"399":3,"400":0,"401":0,"402":0,"403":1,"404":1,"405":1,"406":1,"407":3,"408":3,"409":3,"410":3,"411":3,"412":3,"413":3,"414":3,"415":3,"416":1,"417":1,"418":2,"419":2,"420":2,"421":2,"422":2,"423":3,"424":1,"425":1,"426":1,"427":1,"428":1,"429":1,"430":1,"431":3,"432":3,"433":3,"434":3,"435":3,"436":3,"437":3,"438":3,"439":3,"440":3,"441":1,"442":1,"443":2,"444":2,"445":2,"446":2,"447":2,"448":3,"449":1,"450":1,"451":1,"452":1,"453":1,"454":1,"455":1,"456":2,"457":2,"458":2,"459":2,"460":2,"461":2,"462":2,"463":2,"464":2,"465":2,"466":2,"467":1,"468":1,"469":1,"470":1,"471":1,"472":1,"473":1,"474":1,"475":1,"476":1,"477":1,"478":1,"479":2,"480":2,"481":2,"482":2,"483":2,"484":2,"485":2,"486":2,"487":2,"488":2,"489":2,"490":2,"491":2,"492":1,"493":1,"494":1,"495":1,"496":1,"497":1,"498":1,"499":5,"500":5,"501":5,"502":5,"503":5,"504":5,"505":5,"506":5,"507":5,"508":5,"509":1,"510":1,"511":3,"512":3,"513":3,"514":3,"515":3,"516":3,"517":3,"518":3,"519":3,"520":3,"521":3,"522":3,"523":3,"524":3,"525":3,"526":3,"527":3,"528":3,"529":3,"530":3,"531":3,"532":3,"533":3,"534":3,"535":3,"536":3,"537":3,"538":3,"539":3,"540":3,"541":5,"542":1,"543":1,"544":1,"545":1,"546":1,"547":1,"548":1,"549":1,"550":1,"551":1,"552":1,"553":5,"554":2,"555":2,"556":2,"557":2,"558":2,"559":5,"560":1,"561":1,"562":1,"563":1,"564":1,"565":1,"566":1,"567":5,"568":5,"569":5,"570":5,"571":5,"572":5,"573":5,"574":5,"575":5,"576":5,"577":5,"578":4,"579":4,"580":4,"581":4,"582":4,"583":4,"584":4,"585":4,"586":4,"587":5,"588":1,"589":1,"590":4,"591":4,"592":5,"593":5,"594":1,"595":1,"596":3,"597":3,"598":3,"599":3,"600":3,"601":3,"602":3,"603":3,"604":3,"605":3,"606":3,"607":3,"608":3,"609":3,"610":3,"611":3,"612":3,"613":3,"614":3,"615":5,"616":5,"617":5,"618":3,"619":3,"620":3,"621":3,"622":3,"623":3,"624":3,"625":3,"626":3,"627":3,"628":3,"629":3,"630":3,"631":3,"632":3,"633":3,"634":3,"635":3,"636":3,"637":3,"638":3,"639":3,"640":3,"641":3,"642":3,"643":3,"644":3,"645":5,"646":1,"647":1,"648":1,"649":1,"650":1,"651":1,"652":1,"653":1,"654":1},"branchMap":{"0":{"type":"branch","line":25,"loc":{"start":{"line":25,"column":0},"end":{"line":28,"column":1}},"locations":[{"start":{"line":25,"column":0},"end":{"line":28,"column":1}}]},"1":{"type":"branch","line":30,"loc":{"start":{"line":30,"column":0},"end":{"line":33,"column":1}},"locations":[{"start":{"line":30,"column":0},"end":{"line":33,"column":1}}]},"2":{"type":"branch","line":41,"loc":{"start":{"line":41,"column":14},"end":{"line":44,"column":2}},"locations":[{"start":{"line":41,"column":14},"end":{"line":44,"column":2}}]},"3":{"type":"branch","line":46,"loc":{"start":{"line":46,"column":41},"end":{"line":49,"column":2}},"locations":[{"start":{"line":46,"column":41},"end":{"line":49,"column":2}}]},"4":{"type":"branch","line":51,"loc":{"start":{"line":51,"column":17},"end":{"line":54,"column":2}},"locations":[{"start":{"line":51,"column":17},"end":{"line":54,"column":2}}]},"5":{"type":"branch","line":57,"loc":{"start":{"line":57,"column":0},"end":{"line":73,"column":1}},"locations":[{"start":{"line":57,"column":0},"end":{"line":73,"column":1}}]},"6":{"type":"branch","line":60,"loc":{"start":{"line":60,"column":29},"end":{"line":60,"column":56}},"locations":[{"start":{"line":60,"column":29},"end":{"line":60,"column":56}}]},"7":{"type":"branch","line":63,"loc":{"start":{"line":63,"column":4},"end":{"line":65,"column":5}},"locations":[{"start":{"line":63,"column":4},"end":{"line":65,"column":5}}]},"8":{"type":"branch","line":66,"loc":{"start":{"line":66,"column":-2},"end":{"line":73,"column":1}},"locations":[{"start":{"line":66,"column":-2},"end":{"line":73,"column":1}}]},"9":{"type":"branch","line":67,"loc":{"start":{"line":67,"column":34},"end":{"line":72,"column":5}},"locations":[{"start":{"line":67,"column":34},"end":{"line":72,"column":5}}]},"10":{"type":"branch","line":69,"loc":{"start":{"line":69,"column":16},"end":{"line":69,"column":72}},"locations":[{"start":{"line":69,"column":16},"end":{"line":69,"column":72}}]},"11":{"type":"branch","line":70,"loc":{"start":{"line":70,"column":-2},"end":{"line":72,"column":4}},"locations":[{"start":{"line":70,"column":-2},"end":{"line":72,"column":4}}]},"12":{"type":"branch","line":76,"loc":{"start":{"line":76,"column":26},"end":{"line":105,"column":2}},"locations":[{"start":{"line":76,"column":26},"end":{"line":105,"column":2}}]},"13":{"type":"branch","line":80,"loc":{"start":{"line":80,"column":22},"end":{"line":80,"column":34}},"locations":[{"start":{"line":80,"column":22},"end":{"line":80,"column":34}}]},"14":{"type":"branch","line":81,"loc":{"start":{"line":81,"column":8},"end":{"line":83,"column":9}},"locations":[{"start":{"line":81,"column":8},"end":{"line":83,"column":9}}]},"15":{"type":"branch","line":84,"loc":{"start":{"line":84,"column":-2},"end":{"line":88,"column":8}},"locations":[{"start":{"line":84,"column":-2},"end":{"line":88,"column":8}}]},"16":{"type":"branch","line":88,"loc":{"start":{"line":88,"column":8},"end":{"line":90,"column":9}},"locations":[{"start":{"line":88,"column":8},"end":{"line":90,"column":9}}]},"17":{"type":"branch","line":91,"loc":{"start":{"line":91,"column":-2},"end":{"line":101,"column":6}},"locations":[{"start":{"line":91,"column":-2},"end":{"line":101,"column":6}}]},"18":{"type":"branch","line":101,"loc":{"start":{"line":101,"column":6},"end":{"line":104,"column":5}},"locations":[{"start":{"line":101,"column":6},"end":{"line":104,"column":5}}]},"19":{"type":"branch","line":86,"loc":{"start":{"line":86,"column":47},"end":{"line":86,"column":81}},"locations":[{"start":{"line":86,"column":47},"end":{"line":86,"column":81}}]},"20":{"type":"branch","line":108,"loc":{"start":{"line":108,"column":23},"end":{"line":135,"column":2}},"locations":[{"start":{"line":108,"column":23},"end":{"line":135,"column":2}}]},"21":{"type":"branch","line":112,"loc":{"start":{"line":112,"column":22},"end":{"line":112,"column":34}},"locations":[{"start":{"line":112,"column":22},"end":{"line":112,"column":34}}]},"22":{"type":"branch","line":112,"loc":{"start":{"line":112,"column":36},"end":{"line":114,"column":9}},"locations":[{"start":{"line":112,"column":36},"end":{"line":114,"column":9}}]},"23":{"type":"branch","line":115,"loc":{"start":{"line":115,"column":-2},"end":{"line":118,"column":19}},"locations":[{"start":{"line":115,"column":-2},"end":{"line":118,"column":19}}]},"24":{"type":"branch","line":118,"loc":{"start":{"line":118,"column":19},"end":{"line":120,"column":9}},"locations":[{"start":{"line":118,"column":19},"end":{"line":120,"column":9}}]},"25":{"type":"branch","line":121,"loc":{"start":{"line":121,"column":-2},"end":{"line":123,"column":22}},"locations":[{"start":{"line":121,"column":-2},"end":{"line":123,"column":22}}]},"26":{"type":"branch","line":123,"loc":{"start":{"line":123,"column":22},"end":{"line":125,"column":9}},"locations":[{"start":{"line":123,"column":22},"end":{"line":125,"column":9}}]},"27":{"type":"branch","line":126,"loc":{"start":{"line":126,"column":-2},"end":{"line":131,"column":6}},"locations":[{"start":{"line":126,"column":-2},"end":{"line":131,"column":6}}]},"28":{"type":"branch","line":131,"loc":{"start":{"line":131,"column":6},"end":{"line":134,"column":5}},"locations":[{"start":{"line":131,"column":6},"end":{"line":134,"column":5}}]},"29":{"type":"branch","line":117,"loc":{"start":{"line":117,"column":39},"end":{"line":117,"column":73}},"locations":[{"start":{"line":117,"column":39},"end":{"line":117,"column":73}}]},"30":{"type":"branch","line":138,"loc":{"start":{"line":138,"column":47},"end":{"line":161,"column":2}},"locations":[{"start":{"line":138,"column":47},"end":{"line":161,"column":2}}]},"31":{"type":"branch","line":141,"loc":{"start":{"line":141,"column":24},"end":{"line":141,"column":41}},"locations":[{"start":{"line":141,"column":24},"end":{"line":141,"column":41}}]},"32":{"type":"branch","line":141,"loc":{"start":{"line":141,"column":42},"end":{"line":141,"column":58}},"locations":[{"start":{"line":141,"column":42},"end":{"line":141,"column":58}}]},"33":{"type":"branch","line":142,"loc":{"start":{"line":142,"column":4},"end":{"line":144,"column":5}},"locations":[{"start":{"line":142,"column":4},"end":{"line":144,"column":5}}]},"34":{"type":"branch","line":145,"loc":{"start":{"line":145,"column":-2},"end":{"line":161,"column":2}},"locations":[{"start":{"line":145,"column":-2},"end":{"line":161,"column":2}}]},"35":{"type":"branch","line":164,"loc":{"start":{"line":164,"column":46},"end":{"line":169,"column":2}},"locations":[{"start":{"line":164,"column":46},"end":{"line":169,"column":2}}]},"36":{"type":"branch","line":172,"loc":{"start":{"line":172,"column":50},"end":{"line":194,"column":2}},"locations":[{"start":{"line":172,"column":50},"end":{"line":194,"column":2}}]},"37":{"type":"branch","line":183,"loc":{"start":{"line":183,"column":-2},"end":{"line":184,"column":23}},"locations":[{"start":{"line":183,"column":-2},"end":{"line":184,"column":23}}]},"38":{"type":"branch","line":184,"loc":{"start":{"line":184,"column":24},"end":{"line":184,"column":41}},"locations":[{"start":{"line":184,"column":24},"end":{"line":184,"column":41}}]},"39":{"type":"branch","line":184,"loc":{"start":{"line":184,"column":42},"end":{"line":184,"column":58}},"locations":[{"start":{"line":184,"column":42},"end":{"line":184,"column":58}}]},"40":{"type":"branch","line":185,"loc":{"start":{"line":185,"column":4},"end":{"line":194,"column":2}},"locations":[{"start":{"line":185,"column":4},"end":{"line":194,"column":2}}]},"41":{"type":"branch","line":197,"loc":{"start":{"line":197,"column":53},"end":{"line":213,"column":2}},"locations":[{"start":{"line":197,"column":53},"end":{"line":213,"column":2}}]},"42":{"type":"branch","line":207,"loc":{"start":{"line":207,"column":-2},"end":{"line":213,"column":2}},"locations":[{"start":{"line":207,"column":-2},"end":{"line":213,"column":2}}]},"43":{"type":"branch","line":218,"loc":{"start":{"line":218,"column":41},"end":{"line":245,"column":2}},"locations":[{"start":{"line":218,"column":41},"end":{"line":245,"column":2}}]},"44":{"type":"branch","line":223,"loc":{"start":{"line":223,"column":18},"end":{"line":223,"column":33}},"locations":[{"start":{"line":223,"column":18},"end":{"line":223,"column":33}}]},"45":{"type":"branch","line":223,"loc":{"start":{"line":223,"column":34},"end":{"line":223,"column":53}},"locations":[{"start":{"line":223,"column":34},"end":{"line":223,"column":53}}]},"46":{"type":"branch","line":223,"loc":{"start":{"line":223,"column":54},"end":{"line":223,"column":77}},"locations":[{"start":{"line":223,"column":54},"end":{"line":223,"column":77}}]},"47":{"type":"branch","line":224,"loc":{"start":{"line":224,"column":8},"end":{"line":226,"column":9}},"locations":[{"start":{"line":224,"column":8},"end":{"line":226,"column":9}}]},"48":{"type":"branch","line":227,"loc":{"start":{"line":227,"column":-2},"end":{"line":232,"column":37}},"locations":[{"start":{"line":227,"column":-2},"end":{"line":232,"column":37}}]},"49":{"type":"branch","line":232,"loc":{"start":{"line":232,"column":37},"end":{"line":232,"column":42}},"locations":[{"start":{"line":232,"column":37},"end":{"line":232,"column":42}}]},"50":{"type":"branch","line":233,"loc":{"start":{"line":233,"column":45},"end":{"line":233,"column":52}},"locations":[{"start":{"line":233,"column":45},"end":{"line":233,"column":52}}]},"51":{"type":"branch","line":234,"loc":{"start":{"line":234,"column":53},"end":{"line":234,"column":60}},"locations":[{"start":{"line":234,"column":53},"end":{"line":234,"column":60}}]},"52":{"type":"branch","line":241,"loc":{"start":{"line":241,"column":6},"end":{"line":244,"column":5}},"locations":[{"start":{"line":241,"column":6},"end":{"line":244,"column":5}}]},"53":{"type":"branch","line":248,"loc":{"start":{"line":248,"column":40},"end":{"line":253,"column":2}},"locations":[{"start":{"line":248,"column":40},"end":{"line":253,"column":2}}]},"54":{"type":"branch","line":251,"loc":{"start":{"line":251,"column":40},"end":{"line":251,"column":78}},"locations":[{"start":{"line":251,"column":40},"end":{"line":251,"column":78}}]},"55":{"type":"branch","line":256,"loc":{"start":{"line":256,"column":44},"end":{"line":279,"column":2}},"locations":[{"start":{"line":256,"column":44},"end":{"line":279,"column":2}}]},"56":{"type":"branch","line":263,"loc":{"start":{"line":263,"column":24},"end":{"line":270,"column":43}},"locations":[{"start":{"line":263,"column":24},"end":{"line":270,"column":43}}]},"57":{"type":"branch","line":270,"loc":{"start":{"line":270,"column":43},"end":{"line":270,"column":94}},"locations":[{"start":{"line":270,"column":43},"end":{"line":270,"column":94}}]},"58":{"type":"branch","line":271,"loc":{"start":{"line":271,"column":-2},"end":{"line":271,"column":47}},"locations":[{"start":{"line":271,"column":-2},"end":{"line":271,"column":47}}]},"59":{"type":"branch","line":271,"loc":{"start":{"line":271,"column":47},"end":{"line":271,"column":106}},"locations":[{"start":{"line":271,"column":47},"end":{"line":271,"column":106}}]},"60":{"type":"branch","line":272,"loc":{"start":{"line":272,"column":-2},"end":{"line":275,"column":6}},"locations":[{"start":{"line":272,"column":-2},"end":{"line":275,"column":6}}]},"61":{"type":"branch","line":275,"loc":{"start":{"line":275,"column":6},"end":{"line":278,"column":5}},"locations":[{"start":{"line":275,"column":6},"end":{"line":278,"column":5}}]},"62":{"type":"branch","line":262,"loc":{"start":{"line":262,"column":42},"end":{"line":262,"column":97}},"locations":[{"start":{"line":262,"column":42},"end":{"line":262,"column":97}}]},"63":{"type":"branch","line":282,"loc":{"start":{"line":282,"column":47},"end":{"line":298,"column":2}},"locations":[{"start":{"line":282,"column":47},"end":{"line":298,"column":2}}]},"64":{"type":"branch","line":288,"loc":{"start":{"line":288,"column":4},"end":{"line":298,"column":2}},"locations":[{"start":{"line":288,"column":4},"end":{"line":298,"column":2}}]},"65":{"type":"branch","line":286,"loc":{"start":{"line":286,"column":38},"end":{"line":286,"column":93}},"locations":[{"start":{"line":286,"column":38},"end":{"line":286,"column":93}}]},"66":{"type":"branch","line":308,"loc":{"start":{"line":308,"column":0},"end":{"line":312,"column":1}},"locations":[{"start":{"line":308,"column":0},"end":{"line":312,"column":1}}]},"67":{"type":"branch","line":319,"loc":{"start":{"line":319,"column":39},"end":{"line":330,"column":2}},"locations":[{"start":{"line":319,"column":39},"end":{"line":330,"column":2}}]},"68":{"type":"branch","line":326,"loc":{"start":{"line":326,"column":6},"end":{"line":329,"column":5}},"locations":[{"start":{"line":326,"column":6},"end":{"line":329,"column":5}}]},"69":{"type":"branch","line":333,"loc":{"start":{"line":333,"column":59},"end":{"line":365,"column":2}},"locations":[{"start":{"line":333,"column":59},"end":{"line":365,"column":2}}]},"70":{"type":"branch","line":341,"loc":{"start":{"line":341,"column":18},"end":{"line":343,"column":9}},"locations":[{"start":{"line":341,"column":18},"end":{"line":343,"column":9}}]},"71":{"type":"branch","line":344,"loc":{"start":{"line":344,"column":-2},"end":{"line":347,"column":46}},"locations":[{"start":{"line":344,"column":-2},"end":{"line":347,"column":46}}]},"72":{"type":"branch","line":347,"loc":{"start":{"line":347,"column":47},"end":{"line":347,"column":64}},"locations":[{"start":{"line":347,"column":47},"end":{"line":347,"column":64}}]},"73":{"type":"branch","line":347,"loc":{"start":{"line":347,"column":65},"end":{"line":347,"column":89}},"locations":[{"start":{"line":347,"column":65},"end":{"line":347,"column":89}}]},"74":{"type":"branch","line":348,"loc":{"start":{"line":348,"column":8},"end":{"line":350,"column":9}},"locations":[{"start":{"line":348,"column":8},"end":{"line":350,"column":9}}]},"75":{"type":"branch","line":351,"loc":{"start":{"line":351,"column":-2},"end":{"line":355,"column":46}},"locations":[{"start":{"line":351,"column":-2},"end":{"line":355,"column":46}}]},"76":{"type":"branch","line":355,"loc":{"start":{"line":355,"column":46},"end":{"line":355,"column":58}},"locations":[{"start":{"line":355,"column":46},"end":{"line":355,"column":58}}]},"77":{"type":"branch","line":355,"loc":{"start":{"line":355,"column":59},"end":{"line":355,"column":66}},"locations":[{"start":{"line":355,"column":59},"end":{"line":355,"column":66}}]},"78":{"type":"branch","line":361,"loc":{"start":{"line":361,"column":6},"end":{"line":364,"column":5}},"locations":[{"start":{"line":361,"column":6},"end":{"line":364,"column":5}}]},"79":{"type":"branch","line":340,"loc":{"start":{"line":340,"column":37},"end":{"line":340,"column":89}},"locations":[{"start":{"line":340,"column":37},"end":{"line":340,"column":89}}]},"80":{"type":"branch","line":340,"loc":{"start":{"line":340,"column":57},"end":{"line":340,"column":89}},"locations":[{"start":{"line":340,"column":57},"end":{"line":340,"column":89}}]},"81":{"type":"branch","line":368,"loc":{"start":{"line":368,"column":66},"end":{"line":404,"column":2}},"locations":[{"start":{"line":368,"column":66},"end":{"line":404,"column":2}}]},"82":{"type":"branch","line":376,"loc":{"start":{"line":376,"column":78},"end":{"line":378,"column":9}},"locations":[{"start":{"line":376,"column":78},"end":{"line":378,"column":9}}]},"83":{"type":"branch","line":379,"loc":{"start":{"line":379,"column":-2},"end":{"line":379,"column":50}},"locations":[{"start":{"line":379,"column":-2},"end":{"line":379,"column":50}}]},"84":{"type":"branch","line":379,"loc":{"start":{"line":379,"column":50},"end":{"line":379,"column":84}},"locations":[{"start":{"line":379,"column":50},"end":{"line":379,"column":84}}]},"85":{"type":"branch","line":379,"loc":{"start":{"line":379,"column":86},"end":{"line":381,"column":9}},"locations":[{"start":{"line":379,"column":86},"end":{"line":381,"column":9}}]},"86":{"type":"branch","line":382,"loc":{"start":{"line":382,"column":-2},"end":{"line":382,"column":47}},"locations":[{"start":{"line":382,"column":-2},"end":{"line":382,"column":47}}]},"87":{"type":"branch","line":382,"loc":{"start":{"line":382,"column":47},"end":{"line":382,"column":78}},"locations":[{"start":{"line":382,"column":47},"end":{"line":382,"column":78}}]},"88":{"type":"branch","line":382,"loc":{"start":{"line":382,"column":80},"end":{"line":384,"column":9}},"locations":[{"start":{"line":382,"column":80},"end":{"line":384,"column":9}}]},"89":{"type":"branch","line":385,"loc":{"start":{"line":385,"column":-2},"end":{"line":385,"column":54}},"locations":[{"start":{"line":385,"column":-2},"end":{"line":385,"column":54}}]},"90":{"type":"branch","line":385,"loc":{"start":{"line":385,"column":54},"end":{"line":385,"column":92}},"locations":[{"start":{"line":385,"column":54},"end":{"line":385,"column":92}}]},"91":{"type":"branch","line":385,"loc":{"start":{"line":385,"column":94},"end":{"line":387,"column":9}},"locations":[{"start":{"line":385,"column":94},"end":{"line":387,"column":9}}]},"92":{"type":"branch","line":388,"loc":{"start":{"line":388,"column":-2},"end":{"line":392,"column":30}},"locations":[{"start":{"line":388,"column":-2},"end":{"line":392,"column":30}}]},"93":{"type":"branch","line":392,"loc":{"start":{"line":392,"column":30},"end":{"line":400,"column":6}},"locations":[{"start":{"line":392,"column":30},"end":{"line":400,"column":6}}]},"94":{"type":"branch","line":400,"loc":{"start":{"line":400,"column":6},"end":{"line":403,"column":5}},"locations":[{"start":{"line":400,"column":6},"end":{"line":403,"column":5}}]},"95":{"type":"branch","line":390,"loc":{"start":{"line":390,"column":54},"end":{"line":390,"column":104}},"locations":[{"start":{"line":390,"column":54},"end":{"line":390,"column":104}}]},"96":{"type":"branch","line":407,"loc":{"start":{"line":407,"column":69},"end":{"line":428,"column":2}},"locations":[{"start":{"line":407,"column":69},"end":{"line":428,"column":2}}]},"97":{"type":"branch","line":416,"loc":{"start":{"line":416,"column":30},"end":{"line":418,"column":9}},"locations":[{"start":{"line":416,"column":30},"end":{"line":418,"column":9}}]},"98":{"type":"branch","line":419,"loc":{"start":{"line":419,"column":-2},"end":{"line":424,"column":6}},"locations":[{"start":{"line":419,"column":-2},"end":{"line":424,"column":6}}]},"99":{"type":"branch","line":424,"loc":{"start":{"line":424,"column":6},"end":{"line":427,"column":5}},"locations":[{"start":{"line":424,"column":6},"end":{"line":427,"column":5}}]},"100":{"type":"branch","line":414,"loc":{"start":{"line":414,"column":54},"end":{"line":414,"column":104}},"locations":[{"start":{"line":414,"column":54},"end":{"line":414,"column":104}}]},"101":{"type":"branch","line":431,"loc":{"start":{"line":431,"column":74},"end":{"line":453,"column":2}},"locations":[{"start":{"line":431,"column":74},"end":{"line":453,"column":2}}]},"102":{"type":"branch","line":441,"loc":{"start":{"line":441,"column":30},"end":{"line":443,"column":9}},"locations":[{"start":{"line":441,"column":30},"end":{"line":443,"column":9}}]},"103":{"type":"branch","line":444,"loc":{"start":{"line":444,"column":-2},"end":{"line":449,"column":6}},"locations":[{"start":{"line":444,"column":-2},"end":{"line":449,"column":6}}]},"104":{"type":"branch","line":449,"loc":{"start":{"line":449,"column":6},"end":{"line":452,"column":5}},"locations":[{"start":{"line":449,"column":6},"end":{"line":452,"column":5}}]},"105":{"type":"branch","line":439,"loc":{"start":{"line":439,"column":54},"end":{"line":439,"column":104}},"locations":[{"start":{"line":439,"column":54},"end":{"line":439,"column":104}}]},"106":{"type":"branch","line":456,"loc":{"start":{"line":456,"column":46},"end":{"line":496,"column":2}},"locations":[{"start":{"line":456,"column":46},"end":{"line":496,"column":2}}]},"107":{"type":"branch","line":492,"loc":{"start":{"line":492,"column":6},"end":{"line":495,"column":5}},"locations":[{"start":{"line":492,"column":6},"end":{"line":495,"column":5}}]},"108":{"type":"branch","line":461,"loc":{"start":{"line":461,"column":44},"end":{"line":461,"column":82}},"locations":[{"start":{"line":461,"column":44},"end":{"line":461,"column":82}}]},"109":{"type":"branch","line":462,"loc":{"start":{"line":462,"column":56},"end":{"line":462,"column":96}},"locations":[{"start":{"line":462,"column":56},"end":{"line":462,"column":96}}]},"110":{"type":"branch","line":464,"loc":{"start":{"line":464,"column":49},"end":{"line":464,"column":76}},"locations":[{"start":{"line":464,"column":49},"end":{"line":464,"column":76}}]},"111":{"type":"branch","line":465,"loc":{"start":{"line":465,"column":51},"end":{"line":465,"column":107}},"locations":[{"start":{"line":465,"column":51},"end":{"line":465,"column":107}}]},"112":{"type":"branch","line":465,"loc":{"start":{"line":465,"column":80},"end":{"line":465,"column":107}},"locations":[{"start":{"line":465,"column":80},"end":{"line":465,"column":107}}]},"113":{"type":"branch","line":467,"loc":{"start":{"line":467,"column":38},"end":{"line":480,"column":9}},"locations":[{"start":{"line":467,"column":38},"end":{"line":480,"column":9}}]},"114":{"type":"branch","line":469,"loc":{"start":{"line":469,"column":56},"end":{"line":469,"column":85}},"locations":[{"start":{"line":469,"column":56},"end":{"line":469,"column":85}}]},"115":{"type":"branch","line":470,"loc":{"start":{"line":470,"column":55},"end":{"line":470,"column":82}},"locations":[{"start":{"line":470,"column":55},"end":{"line":470,"column":82}}]},"116":{"type":"branch","line":471,"loc":{"start":{"line":471,"column":57},"end":{"line":471,"column":113}},"locations":[{"start":{"line":471,"column":57},"end":{"line":471,"column":113}}]},"117":{"type":"branch","line":471,"loc":{"start":{"line":471,"column":86},"end":{"line":471,"column":113}},"locations":[{"start":{"line":471,"column":86},"end":{"line":471,"column":113}}]},"118":{"type":"branch","line":499,"loc":{"start":{"line":499,"column":54},"end":{"line":564,"column":2}},"locations":[{"start":{"line":499,"column":54},"end":{"line":564,"column":2}}]},"119":{"type":"branch","line":509,"loc":{"start":{"line":509,"column":18},"end":{"line":511,"column":9}},"locations":[{"start":{"line":509,"column":18},"end":{"line":511,"column":9}}]},"120":{"type":"branch","line":512,"loc":{"start":{"line":512,"column":-2},"end":{"line":542,"column":8}},"locations":[{"start":{"line":512,"column":-2},"end":{"line":542,"column":8}}]},"121":{"type":"branch","line":542,"loc":{"start":{"line":542,"column":8},"end":{"line":554,"column":9}},"locations":[{"start":{"line":542,"column":8},"end":{"line":554,"column":9}}]},"122":{"type":"branch","line":554,"loc":{"start":{"line":554,"column":9},"end":{"line":559,"column":9}},"locations":[{"start":{"line":554,"column":9},"end":{"line":559,"column":9}}]},"123":{"type":"branch","line":560,"loc":{"start":{"line":560,"column":6},"end":{"line":563,"column":5}},"locations":[{"start":{"line":560,"column":6},"end":{"line":563,"column":5}}]},"124":{"type":"branch","line":508,"loc":{"start":{"line":508,"column":37},"end":{"line":508,"column":89}},"locations":[{"start":{"line":508,"column":37},"end":{"line":508,"column":89}}]},"125":{"type":"branch","line":508,"loc":{"start":{"line":508,"column":57},"end":{"line":508,"column":89}},"locations":[{"start":{"line":508,"column":57},"end":{"line":508,"column":89}}]},"126":{"type":"branch","line":514,"loc":{"start":{"line":514,"column":52},"end":{"line":514,"column":80}},"locations":[{"start":{"line":514,"column":52},"end":{"line":514,"column":80}}]},"127":{"type":"branch","line":529,"loc":{"start":{"line":529,"column":39},"end":{"line":537,"column":14}},"locations":[{"start":{"line":529,"column":39},"end":{"line":537,"column":14}}]},"128":{"type":"branch","line":535,"loc":{"start":{"line":535,"column":34},"end":{"line":535,"column":42}},"locations":[{"start":{"line":535,"column":34},"end":{"line":535,"column":42}}]},"129":{"type":"branch","line":545,"loc":{"start":{"line":545,"column":43},"end":{"line":546,"column":242}},"locations":[{"start":{"line":545,"column":43},"end":{"line":546,"column":242}}]},"130":{"type":"branch","line":546,"loc":{"start":{"line":546,"column":50},"end":{"line":546,"column":55}},"locations":[{"start":{"line":546,"column":50},"end":{"line":546,"column":55}}]},"131":{"type":"branch","line":546,"loc":{"start":{"line":546,"column":211},"end":{"line":546,"column":219}},"locations":[{"start":{"line":546,"column":211},"end":{"line":546,"column":219}}]},"132":{"type":"branch","line":567,"loc":{"start":{"line":567,"column":48},"end":{"line":653,"column":2}},"locations":[{"start":{"line":567,"column":48},"end":{"line":653,"column":2}}]},"133":{"type":"branch","line":577,"loc":{"start":{"line":577,"column":28},"end":{"line":577,"column":53}},"locations":[{"start":{"line":577,"column":28},"end":{"line":577,"column":53}}]},"134":{"type":"branch","line":578,"loc":{"start":{"line":578,"column":8},"end":{"line":588,"column":9}},"locations":[{"start":{"line":578,"column":8},"end":{"line":588,"column":9}}]},"135":{"type":"branch","line":583,"loc":{"start":{"line":583,"column":57},"end":{"line":583,"column":62}},"locations":[{"start":{"line":583,"column":57},"end":{"line":583,"column":62}}]},"136":{"type":"branch","line":584,"loc":{"start":{"line":584,"column":65},"end":{"line":584,"column":72}},"locations":[{"start":{"line":584,"column":65},"end":{"line":584,"column":72}}]},"137":{"type":"branch","line":585,"loc":{"start":{"line":585,"column":73},"end":{"line":585,"column":80}},"locations":[{"start":{"line":585,"column":73},"end":{"line":585,"column":80}}]},"138":{"type":"branch","line":587,"loc":{"start":{"line":587,"column":52},"end":{"line":587,"column":57}},"locations":[{"start":{"line":587,"column":52},"end":{"line":587,"column":57}}]},"139":{"type":"branch","line":588,"loc":{"start":{"line":588,"column":9},"end":{"line":590,"column":9}},"locations":[{"start":{"line":588,"column":9},"end":{"line":590,"column":9}}]},"140":{"type":"branch","line":591,"loc":{"start":{"line":591,"column":-2},"end":{"line":593,"column":26}},"locations":[{"start":{"line":591,"column":-2},"end":{"line":593,"column":26}}]},"141":{"type":"branch","line":593,"loc":{"start":{"line":593,"column":26},"end":{"line":593,"column":55}},"locations":[{"start":{"line":593,"column":26},"end":{"line":593,"column":55}}]},"142":{"type":"branch","line":594,"loc":{"start":{"line":594,"column":8},"end":{"line":596,"column":9}},"locations":[{"start":{"line":594,"column":8},"end":{"line":596,"column":9}}]},"143":{"type":"branch","line":597,"loc":{"start":{"line":597,"column":-2},"end":{"line":646,"column":6}},"locations":[{"start":{"line":597,"column":-2},"end":{"line":646,"column":6}}]},"144":{"type":"branch","line":646,"loc":{"start":{"line":646,"column":6},"end":{"line":652,"column":5}},"locations":[{"start":{"line":646,"column":6},"end":{"line":652,"column":5}}]},"145":{"type":"branch","line":650,"loc":{"start":{"line":650,"column":35},"end":{"line":650,"column":60}},"locations":[{"start":{"line":650,"column":35},"end":{"line":650,"column":60}}]},"146":{"type":"branch","line":615,"loc":{"start":{"line":615,"column":31},"end":{"line":634,"column":9}},"locations":[{"start":{"line":615,"column":31},"end":{"line":634,"column":9}}]},"147":{"type":"branch","line":617,"loc":{"start":{"line":617,"column":33},"end":{"line":617,"column":56}},"locations":[{"start":{"line":617,"column":33},"end":{"line":617,"column":56}}]},"148":{"type":"branch","line":618,"loc":{"start":{"line":618,"column":12},"end":{"line":633,"column":13}},"locations":[{"start":{"line":618,"column":12},"end":{"line":633,"column":13}}]},"149":{"type":"branch","line":625,"loc":{"start":{"line":625,"column":48},"end":{"line":625,"column":73}},"locations":[{"start":{"line":625,"column":48},"end":{"line":625,"column":73}}]},"150":{"type":"branch","line":626,"loc":{"start":{"line":626,"column":62},"end":{"line":626,"column":91}},"locations":[{"start":{"line":626,"column":62},"end":{"line":626,"column":91}}]},"151":{"type":"branch","line":627,"loc":{"start":{"line":627,"column":42},"end":{"line":627,"column":50}},"locations":[{"start":{"line":627,"column":42},"end":{"line":627,"column":50}}]}},"b":{"0":[161],"1":[101],"2":[1],"3":[1],"4":[1],"5":[91],"6":[90],"7":[1],"8":[90],"9":[90],"10":[1],"11":[89],"12":[47],"13":[46],"14":[2],"15":[45],"16":[1],"17":[44],"18":[0],"19":[1],"20":[45],"21":[44],"22":[2],"23":[43],"24":[1],"25":[42],"26":[1],"27":[41],"28":[0],"29":[42],"30":[6],"31":[5],"32":[5],"33":[1],"34":[5],"35":[1],"36":[3],"37":[0],"38":[0],"39":[0],"40":[0],"41":[2],"42":[0],"43":[29],"44":[28],"45":[28],"46":[28],"47":[1],"48":[28],"49":[0],"50":[0],"51":[0],"52":[0],"53":[1],"54":[1],"55":[2],"56":[1],"57":[0],"58":[1],"59":[0],"60":[1],"61":[0],"62":[1],"63":[2],"64":[1],"65":[1],"66":[1],"67":[1],"68":[0],"69":[21],"70":[1],"71":[20],"72":[19],"73":[19],"74":[1],"75":[19],"76":[16],"77":[3],"78":[0],"79":[21],"80":[20],"81":[3],"82":[1],"83":[2],"84":[1],"85":[0],"86":[2],"87":[0],"88":[0],"89":[2],"90":[0],"91":[0],"92":[2],"93":[1],"94":[0],"95":[1],"96":[3],"97":[1],"98":[2],"99":[1],"100":[2],"101":[3],"102":[1],"103":[2],"104":[1],"105":[2],"106":[2],"107":[1],"108":[1],"109":[2],"110":[2],"111":[2],"112":[1],"113":[1],"114":[2],"115":[2],"116":[2],"117":[1],"118":[5],"119":[1],"120":[3],"121":[1],"122":[2],"123":[1],"124":[4],"125":[3],"126":[3],"127":[3],"128":[1],"129":[1],"130":[0],"131":[0],"132":[5],"133":[4],"134":[4],"135":[0],"136":[0],"137":[0],"138":[0],"139":[1],"140":[4],"141":[3],"142":[1],"143":[3],"144":[1],"145":[0],"146":[5],"147":[4],"148":[3],"149":[1],"150":[1],"151":[2]},"fnMap":{"0":{"name":"readDB","decl":{"start":{"line":25,"column":0},"end":{"line":28,"column":1}},"loc":{"start":{"line":25,"column":0},"end":{"line":28,"column":1}},"line":25},"1":{"name":"writeDB","decl":{"start":{"line":30,"column":0},"end":{"line":33,"column":1}},"loc":{"start":{"line":30,"column":0},"end":{"line":33,"column":1}},"line":30},"2":{"name":"authenticateToken","decl":{"start":{"line":57,"column":0},"end":{"line":73,"column":1}},"loc":{"start":{"line":57,"column":0},"end":{"line":73,"column":1}},"line":57},"3":{"name":"addFlashcardToSet","decl":{"start":{"line":301,"column":0},"end":{"line":306,"column":1}},"loc":{"start":{"line":301,"column":0},"end":{"line":306,"column":1}},"line":301},"4":{"name":"getFlashcardsBySet","decl":{"start":{"line":308,"column":0},"end":{"line":312,"column":1}},"loc":{"start":{"line":308,"column":0},"end":{"line":312,"column":1}},"line":308}},"f":{"0":161,"1":101,"2":91,"3":0,"4":1}}
}
